2019-02-18 10:33:48,899 | INFO  | Refreshing org.apache.activemq.xbean.XBeanBrokerFactory$1@71994f6d: startup date [Mon Feb 18 10:33:48 CST 2019]; root of context hierarchy | org.apache.activemq.xbean.XBeanBrokerFactory$1 | WrapperSimpleAppMain
2019-02-18 10:33:53,031 | INFO  | Using Persistence Adapter: KahaDBPersistenceAdapter[C:\Users\jjj\Desktop\activemq\apache-activemq-5.15.8\bin\win64\..\..\data\kahadb] | org.apache.activemq.broker.BrokerService | WrapperSimpleAppMain
2019-02-18 10:33:54,391 | INFO  | PListStore:[C:\Users\jjj\Desktop\activemq\apache-activemq-5.15.8\bin\win64\..\..\data\localhost\tmp_storage] started | org.apache.activemq.store.kahadb.plist.PListStoreImpl | WrapperSimpleAppMain
2019-02-18 10:33:54,549 | INFO  | Apache ActiveMQ 5.15.8 (localhost, ID:DESKTOP-S8SP8AP-57000-1550457234407-0:1) is starting | org.apache.activemq.broker.BrokerService | WrapperSimpleAppMain
2019-02-18 10:33:54,602 | INFO  | Listening for connections at: tcp://DESKTOP-S8SP8AP:61616?maximumConnections=1000&wireFormat.maxFrameSize=104857600 | org.apache.activemq.transport.TransportServerThreadSupport | WrapperSimpleAppMain
2019-02-18 10:33:54,604 | INFO  | Connector openwire started | org.apache.activemq.broker.TransportConnector | WrapperSimpleAppMain
2019-02-18 10:33:54,611 | INFO  | Listening for connections at: amqp://DESKTOP-S8SP8AP:5672?maximumConnections=1000&wireFormat.maxFrameSize=104857600 | org.apache.activemq.transport.TransportServerThreadSupport | WrapperSimpleAppMain
2019-02-18 10:33:54,613 | INFO  | Connector amqp started | org.apache.activemq.broker.TransportConnector | WrapperSimpleAppMain
2019-02-18 10:33:54,619 | INFO  | Listening for connections at: stomp://DESKTOP-S8SP8AP:61613?maximumConnections=1000&wireFormat.maxFrameSize=104857600 | org.apache.activemq.transport.TransportServerThreadSupport | WrapperSimpleAppMain
2019-02-18 10:33:54,628 | INFO  | Connector stomp started | org.apache.activemq.broker.TransportConnector | WrapperSimpleAppMain
2019-02-18 10:33:54,633 | INFO  | Listening for connections at: mqtt://DESKTOP-S8SP8AP:1883?maximumConnections=1000&wireFormat.maxFrameSize=104857600 | org.apache.activemq.transport.TransportServerThreadSupport | WrapperSimpleAppMain
2019-02-18 10:33:54,634 | INFO  | Connector mqtt started | org.apache.activemq.broker.TransportConnector | WrapperSimpleAppMain
2019-02-18 10:33:54,642 | INFO  | Starting Jetty server | org.apache.activemq.transport.WebTransportServerSupport | WrapperSimpleAppMain
2019-02-18 10:33:54,714 | INFO  | Creating Jetty connector | org.apache.activemq.transport.WebTransportServerSupport | WrapperSimpleAppMain
2019-02-18 10:33:54,817 | WARN  | ServletContext@o.e.j.s.ServletContextHandler@4f3d0c51{/,null,STARTING} has uncovered http methods for path: / | org.eclipse.jetty.security.SecurityHandler | WrapperSimpleAppMain
2019-02-18 10:33:54,972 | INFO  | Listening for connections at ws://DESKTOP-S8SP8AP:61614?maximumConnections=1000&wireFormat.maxFrameSize=104857600 | org.apache.activemq.transport.ws.WSTransportServer | WrapperSimpleAppMain
2019-02-18 10:33:54,973 | INFO  | Connector ws started | org.apache.activemq.broker.TransportConnector | WrapperSimpleAppMain
2019-02-18 10:33:54,975 | INFO  | Apache ActiveMQ 5.15.8 (localhost, ID:DESKTOP-S8SP8AP-57000-1550457234407-0:1) started | org.apache.activemq.broker.BrokerService | WrapperSimpleAppMain
2019-02-18 10:33:54,977 | INFO  | For help or more information please see: http://activemq.apache.org | org.apache.activemq.broker.BrokerService | WrapperSimpleAppMain
2019-02-18 10:33:54,979 | WARN  | Store limit is 102400 mb (current store usage is 0 mb). The data directory: C:\Users\jjj\Desktop\activemq\apache-activemq-5.15.8\bin\win64\..\..\data\kahadb only has 11628 mb of usable space. - resetting to maximum available disk space: 11628 mb | org.apache.activemq.broker.BrokerService | WrapperSimpleAppMain
2019-02-18 10:33:54,983 | WARN  | Temporary Store limit is 51200 mb (current store usage is 0 mb). The data directory: C:\Users\jjj\Desktop\activemq\apache-activemq-5.15.8\bin\win64\..\..\data only has 11628 mb of usable space. - resetting to maximum available disk space: 11628 mb | org.apache.activemq.broker.BrokerService | WrapperSimpleAppMain
2019-02-18 10:33:56,665 | INFO  | No Spring WebApplicationInitializer types detected on classpath | /admin | WrapperSimpleAppMain
2019-02-18 10:33:58,221 | INFO  | ActiveMQ WebConsole available at http://0.0.0.0:8161/ | org.apache.activemq.web.WebConsoleStarter | WrapperSimpleAppMain
2019-02-18 10:33:58,222 | INFO  | ActiveMQ Jolokia REST API available at http://0.0.0.0:8161/api/jolokia/ | org.apache.activemq.web.WebConsoleStarter | WrapperSimpleAppMain
2019-02-18 10:33:58,461 | INFO  | Initializing Spring FrameworkServlet 'dispatcher' | /admin | WrapperSimpleAppMain
2019-02-18 10:33:59,044 | INFO  | No Spring WebApplicationInitializer types detected on classpath | /api | WrapperSimpleAppMain
2019-02-18 10:33:59,293 | INFO  | jolokia-agent: Using policy access restrictor classpath:/jolokia-access.xml | /api | WrapperSimpleAppMain
2019-02-18 11:39:43,931 | INFO  | Connector vm://localhost started | org.apache.activemq.broker.TransportConnector | qtp1796433008-45
2019-02-18 11:40:43,446 | INFO  | Apache ActiveMQ 5.15.8 (localhost, ID:DESKTOP-S8SP8AP-57000-1550457234407-0:1) is shutting down | org.apache.activemq.broker.BrokerService | Thread-25
2019-02-18 11:40:43,547 | INFO  | Connector openwire stopped | org.apache.activemq.broker.TransportConnector | Thread-25
2019-02-18 11:40:43,550 | INFO  | Connector amqp stopped | org.apache.activemq.broker.TransportConnector | Thread-25
2019-02-18 11:40:43,553 | INFO  | Connector stomp stopped | org.apache.activemq.broker.TransportConnector | Thread-25
2019-02-18 11:40:43,556 | INFO  | Connector mqtt stopped | org.apache.activemq.broker.TransportConnector | Thread-25
2019-02-18 11:40:43,646 | INFO  | Connector ws stopped | org.apache.activemq.broker.TransportConnector | Thread-25
2019-02-18 11:40:43,651 | INFO  | Connector vm://localhost stopped | org.apache.activemq.broker.TransportConnector | Thread-25
2019-02-18 11:40:43,705 | INFO  | PListStore:[C:\Users\jjj\Desktop\activemq\apache-activemq-5.15.8\bin\win64\..\..\data\localhost\tmp_storage] stopped | org.apache.activemq.store.kahadb.plist.PListStoreImpl | Thread-25
2019-02-18 11:40:43,714 | INFO  | Stopping async queue tasks | org.apache.activemq.store.kahadb.KahaDBStore | Thread-25
2019-02-18 11:40:43,716 | INFO  | Stopping async topic tasks | org.apache.activemq.store.kahadb.KahaDBStore | Thread-25
2019-02-18 11:40:43,719 | INFO  | Stopped KahaDB | org.apache.activemq.store.kahadb.KahaDBStore | Thread-25
2019-02-18 11:40:44,057 | INFO  | Apache ActiveMQ 5.15.8 (localhost, ID:DESKTOP-S8SP8AP-57000-1550457234407-0:1) uptime 1 hour 6 minutes | org.apache.activemq.broker.BrokerService | Thread-25
2019-02-18 11:40:44,061 | INFO  | Apache ActiveMQ 5.15.8 (localhost, ID:DESKTOP-S8SP8AP-57000-1550457234407-0:1) is shutdown | org.apache.activemq.broker.BrokerService | Thread-25
2019-02-18 11:40:44,068 | INFO  | Closing org.apache.activemq.xbean.XBeanBrokerFactory$1@71994f6d: startup date [Mon Feb 18 10:33:48 CST 2019]; root of context hierarchy | org.apache.activemq.xbean.XBeanBrokerFactory$1 | Thread-25
2019-02-18 11:40:44,159 | INFO  | Destroying Spring FrameworkServlet 'dispatcher' | /admin | Thread-25
2019-02-18 14:08:31,915 | INFO  | Refreshing org.apache.activemq.xbean.XBeanBrokerFactory$1@4f11d339: startup date [Mon Feb 18 14:08:31 CST 2019]; root of context hierarchy | org.apache.activemq.xbean.XBeanBrokerFactory$1 | WrapperSimpleAppMain
2019-02-18 14:08:35,511 | INFO  | Using Persistence Adapter: KahaDBPersistenceAdapter[C:\Users\jjj\Desktop\activemq\apache-activemq-5.15.8\bin\win64\..\..\data\kahadb] | org.apache.activemq.broker.BrokerService | WrapperSimpleAppMain
2019-02-18 14:08:36,251 | INFO  | KahaDB is version 6 | org.apache.activemq.store.kahadb.MessageDatabase | WrapperSimpleAppMain
2019-02-18 14:08:36,475 | INFO  | PListStore:[C:\Users\jjj\Desktop\activemq\apache-activemq-5.15.8\bin\win64\..\..\data\localhost\tmp_storage] started | org.apache.activemq.store.kahadb.plist.PListStoreImpl | WrapperSimpleAppMain
2019-02-18 14:08:36,657 | INFO  | Apache ActiveMQ 5.15.8 (localhost, ID:DESKTOP-S8SP8AP-50490-1550470116487-0:1) is starting | org.apache.activemq.broker.BrokerService | WrapperSimpleAppMain
2019-02-18 14:08:37,131 | ERROR | Failed to start Apache ActiveMQ (localhost, ID:DESKTOP-S8SP8AP-50490-1550470116487-0:1) | org.apache.activemq.broker.BrokerService | WrapperSimpleAppMain
java.io.IOException: Transport Connector could not be registered in JMX: java.io.IOException: Failed to bind to server socket: tcp://0.0.0.0:61616?maximumConnections=1000&wireFormat.maxFrameSize=104857600 due to: java.net.BindException: Address already in use: JVM_Bind
	at org.apache.activemq.util.IOExceptionSupport.create(IOExceptionSupport.java:28)[activemq-client-5.15.8.jar:5.15.8]
	at org.apache.activemq.broker.BrokerService.registerConnectorMBean(BrokerService.java:2264)[activemq-broker-5.15.8.jar:5.15.8]
	at org.apache.activemq.broker.BrokerService.startTransportConnector(BrokerService.java:2744)[activemq-broker-5.15.8.jar:5.15.8]
	at org.apache.activemq.broker.BrokerService.startAllConnectors(BrokerService.java:2640)[activemq-broker-5.15.8.jar:5.15.8]
	at org.apache.activemq.broker.BrokerService.doStartBroker(BrokerService.java:771)[activemq-broker-5.15.8.jar:5.15.8]
	at org.apache.activemq.broker.BrokerService.startBroker(BrokerService.java:733)[activemq-broker-5.15.8.jar:5.15.8]
	at org.apache.activemq.broker.BrokerService.start(BrokerService.java:636)[activemq-broker-5.15.8.jar:5.15.8]
	at org.apache.activemq.xbean.XBeanBrokerService.afterPropertiesSet(XBeanBrokerService.java:73)[activemq-spring-5.15.8.jar:5.15.8]
	at sun.reflect.NativeMethodAccessorImpl.invoke0(Native Method)[:1.8.0_201]
	at sun.reflect.NativeMethodAccessorImpl.invoke(Unknown Source)[:1.8.0_201]
	at sun.reflect.DelegatingMethodAccessorImpl.invoke(Unknown Source)[:1.8.0_201]
	at java.lang.reflect.Method.invoke(Unknown Source)[:1.8.0_201]
	at org.springframework.beans.factory.support.AbstractAutowireCapableBeanFactory.invokeCustomInitMethod(AbstractAutowireCapableBeanFactory.java:1763)[spring-beans-4.3.18.RELEASE.jar:4.3.18.RELEASE]
	at org.springframework.beans.factory.support.AbstractAutowireCapableBeanFactory.invokeInitMethods(AbstractAutowireCapableBeanFactory.java:1700)[spring-beans-4.3.18.RELEASE.jar:4.3.18.RELEASE]
	at org.springframework.beans.factory.support.AbstractAutowireCapableBeanFactory.initializeBean(AbstractAutowireCapableBeanFactory.java:1630)[spring-beans-4.3.18.RELEASE.jar:4.3.18.RELEASE]
	at org.springframework.beans.factory.support.AbstractAutowireCapableBeanFactory.doCreateBean(AbstractAutowireCapableBeanFactory.java:555)[spring-beans-4.3.18.RELEASE.jar:4.3.18.RELEASE]
	at org.springframework.beans.factory.support.AbstractAutowireCapableBeanFactory.createBean(AbstractAutowireCapableBeanFactory.java:483)[spring-beans-4.3.18.RELEASE.jar:4.3.18.RELEASE]
	at org.springframework.beans.factory.support.AbstractBeanFactory$1.getObject(AbstractBeanFactory.java:312)[spring-beans-4.3.18.RELEASE.jar:4.3.18.RELEASE]
	at org.springframework.beans.factory.support.DefaultSingletonBeanRegistry.getSingleton(DefaultSingletonBeanRegistry.java:230)[spring-beans-4.3.18.RELEASE.jar:4.3.18.RELEASE]
	at org.springframework.beans.factory.support.AbstractBeanFactory.doGetBean(AbstractBeanFactory.java:308)[spring-beans-4.3.18.RELEASE.jar:4.3.18.RELEASE]
	at org.springframework.beans.factory.support.AbstractBeanFactory.getBean(AbstractBeanFactory.java:197)[spring-beans-4.3.18.RELEASE.jar:4.3.18.RELEASE]
	at org.springframework.beans.factory.support.DefaultListableBeanFactory.preInstantiateSingletons(DefaultListableBeanFactory.java:761)[spring-beans-4.3.18.RELEASE.jar:4.3.18.RELEASE]
	at org.springframework.context.support.AbstractApplicationContext.finishBeanFactoryInitialization(AbstractApplicationContext.java:867)[spring-context-4.3.18.RELEASE.jar:4.3.18.RELEASE]
	at org.springframework.context.support.AbstractApplicationContext.refresh(AbstractApplicationContext.java:543)[spring-context-4.3.18.RELEASE.jar:4.3.18.RELEASE]
	at org.apache.xbean.spring.context.ResourceXmlApplicationContext.<init>(ResourceXmlApplicationContext.java:64)[xbean-spring-4.2.jar:4.2]
	at org.apache.xbean.spring.context.ResourceXmlApplicationContext.<init>(ResourceXmlApplicationContext.java:52)[xbean-spring-4.2.jar:4.2]
	at org.apache.activemq.xbean.XBeanBrokerFactory$1.<init>(XBeanBrokerFactory.java:104)[activemq-spring-5.15.8.jar:5.15.8]
	at org.apache.activemq.xbean.XBeanBrokerFactory.createApplicationContext(XBeanBrokerFactory.java:104)[activemq-spring-5.15.8.jar:5.15.8]
	at org.apache.activemq.xbean.XBeanBrokerFactory.createBroker(XBeanBrokerFactory.java:67)[activemq-spring-5.15.8.jar:5.15.8]
	at org.apache.activemq.broker.BrokerFactory.createBroker(BrokerFactory.java:71)[activemq-broker-5.15.8.jar:5.15.8]
	at org.apache.activemq.broker.BrokerFactory.createBroker(BrokerFactory.java:54)[activemq-broker-5.15.8.jar:5.15.8]
	at org.apache.activemq.console.command.StartCommand.runTask(StartCommand.java:87)[activemq-console-5.15.8.jar:5.15.8]
	at org.apache.activemq.console.command.AbstractCommand.execute(AbstractCommand.java:63)[activemq-console-5.15.8.jar:5.15.8]
	at org.apache.activemq.console.command.ShellCommand.runTask(ShellCommand.java:154)[activemq-console-5.15.8.jar:5.15.8]
	at org.apache.activemq.console.command.AbstractCommand.execute(AbstractCommand.java:63)[activemq-console-5.15.8.jar:5.15.8]
	at org.apache.activemq.console.command.ShellCommand.main(ShellCommand.java:104)[activemq-console-5.15.8.jar:5.15.8]
	at sun.reflect.NativeMethodAccessorImpl.invoke0(Native Method)[:1.8.0_201]
	at sun.reflect.NativeMethodAccessorImpl.invoke(Unknown Source)[:1.8.0_201]
	at sun.reflect.DelegatingMethodAccessorImpl.invoke(Unknown Source)[:1.8.0_201]
	at java.lang.reflect.Method.invoke(Unknown Source)[:1.8.0_201]
	at org.apache.activemq.console.Main.runTaskClass(Main.java:262)[activemq.jar:5.15.8]
	at org.apache.activemq.console.Main.main(Main.java:115)[activemq.jar:5.15.8]
	at sun.reflect.NativeMethodAccessorImpl.invoke0(Native Method)[:1.8.0_201]
	at sun.reflect.NativeMethodAccessorImpl.invoke(Unknown Source)[:1.8.0_201]
	at sun.reflect.DelegatingMethodAccessorImpl.invoke(Unknown Source)[:1.8.0_201]
	at java.lang.reflect.Method.invoke(Unknown Source)[:1.8.0_201]
	at org.tanukisoftware.wrapper.WrapperSimpleApp.run(WrapperSimpleApp.java:240)[wrapper.jar:3.2.3]
	at java.lang.Thread.run(Unknown Source)[:1.8.0_201]
2019-02-18 14:08:37,217 | INFO  | Apache ActiveMQ 5.15.8 (localhost, ID:DESKTOP-S8SP8AP-50490-1550470116487-0:1) is shutting down | org.apache.activemq.broker.BrokerService | WrapperSimpleAppMain
2019-02-18 14:08:37,224 | INFO  | Connector openwire stopped | org.apache.activemq.broker.TransportConnector | WrapperSimpleAppMain
2019-02-18 14:08:37,227 | INFO  | Connector amqp stopped | org.apache.activemq.broker.TransportConnector | WrapperSimpleAppMain
2019-02-18 14:08:37,228 | INFO  | Connector stomp stopped | org.apache.activemq.broker.TransportConnector | WrapperSimpleAppMain
2019-02-18 14:08:37,229 | INFO  | Connector mqtt stopped | org.apache.activemq.broker.TransportConnector | WrapperSimpleAppMain
2019-02-18 14:08:37,231 | INFO  | Connector ws stopped | org.apache.activemq.broker.TransportConnector | WrapperSimpleAppMain
2019-02-18 14:08:37,239 | INFO  | PListStore:[C:\Users\jjj\Desktop\activemq\apache-activemq-5.15.8\bin\win64\..\..\data\localhost\tmp_storage] stopped | org.apache.activemq.store.kahadb.plist.PListStoreImpl | WrapperSimpleAppMain
2019-02-18 14:08:37,241 | INFO  | Stopping async queue tasks | org.apache.activemq.store.kahadb.KahaDBStore | WrapperSimpleAppMain
2019-02-18 14:08:37,242 | INFO  | Stopping async topic tasks | org.apache.activemq.store.kahadb.KahaDBStore | WrapperSimpleAppMain
2019-02-18 14:08:37,243 | INFO  | Stopped KahaDB | org.apache.activemq.store.kahadb.KahaDBStore | WrapperSimpleAppMain
2019-02-18 14:08:37,507 | INFO  | Apache ActiveMQ 5.15.8 (localhost, ID:DESKTOP-S8SP8AP-50490-1550470116487-0:1) uptime 2.015 seconds | org.apache.activemq.broker.BrokerService | WrapperSimpleAppMain
2019-02-18 14:08:37,511 | INFO  | Apache ActiveMQ 5.15.8 (localhost, ID:DESKTOP-S8SP8AP-50490-1550470116487-0:1) is shutdown | org.apache.activemq.broker.BrokerService | WrapperSimpleAppMain
2019-02-18 14:08:37,513 | INFO  | Closing org.apache.activemq.xbean.XBeanBrokerFactory$1@4f11d339: startup date [Mon Feb 18 14:08:31 CST 2019]; root of context hierarchy | org.apache.activemq.xbean.XBeanBrokerFactory$1 | WrapperSimpleAppMain
2019-02-18 14:08:37,586 | WARN  | Exception encountered during context initialization - cancelling refresh attempt: org.springframework.beans.factory.BeanCreationException: Error creating bean with name 'org.apache.activemq.xbean.XBeanBrokerService#0' defined in class path resource [activemq.xml]: Invocation of init method failed; nested exception is java.io.IOException: Transport Connector could not be registered in JMX: java.io.IOException: Failed to bind to server socket: tcp://0.0.0.0:61616?maximumConnections=1000&wireFormat.maxFrameSize=104857600 due to: java.net.BindException: Address already in use: JVM_Bind | org.apache.activemq.xbean.XBeanBrokerFactory$1 | WrapperSimpleAppMain
2019-02-18 14:09:52,886 | INFO  | Refreshing org.apache.activemq.xbean.XBeanBrokerFactory$1@c0a24c7: startup date [Mon Feb 18 14:09:52 CST 2019]; root of context hierarchy | org.apache.activemq.xbean.XBeanBrokerFactory$1 | WrapperSimpleAppMain
2019-02-18 14:09:54,237 | INFO  | Using Persistence Adapter: KahaDBPersistenceAdapter[C:\Users\jjj\Desktop\activemq\apache-activemq-5.15.8\bin\win64\..\..\data\kahadb] | org.apache.activemq.broker.BrokerService | WrapperSimpleAppMain
2019-02-18 14:09:54,460 | INFO  | KahaDB is version 6 | org.apache.activemq.store.kahadb.MessageDatabase | WrapperSimpleAppMain
2019-02-18 14:09:54,524 | INFO  | PListStore:[C:\Users\jjj\Desktop\activemq\apache-activemq-5.15.8\bin\win64\..\..\data\localhost\tmp_storage] started | org.apache.activemq.store.kahadb.plist.PListStoreImpl | WrapperSimpleAppMain
2019-02-18 14:09:54,733 | INFO  | Apache ActiveMQ 5.15.8 (localhost, ID:DESKTOP-S8SP8AP-50583-1550470194536-0:1) is starting | org.apache.activemq.broker.BrokerService | WrapperSimpleAppMain
2019-02-18 14:09:54,826 | ERROR | Failed to start Apache ActiveMQ (localhost, ID:DESKTOP-S8SP8AP-50583-1550470194536-0:1) | org.apache.activemq.broker.BrokerService | WrapperSimpleAppMain
java.io.IOException: Transport Connector could not be registered in JMX: java.io.IOException: Failed to bind to server socket: tcp://0.0.0.0:61616?maximumConnections=1000&wireFormat.maxFrameSize=104857600 due to: java.net.BindException: Address already in use: JVM_Bind
	at org.apache.activemq.util.IOExceptionSupport.create(IOExceptionSupport.java:28)[activemq-client-5.15.8.jar:5.15.8]
	at org.apache.activemq.broker.BrokerService.registerConnectorMBean(BrokerService.java:2264)[activemq-broker-5.15.8.jar:5.15.8]
	at org.apache.activemq.broker.BrokerService.startTransportConnector(BrokerService.java:2744)[activemq-broker-5.15.8.jar:5.15.8]
	at org.apache.activemq.broker.BrokerService.startAllConnectors(BrokerService.java:2640)[activemq-broker-5.15.8.jar:5.15.8]
	at org.apache.activemq.broker.BrokerService.doStartBroker(BrokerService.java:771)[activemq-broker-5.15.8.jar:5.15.8]
	at org.apache.activemq.broker.BrokerService.startBroker(BrokerService.java:733)[activemq-broker-5.15.8.jar:5.15.8]
	at org.apache.activemq.broker.BrokerService.start(BrokerService.java:636)[activemq-broker-5.15.8.jar:5.15.8]
	at org.apache.activemq.xbean.XBeanBrokerService.afterPropertiesSet(XBeanBrokerService.java:73)[activemq-spring-5.15.8.jar:5.15.8]
	at sun.reflect.NativeMethodAccessorImpl.invoke0(Native Method)[:1.8.0_201]
	at sun.reflect.NativeMethodAccessorImpl.invoke(Unknown Source)[:1.8.0_201]
	at sun.reflect.DelegatingMethodAccessorImpl.invoke(Unknown Source)[:1.8.0_201]
	at java.lang.reflect.Method.invoke(Unknown Source)[:1.8.0_201]
	at org.springframework.beans.factory.support.AbstractAutowireCapableBeanFactory.invokeCustomInitMethod(AbstractAutowireCapableBeanFactory.java:1763)[spring-beans-4.3.18.RELEASE.jar:4.3.18.RELEASE]
	at org.springframework.beans.factory.support.AbstractAutowireCapableBeanFactory.invokeInitMethods(AbstractAutowireCapableBeanFactory.java:1700)[spring-beans-4.3.18.RELEASE.jar:4.3.18.RELEASE]
	at org.springframework.beans.factory.support.AbstractAutowireCapableBeanFactory.initializeBean(AbstractAutowireCapableBeanFactory.java:1630)[spring-beans-4.3.18.RELEASE.jar:4.3.18.RELEASE]
	at org.springframework.beans.factory.support.AbstractAutowireCapableBeanFactory.doCreateBean(AbstractAutowireCapableBeanFactory.java:555)[spring-beans-4.3.18.RELEASE.jar:4.3.18.RELEASE]
	at org.springframework.beans.factory.support.AbstractAutowireCapableBeanFactory.createBean(AbstractAutowireCapableBeanFactory.java:483)[spring-beans-4.3.18.RELEASE.jar:4.3.18.RELEASE]
	at org.springframework.beans.factory.support.AbstractBeanFactory$1.getObject(AbstractBeanFactory.java:312)[spring-beans-4.3.18.RELEASE.jar:4.3.18.RELEASE]
	at org.springframework.beans.factory.support.DefaultSingletonBeanRegistry.getSingleton(DefaultSingletonBeanRegistry.java:230)[spring-beans-4.3.18.RELEASE.jar:4.3.18.RELEASE]
	at org.springframework.beans.factory.support.AbstractBeanFactory.doGetBean(AbstractBeanFactory.java:308)[spring-beans-4.3.18.RELEASE.jar:4.3.18.RELEASE]
	at org.springframework.beans.factory.support.AbstractBeanFactory.getBean(AbstractBeanFactory.java:197)[spring-beans-4.3.18.RELEASE.jar:4.3.18.RELEASE]
	at org.springframework.beans.factory.support.DefaultListableBeanFactory.preInstantiateSingletons(DefaultListableBeanFactory.java:761)[spring-beans-4.3.18.RELEASE.jar:4.3.18.RELEASE]
	at org.springframework.context.support.AbstractApplicationContext.finishBeanFactoryInitialization(AbstractApplicationContext.java:867)[spring-context-4.3.18.RELEASE.jar:4.3.18.RELEASE]
	at org.springframework.context.support.AbstractApplicationContext.refresh(AbstractApplicationContext.java:543)[spring-context-4.3.18.RELEASE.jar:4.3.18.RELEASE]
	at org.apache.xbean.spring.context.ResourceXmlApplicationContext.<init>(ResourceXmlApplicationContext.java:64)[xbean-spring-4.2.jar:4.2]
	at org.apache.xbean.spring.context.ResourceXmlApplicationContext.<init>(ResourceXmlApplicationContext.java:52)[xbean-spring-4.2.jar:4.2]
	at org.apache.activemq.xbean.XBeanBrokerFactory$1.<init>(XBeanBrokerFactory.java:104)[activemq-spring-5.15.8.jar:5.15.8]
	at org.apache.activemq.xbean.XBeanBrokerFactory.createApplicationContext(XBeanBrokerFactory.java:104)[activemq-spring-5.15.8.jar:5.15.8]
	at org.apache.activemq.xbean.XBeanBrokerFactory.createBroker(XBeanBrokerFactory.java:67)[activemq-spring-5.15.8.jar:5.15.8]
	at org.apache.activemq.broker.BrokerFactory.createBroker(BrokerFactory.java:71)[activemq-broker-5.15.8.jar:5.15.8]
	at org.apache.activemq.broker.BrokerFactory.createBroker(BrokerFactory.java:54)[activemq-broker-5.15.8.jar:5.15.8]
	at org.apache.activemq.console.command.StartCommand.runTask(StartCommand.java:87)[activemq-console-5.15.8.jar:5.15.8]
	at org.apache.activemq.console.command.AbstractCommand.execute(AbstractCommand.java:63)[activemq-console-5.15.8.jar:5.15.8]
	at org.apache.activemq.console.command.ShellCommand.runTask(ShellCommand.java:154)[activemq-console-5.15.8.jar:5.15.8]
	at org.apache.activemq.console.command.AbstractCommand.execute(AbstractCommand.java:63)[activemq-console-5.15.8.jar:5.15.8]
	at org.apache.activemq.console.command.ShellCommand.main(ShellCommand.java:104)[activemq-console-5.15.8.jar:5.15.8]
	at sun.reflect.NativeMethodAccessorImpl.invoke0(Native Method)[:1.8.0_201]
	at sun.reflect.NativeMethodAccessorImpl.invoke(Unknown Source)[:1.8.0_201]
	at sun.reflect.DelegatingMethodAccessorImpl.invoke(Unknown Source)[:1.8.0_201]
	at java.lang.reflect.Method.invoke(Unknown Source)[:1.8.0_201]
	at org.apache.activemq.console.Main.runTaskClass(Main.java:262)[activemq.jar:5.15.8]
	at org.apache.activemq.console.Main.main(Main.java:115)[activemq.jar:5.15.8]
	at sun.reflect.NativeMethodAccessorImpl.invoke0(Native Method)[:1.8.0_201]
	at sun.reflect.NativeMethodAccessorImpl.invoke(Unknown Source)[:1.8.0_201]
	at sun.reflect.DelegatingMethodAccessorImpl.invoke(Unknown Source)[:1.8.0_201]
	at java.lang.reflect.Method.invoke(Unknown Source)[:1.8.0_201]
	at org.tanukisoftware.wrapper.WrapperSimpleApp.run(WrapperSimpleApp.java:240)[wrapper.jar:3.2.3]
	at java.lang.Thread.run(Unknown Source)[:1.8.0_201]
2019-02-18 14:09:54,891 | INFO  | Apache ActiveMQ 5.15.8 (localhost, ID:DESKTOP-S8SP8AP-50583-1550470194536-0:1) is shutting down | org.apache.activemq.broker.BrokerService | WrapperSimpleAppMain
2019-02-18 14:09:54,893 | INFO  | Connector openwire stopped | org.apache.activemq.broker.TransportConnector | WrapperSimpleAppMain
2019-02-18 14:09:54,900 | INFO  | Connector amqp stopped | org.apache.activemq.broker.TransportConnector | WrapperSimpleAppMain
2019-02-18 14:09:54,902 | INFO  | Connector stomp stopped | org.apache.activemq.broker.TransportConnector | WrapperSimpleAppMain
2019-02-18 14:09:54,903 | INFO  | Connector mqtt stopped | org.apache.activemq.broker.TransportConnector | WrapperSimpleAppMain
2019-02-18 14:09:54,907 | INFO  | Connector ws stopped | org.apache.activemq.broker.TransportConnector | WrapperSimpleAppMain
2019-02-18 14:09:54,912 | INFO  | PListStore:[C:\Users\jjj\Desktop\activemq\apache-activemq-5.15.8\bin\win64\..\..\data\localhost\tmp_storage] stopped | org.apache.activemq.store.kahadb.plist.PListStoreImpl | WrapperSimpleAppMain
2019-02-18 14:09:54,914 | INFO  | Stopping async queue tasks | org.apache.activemq.store.kahadb.KahaDBStore | WrapperSimpleAppMain
2019-02-18 14:09:54,914 | INFO  | Stopping async topic tasks | org.apache.activemq.store.kahadb.KahaDBStore | WrapperSimpleAppMain
2019-02-18 14:09:54,916 | INFO  | Stopped KahaDB | org.apache.activemq.store.kahadb.KahaDBStore | WrapperSimpleAppMain
2019-02-18 14:09:55,243 | INFO  | Apache ActiveMQ 5.15.8 (localhost, ID:DESKTOP-S8SP8AP-50583-1550470194536-0:1) uptime 1.037 seconds | org.apache.activemq.broker.BrokerService | WrapperSimpleAppMain
2019-02-18 14:09:55,247 | INFO  | Apache ActiveMQ 5.15.8 (localhost, ID:DESKTOP-S8SP8AP-50583-1550470194536-0:1) is shutdown | org.apache.activemq.broker.BrokerService | WrapperSimpleAppMain
2019-02-18 14:09:55,248 | INFO  | Closing org.apache.activemq.xbean.XBeanBrokerFactory$1@c0a24c7: startup date [Mon Feb 18 14:09:52 CST 2019]; root of context hierarchy | org.apache.activemq.xbean.XBeanBrokerFactory$1 | WrapperSimpleAppMain
2019-02-18 14:09:55,252 | WARN  | Exception encountered during context initialization - cancelling refresh attempt: org.springframework.beans.factory.BeanCreationException: Error creating bean with name 'org.apache.activemq.xbean.XBeanBrokerService#0' defined in class path resource [activemq.xml]: Invocation of init method failed; nested exception is java.io.IOException: Transport Connector could not be registered in JMX: java.io.IOException: Failed to bind to server socket: tcp://0.0.0.0:61616?maximumConnections=1000&wireFormat.maxFrameSize=104857600 due to: java.net.BindException: Address already in use: JVM_Bind | org.apache.activemq.xbean.XBeanBrokerFactory$1 | WrapperSimpleAppMain
2019-02-18 14:10:45,475 | INFO  | Refreshing org.apache.activemq.xbean.XBeanBrokerFactory$1@555738b2: startup date [Mon Feb 18 14:10:45 CST 2019]; root of context hierarchy | org.apache.activemq.xbean.XBeanBrokerFactory$1 | WrapperSimpleAppMain
2019-02-18 14:10:46,695 | INFO  | Using Persistence Adapter: KahaDBPersistenceAdapter[C:\Users\jjj\Desktop\activemq\apache-activemq-5.15.8\bin\win64\..\..\data\kahadb] | org.apache.activemq.broker.BrokerService | WrapperSimpleAppMain
2019-02-18 14:10:46,894 | INFO  | KahaDB is version 6 | org.apache.activemq.store.kahadb.MessageDatabase | WrapperSimpleAppMain
2019-02-18 14:10:46,977 | INFO  | PListStore:[C:\Users\jjj\Desktop\activemq\apache-activemq-5.15.8\bin\win64\..\..\data\localhost\tmp_storage] started | org.apache.activemq.store.kahadb.plist.PListStoreImpl | WrapperSimpleAppMain
2019-02-18 14:10:47,150 | INFO  | Apache ActiveMQ 5.15.8 (localhost, ID:DESKTOP-S8SP8AP-50616-1550470246989-0:1) is starting | org.apache.activemq.broker.BrokerService | WrapperSimpleAppMain
2019-02-18 14:10:47,247 | ERROR | Failed to start Apache ActiveMQ (localhost, ID:DESKTOP-S8SP8AP-50616-1550470246989-0:1) | org.apache.activemq.broker.BrokerService | WrapperSimpleAppMain
java.io.IOException: Transport Connector could not be registered in JMX: java.io.IOException: Failed to bind to server socket: tcp://0.0.0.0:61616?maximumConnections=1000&wireFormat.maxFrameSize=104857600 due to: java.net.BindException: Address already in use: JVM_Bind
	at org.apache.activemq.util.IOExceptionSupport.create(IOExceptionSupport.java:28)[activemq-client-5.15.8.jar:5.15.8]
	at org.apache.activemq.broker.BrokerService.registerConnectorMBean(BrokerService.java:2264)[activemq-broker-5.15.8.jar:5.15.8]
	at org.apache.activemq.broker.BrokerService.startTransportConnector(BrokerService.java:2744)[activemq-broker-5.15.8.jar:5.15.8]
	at org.apache.activemq.broker.BrokerService.startAllConnectors(BrokerService.java:2640)[activemq-broker-5.15.8.jar:5.15.8]
	at org.apache.activemq.broker.BrokerService.doStartBroker(BrokerService.java:771)[activemq-broker-5.15.8.jar:5.15.8]
	at org.apache.activemq.broker.BrokerService.startBroker(BrokerService.java:733)[activemq-broker-5.15.8.jar:5.15.8]
	at org.apache.activemq.broker.BrokerService.start(BrokerService.java:636)[activemq-broker-5.15.8.jar:5.15.8]
	at org.apache.activemq.xbean.XBeanBrokerService.afterPropertiesSet(XBeanBrokerService.java:73)[activemq-spring-5.15.8.jar:5.15.8]
	at sun.reflect.NativeMethodAccessorImpl.invoke0(Native Method)[:1.8.0_201]
	at sun.reflect.NativeMethodAccessorImpl.invoke(Unknown Source)[:1.8.0_201]
	at sun.reflect.DelegatingMethodAccessorImpl.invoke(Unknown Source)[:1.8.0_201]
	at java.lang.reflect.Method.invoke(Unknown Source)[:1.8.0_201]
	at org.springframework.beans.factory.support.AbstractAutowireCapableBeanFactory.invokeCustomInitMethod(AbstractAutowireCapableBeanFactory.java:1763)[spring-beans-4.3.18.RELEASE.jar:4.3.18.RELEASE]
	at org.springframework.beans.factory.support.AbstractAutowireCapableBeanFactory.invokeInitMethods(AbstractAutowireCapableBeanFactory.java:1700)[spring-beans-4.3.18.RELEASE.jar:4.3.18.RELEASE]
	at org.springframework.beans.factory.support.AbstractAutowireCapableBeanFactory.initializeBean(AbstractAutowireCapableBeanFactory.java:1630)[spring-beans-4.3.18.RELEASE.jar:4.3.18.RELEASE]
	at org.springframework.beans.factory.support.AbstractAutowireCapableBeanFactory.doCreateBean(AbstractAutowireCapableBeanFactory.java:555)[spring-beans-4.3.18.RELEASE.jar:4.3.18.RELEASE]
	at org.springframework.beans.factory.support.AbstractAutowireCapableBeanFactory.createBean(AbstractAutowireCapableBeanFactory.java:483)[spring-beans-4.3.18.RELEASE.jar:4.3.18.RELEASE]
	at org.springframework.beans.factory.support.AbstractBeanFactory$1.getObject(AbstractBeanFactory.java:312)[spring-beans-4.3.18.RELEASE.jar:4.3.18.RELEASE]
	at org.springframework.beans.factory.support.DefaultSingletonBeanRegistry.getSingleton(DefaultSingletonBeanRegistry.java:230)[spring-beans-4.3.18.RELEASE.jar:4.3.18.RELEASE]
	at org.springframework.beans.factory.support.AbstractBeanFactory.doGetBean(AbstractBeanFactory.java:308)[spring-beans-4.3.18.RELEASE.jar:4.3.18.RELEASE]
	at org.springframework.beans.factory.support.AbstractBeanFactory.getBean(AbstractBeanFactory.java:197)[spring-beans-4.3.18.RELEASE.jar:4.3.18.RELEASE]
	at org.springframework.beans.factory.support.DefaultListableBeanFactory.preInstantiateSingletons(DefaultListableBeanFactory.java:761)[spring-beans-4.3.18.RELEASE.jar:4.3.18.RELEASE]
	at org.springframework.context.support.AbstractApplicationContext.finishBeanFactoryInitialization(AbstractApplicationContext.java:867)[spring-context-4.3.18.RELEASE.jar:4.3.18.RELEASE]
	at org.springframework.context.support.AbstractApplicationContext.refresh(AbstractApplicationContext.java:543)[spring-context-4.3.18.RELEASE.jar:4.3.18.RELEASE]
	at org.apache.xbean.spring.context.ResourceXmlApplicationContext.<init>(ResourceXmlApplicationContext.java:64)[xbean-spring-4.2.jar:4.2]
	at org.apache.xbean.spring.context.ResourceXmlApplicationContext.<init>(ResourceXmlApplicationContext.java:52)[xbean-spring-4.2.jar:4.2]
	at org.apache.activemq.xbean.XBeanBrokerFactory$1.<init>(XBeanBrokerFactory.java:104)[activemq-spring-5.15.8.jar:5.15.8]
	at org.apache.activemq.xbean.XBeanBrokerFactory.createApplicationContext(XBeanBrokerFactory.java:104)[activemq-spring-5.15.8.jar:5.15.8]
	at org.apache.activemq.xbean.XBeanBrokerFactory.createBroker(XBeanBrokerFactory.java:67)[activemq-spring-5.15.8.jar:5.15.8]
	at org.apache.activemq.broker.BrokerFactory.createBroker(BrokerFactory.java:71)[activemq-broker-5.15.8.jar:5.15.8]
	at org.apache.activemq.broker.BrokerFactory.createBroker(BrokerFactory.java:54)[activemq-broker-5.15.8.jar:5.15.8]
	at org.apache.activemq.console.command.StartCommand.runTask(StartCommand.java:87)[activemq-console-5.15.8.jar:5.15.8]
	at org.apache.activemq.console.command.AbstractCommand.execute(AbstractCommand.java:63)[activemq-console-5.15.8.jar:5.15.8]
	at org.apache.activemq.console.command.ShellCommand.runTask(ShellCommand.java:154)[activemq-console-5.15.8.jar:5.15.8]
	at org.apache.activemq.console.command.AbstractCommand.execute(AbstractCommand.java:63)[activemq-console-5.15.8.jar:5.15.8]
	at org.apache.activemq.console.command.ShellCommand.main(ShellCommand.java:104)[activemq-console-5.15.8.jar:5.15.8]
	at sun.reflect.NativeMethodAccessorImpl.invoke0(Native Method)[:1.8.0_201]
	at sun.reflect.NativeMethodAccessorImpl.invoke(Unknown Source)[:1.8.0_201]
	at sun.reflect.DelegatingMethodAccessorImpl.invoke(Unknown Source)[:1.8.0_201]
	at java.lang.reflect.Method.invoke(Unknown Source)[:1.8.0_201]
	at org.apache.activemq.console.Main.runTaskClass(Main.java:262)[activemq.jar:5.15.8]
	at org.apache.activemq.console.Main.main(Main.java:115)[activemq.jar:5.15.8]
	at sun.reflect.NativeMethodAccessorImpl.invoke0(Native Method)[:1.8.0_201]
	at sun.reflect.NativeMethodAccessorImpl.invoke(Unknown Source)[:1.8.0_201]
	at sun.reflect.DelegatingMethodAccessorImpl.invoke(Unknown Source)[:1.8.0_201]
	at java.lang.reflect.Method.invoke(Unknown Source)[:1.8.0_201]
	at org.tanukisoftware.wrapper.WrapperSimpleApp.run(WrapperSimpleApp.java:240)[wrapper.jar:3.2.3]
	at java.lang.Thread.run(Unknown Source)[:1.8.0_201]
2019-02-18 14:10:47,328 | INFO  | Apache ActiveMQ 5.15.8 (localhost, ID:DESKTOP-S8SP8AP-50616-1550470246989-0:1) is shutting down | org.apache.activemq.broker.BrokerService | WrapperSimpleAppMain
2019-02-18 14:10:47,334 | INFO  | Connector openwire stopped | org.apache.activemq.broker.TransportConnector | WrapperSimpleAppMain
2019-02-18 14:10:47,342 | INFO  | Connector amqp stopped | org.apache.activemq.broker.TransportConnector | WrapperSimpleAppMain
2019-02-18 14:10:47,344 | INFO  | Connector stomp stopped | org.apache.activemq.broker.TransportConnector | WrapperSimpleAppMain
2019-02-18 14:10:47,347 | INFO  | Connector mqtt stopped | org.apache.activemq.broker.TransportConnector | WrapperSimpleAppMain
2019-02-18 14:10:47,349 | INFO  | Connector ws stopped | org.apache.activemq.broker.TransportConnector | WrapperSimpleAppMain
2019-02-18 14:10:47,362 | INFO  | PListStore:[C:\Users\jjj\Desktop\activemq\apache-activemq-5.15.8\bin\win64\..\..\data\localhost\tmp_storage] stopped | org.apache.activemq.store.kahadb.plist.PListStoreImpl | WrapperSimpleAppMain
2019-02-18 14:10:47,363 | INFO  | Stopping async queue tasks | org.apache.activemq.store.kahadb.KahaDBStore | WrapperSimpleAppMain
2019-02-18 14:10:47,364 | INFO  | Stopping async topic tasks | org.apache.activemq.store.kahadb.KahaDBStore | WrapperSimpleAppMain
2019-02-18 14:10:47,366 | INFO  | Stopped KahaDB | org.apache.activemq.store.kahadb.KahaDBStore | WrapperSimpleAppMain
2019-02-18 14:10:47,611 | INFO  | Apache ActiveMQ 5.15.8 (localhost, ID:DESKTOP-S8SP8AP-50616-1550470246989-0:1) uptime 0.941 seconds | org.apache.activemq.broker.BrokerService | WrapperSimpleAppMain
2019-02-18 14:10:47,615 | INFO  | Apache ActiveMQ 5.15.8 (localhost, ID:DESKTOP-S8SP8AP-50616-1550470246989-0:1) is shutdown | org.apache.activemq.broker.BrokerService | WrapperSimpleAppMain
2019-02-18 14:10:47,617 | INFO  | Closing org.apache.activemq.xbean.XBeanBrokerFactory$1@555738b2: startup date [Mon Feb 18 14:10:45 CST 2019]; root of context hierarchy | org.apache.activemq.xbean.XBeanBrokerFactory$1 | WrapperSimpleAppMain
2019-02-18 14:10:47,626 | WARN  | Exception encountered during context initialization - cancelling refresh attempt: org.springframework.beans.factory.BeanCreationException: Error creating bean with name 'org.apache.activemq.xbean.XBeanBrokerService#0' defined in class path resource [activemq.xml]: Invocation of init method failed; nested exception is java.io.IOException: Transport Connector could not be registered in JMX: java.io.IOException: Failed to bind to server socket: tcp://0.0.0.0:61616?maximumConnections=1000&wireFormat.maxFrameSize=104857600 due to: java.net.BindException: Address already in use: JVM_Bind | org.apache.activemq.xbean.XBeanBrokerFactory$1 | WrapperSimpleAppMain
2019-02-18 14:28:24,161 | INFO  | Refreshing org.apache.activemq.xbean.XBeanBrokerFactory$1@c0a24c7: startup date [Mon Feb 18 14:28:24 CST 2019]; root of context hierarchy | org.apache.activemq.xbean.XBeanBrokerFactory$1 | WrapperSimpleAppMain
2019-02-18 14:28:25,364 | INFO  | Using Persistence Adapter: KahaDBPersistenceAdapter[C:\Users\jjj\Desktop\activemq\apache-activemq-5.15.8\bin\win64\..\..\data\kahadb] | org.apache.activemq.broker.BrokerService | WrapperSimpleAppMain
2019-02-18 14:28:25,583 | INFO  | KahaDB is version 6 | org.apache.activemq.store.kahadb.MessageDatabase | WrapperSimpleAppMain
2019-02-18 14:28:25,708 | INFO  | PListStore:[C:\Users\jjj\Desktop\activemq\apache-activemq-5.15.8\bin\win64\..\..\data\localhost\tmp_storage] started | org.apache.activemq.store.kahadb.plist.PListStoreImpl | WrapperSimpleAppMain
2019-02-18 14:28:25,911 | INFO  | Apache ActiveMQ 5.15.8 (localhost, ID:DESKTOP-S8SP8AP-49940-1550471305723-0:1) is starting | org.apache.activemq.broker.BrokerService | WrapperSimpleAppMain
2019-02-18 14:28:26,020 | INFO  | Listening for connections at: tcp://DESKTOP-S8SP8AP:61616?maximumConnections=1000&wireFormat.maxFrameSize=104857600 | org.apache.activemq.transport.TransportServerThreadSupport | WrapperSimpleAppMain
2019-02-18 14:28:26,020 | INFO  | Connector openwire started | org.apache.activemq.broker.TransportConnector | WrapperSimpleAppMain
2019-02-18 14:28:26,051 | INFO  | Listening for connections at: amqp://DESKTOP-S8SP8AP:5672?maximumConnections=1000&wireFormat.maxFrameSize=104857600 | org.apache.activemq.transport.TransportServerThreadSupport | WrapperSimpleAppMain
2019-02-18 14:28:26,051 | INFO  | Connector amqp started | org.apache.activemq.broker.TransportConnector | WrapperSimpleAppMain
2019-02-18 14:28:26,083 | INFO  | Listening for connections at: stomp://DESKTOP-S8SP8AP:61613?maximumConnections=1000&wireFormat.maxFrameSize=104857600 | org.apache.activemq.transport.TransportServerThreadSupport | WrapperSimpleAppMain
2019-02-18 14:28:26,083 | INFO  | Connector stomp started | org.apache.activemq.broker.TransportConnector | WrapperSimpleAppMain
2019-02-18 14:28:26,114 | INFO  | Listening for connections at: mqtt://DESKTOP-S8SP8AP:1883?maximumConnections=1000&wireFormat.maxFrameSize=104857600 | org.apache.activemq.transport.TransportServerThreadSupport | WrapperSimpleAppMain
2019-02-18 14:28:26,114 | INFO  | Connector mqtt started | org.apache.activemq.broker.TransportConnector | WrapperSimpleAppMain
2019-02-18 14:28:26,161 | INFO  | Starting Jetty server | org.apache.activemq.transport.WebTransportServerSupport | WrapperSimpleAppMain
2019-02-18 14:28:26,270 | INFO  | Creating Jetty connector | org.apache.activemq.transport.WebTransportServerSupport | WrapperSimpleAppMain
2019-02-18 14:28:26,458 | WARN  | ServletContext@o.e.j.s.ServletContextHandler@7e887200{/,null,STARTING} has uncovered http methods for path: / | org.eclipse.jetty.security.SecurityHandler | WrapperSimpleAppMain
2019-02-18 14:28:26,614 | INFO  | Listening for connections at ws://DESKTOP-S8SP8AP:61614?maximumConnections=1000&wireFormat.maxFrameSize=104857600 | org.apache.activemq.transport.ws.WSTransportServer | WrapperSimpleAppMain
2019-02-18 14:28:26,629 | INFO  | Connector ws started | org.apache.activemq.broker.TransportConnector | WrapperSimpleAppMain
2019-02-18 14:28:26,629 | INFO  | Apache ActiveMQ 5.15.8 (localhost, ID:DESKTOP-S8SP8AP-49940-1550471305723-0:1) started | org.apache.activemq.broker.BrokerService | WrapperSimpleAppMain
2019-02-18 14:28:26,629 | INFO  | For help or more information please see: http://activemq.apache.org | org.apache.activemq.broker.BrokerService | WrapperSimpleAppMain
2019-02-18 14:28:26,629 | WARN  | Store limit is 102400 mb (current store usage is 0 mb). The data directory: C:\Users\jjj\Desktop\activemq\apache-activemq-5.15.8\bin\win64\..\..\data\kahadb only has 17126 mb of usable space. - resetting to maximum available disk space: 17126 mb | org.apache.activemq.broker.BrokerService | WrapperSimpleAppMain
2019-02-18 14:28:26,629 | WARN  | Temporary Store limit is 51200 mb (current store usage is 0 mb). The data directory: C:\Users\jjj\Desktop\activemq\apache-activemq-5.15.8\bin\win64\..\..\data only has 17126 mb of usable space. - resetting to maximum available disk space: 17126 mb | org.apache.activemq.broker.BrokerService | WrapperSimpleAppMain
2019-02-18 14:28:28,098 | INFO  | No Spring WebApplicationInitializer types detected on classpath | /admin | WrapperSimpleAppMain
2019-02-18 14:28:30,067 | INFO  | ActiveMQ WebConsole available at http://0.0.0.0:8161/ | org.apache.activemq.web.WebConsoleStarter | WrapperSimpleAppMain
2019-02-18 14:28:30,067 | INFO  | ActiveMQ Jolokia REST API available at http://0.0.0.0:8161/api/jolokia/ | org.apache.activemq.web.WebConsoleStarter | WrapperSimpleAppMain
2019-02-18 14:28:30,270 | INFO  | Initializing Spring FrameworkServlet 'dispatcher' | /admin | WrapperSimpleAppMain
2019-02-18 14:28:30,661 | INFO  | No Spring WebApplicationInitializer types detected on classpath | /api | WrapperSimpleAppMain
2019-02-18 14:28:30,973 | INFO  | jolokia-agent: Using policy access restrictor classpath:/jolokia-access.xml | /api | WrapperSimpleAppMain
2019-02-18 15:20:29,203 | INFO  | Refreshing org.apache.activemq.xbean.XBeanBrokerFactory$1@3b82ea76: startup date [Mon Feb 18 15:20:29 CST 2019]; root of context hierarchy | org.apache.activemq.xbean.XBeanBrokerFactory$1 | WrapperSimpleAppMain
2019-02-18 15:20:31,913 | INFO  | Using Persistence Adapter: KahaDBPersistenceAdapter[C:\Users\jjj\Desktop\activemq\apache-activemq-5.15.8\bin\win64\..\..\data\kahadb] | org.apache.activemq.broker.BrokerService | WrapperSimpleAppMain
2019-02-18 15:20:32,962 | INFO  | Page File: ..\..\data\kahadb\db.data. Recovering pageFile free list due to prior unclean shutdown.. | org.apache.activemq.store.kahadb.disk.page.PageFile | KahaDB Index Free Page Recovery
2019-02-18 15:20:33,005 | INFO  | KahaDB is version 6 | org.apache.activemq.store.kahadb.MessageDatabase | WrapperSimpleAppMain
2019-02-18 15:20:33,056 | INFO  | Page File: ..\..\data\kahadb\db.data. Recovered pageFile free list of size: 0 | org.apache.activemq.store.kahadb.disk.page.PageFile | KahaDB Index Free Page Recovery
2019-02-18 15:20:33,532 | INFO  | PListStore:[C:\Users\jjj\Desktop\activemq\apache-activemq-5.15.8\bin\win64\..\..\data\localhost\tmp_storage] started | org.apache.activemq.store.kahadb.plist.PListStoreImpl | WrapperSimpleAppMain
2019-02-18 15:20:34,039 | INFO  | Apache ActiveMQ 5.15.8 (localhost, ID:DESKTOP-S8SP8AP-51181-1550474433657-0:1) is starting | org.apache.activemq.broker.BrokerService | WrapperSimpleAppMain
2019-02-18 15:20:35,201 | INFO  | Listening for connections at: tcp://DESKTOP-S8SP8AP:61616?maximumConnections=1000&wireFormat.maxFrameSize=104857600 | org.apache.activemq.transport.TransportServerThreadSupport | WrapperSimpleAppMain
2019-02-18 15:20:35,213 | INFO  | Connector openwire started | org.apache.activemq.broker.TransportConnector | WrapperSimpleAppMain
2019-02-18 15:20:35,295 | INFO  | Listening for connections at: amqp://DESKTOP-S8SP8AP:5672?maximumConnections=1000&wireFormat.maxFrameSize=104857600 | org.apache.activemq.transport.TransportServerThreadSupport | WrapperSimpleAppMain
2019-02-18 15:20:35,302 | INFO  | Connector amqp started | org.apache.activemq.broker.TransportConnector | WrapperSimpleAppMain
2019-02-18 15:20:35,363 | INFO  | Listening for connections at: stomp://DESKTOP-S8SP8AP:61613?maximumConnections=1000&wireFormat.maxFrameSize=104857600 | org.apache.activemq.transport.TransportServerThreadSupport | WrapperSimpleAppMain
2019-02-18 15:20:35,365 | INFO  | Connector stomp started | org.apache.activemq.broker.TransportConnector | WrapperSimpleAppMain
2019-02-18 15:20:35,448 | INFO  | Listening for connections at: mqtt://DESKTOP-S8SP8AP:1883?maximumConnections=1000&wireFormat.maxFrameSize=104857600 | org.apache.activemq.transport.TransportServerThreadSupport | WrapperSimpleAppMain
2019-02-18 15:20:35,452 | INFO  | Connector mqtt started | org.apache.activemq.broker.TransportConnector | WrapperSimpleAppMain
2019-02-18 15:20:35,551 | INFO  | Starting Jetty server | org.apache.activemq.transport.WebTransportServerSupport | WrapperSimpleAppMain
2019-02-18 15:20:37,188 | INFO  | Creating Jetty connector | org.apache.activemq.transport.WebTransportServerSupport | WrapperSimpleAppMain
2019-02-18 15:20:37,681 | WARN  | ServletContext@o.e.j.s.ServletContextHandler@49442384{/,null,STARTING} has uncovered http methods for path: / | org.eclipse.jetty.security.SecurityHandler | WrapperSimpleAppMain
2019-02-18 15:20:37,948 | INFO  | Listening for connections at ws://DESKTOP-S8SP8AP:61614?maximumConnections=1000&wireFormat.maxFrameSize=104857600 | org.apache.activemq.transport.ws.WSTransportServer | WrapperSimpleAppMain
2019-02-18 15:20:37,949 | INFO  | Connector ws started | org.apache.activemq.broker.TransportConnector | WrapperSimpleAppMain
2019-02-18 15:20:37,951 | INFO  | Apache ActiveMQ 5.15.8 (localhost, ID:DESKTOP-S8SP8AP-51181-1550474433657-0:1) started | org.apache.activemq.broker.BrokerService | WrapperSimpleAppMain
2019-02-18 15:20:37,953 | INFO  | For help or more information please see: http://activemq.apache.org | org.apache.activemq.broker.BrokerService | WrapperSimpleAppMain
2019-02-18 15:20:37,957 | WARN  | Store limit is 102400 mb (current store usage is 0 mb). The data directory: C:\Users\jjj\Desktop\activemq\apache-activemq-5.15.8\bin\win64\..\..\data\kahadb only has 12835 mb of usable space. - resetting to maximum available disk space: 12835 mb | org.apache.activemq.broker.BrokerService | WrapperSimpleAppMain
2019-02-18 15:20:37,961 | WARN  | Temporary Store limit is 51200 mb (current store usage is 0 mb). The data directory: C:\Users\jjj\Desktop\activemq\apache-activemq-5.15.8\bin\win64\..\..\data only has 12835 mb of usable space. - resetting to maximum available disk space: 12835 mb | org.apache.activemq.broker.BrokerService | WrapperSimpleAppMain
2019-02-18 15:20:40,612 | INFO  | No Spring WebApplicationInitializer types detected on classpath | /admin | WrapperSimpleAppMain
2019-02-18 15:20:43,657 | INFO  | ActiveMQ WebConsole available at http://0.0.0.0:8161/ | org.apache.activemq.web.WebConsoleStarter | WrapperSimpleAppMain
2019-02-18 15:20:43,657 | INFO  | ActiveMQ Jolokia REST API available at http://0.0.0.0:8161/api/jolokia/ | org.apache.activemq.web.WebConsoleStarter | WrapperSimpleAppMain
2019-02-18 15:20:43,846 | INFO  | Initializing Spring FrameworkServlet 'dispatcher' | /admin | WrapperSimpleAppMain
2019-02-18 15:20:44,526 | INFO  | No Spring WebApplicationInitializer types detected on classpath | /api | WrapperSimpleAppMain
2019-02-18 15:20:44,711 | INFO  | jolokia-agent: Using policy access restrictor classpath:/jolokia-access.xml | /api | WrapperSimpleAppMain
2019-02-18 15:49:11,181 | WARN  | Transport Connection to: tcp://127.0.0.1:51304 failed: java.net.SocketException: Connection reset | org.apache.activemq.broker.TransportConnection.Transport | ActiveMQ Transport: tcp:///127.0.0.1:51304@61616
2019-02-18 15:49:11,181 | WARN  | Transport Connection to: tcp://127.0.0.1:51305 failed: java.net.SocketException: Connection reset | org.apache.activemq.broker.TransportConnection.Transport | ActiveMQ Transport: tcp:///127.0.0.1:51305@61616
2019-02-18 15:53:36,802 | WARN  | Transport Connection to: tcp://127.0.0.1:52675 failed: java.io.EOFException | org.apache.activemq.broker.TransportConnection.Transport | ActiveMQ Transport: tcp:///127.0.0.1:52675@61616
2019-02-20 20:04:40,341 | INFO  | Refreshing org.apache.activemq.xbean.XBeanBrokerFactory$1@45aa161d: startup date [Wed Feb 20 20:04:40 CST 2019]; root of context hierarchy | org.apache.activemq.xbean.XBeanBrokerFactory$1 | WrapperSimpleAppMain
2019-02-20 20:04:43,228 | INFO  | Using Persistence Adapter: KahaDBPersistenceAdapter[C:\Users\jjj\Desktop\activemq\apache-activemq-5.15.8\bin\win64\..\..\data\kahadb] | org.apache.activemq.broker.BrokerService | WrapperSimpleAppMain
2019-02-20 20:04:43,680 | INFO  | Page File: ..\..\data\kahadb\db.data. Recovering pageFile free list due to prior unclean shutdown.. | org.apache.activemq.store.kahadb.disk.page.PageFile | KahaDB Index Free Page Recovery
2019-02-20 20:04:43,698 | INFO  | KahaDB is version 6 | org.apache.activemq.store.kahadb.MessageDatabase | WrapperSimpleAppMain
2019-02-20 20:04:43,719 | INFO  | Page File: ..\..\data\kahadb\db.data. Recovered pageFile free list of size: 0 | org.apache.activemq.store.kahadb.disk.page.PageFile | KahaDB Index Free Page Recovery
2019-02-20 20:04:43,926 | INFO  | PListStore:[C:\Users\jjj\Desktop\activemq\apache-activemq-5.15.8\bin\win64\..\..\data\localhost\tmp_storage] started | org.apache.activemq.store.kahadb.plist.PListStoreImpl | WrapperSimpleAppMain
2019-02-20 20:04:44,182 | INFO  | Apache ActiveMQ 5.15.8 (localhost, ID:DESKTOP-S8SP8AP-62040-1550664283985-0:1) is starting | org.apache.activemq.broker.BrokerService | WrapperSimpleAppMain
2019-02-20 20:04:44,459 | INFO  | Listening for connections at: tcp://DESKTOP-S8SP8AP:61616?maximumConnections=1000&wireFormat.maxFrameSize=104857600 | org.apache.activemq.transport.TransportServerThreadSupport | WrapperSimpleAppMain
2019-02-20 20:04:44,482 | INFO  | Connector openwire started | org.apache.activemq.broker.TransportConnector | WrapperSimpleAppMain
2019-02-20 20:04:44,505 | INFO  | Listening for connections at: amqp://DESKTOP-S8SP8AP:5672?maximumConnections=1000&wireFormat.maxFrameSize=104857600 | org.apache.activemq.transport.TransportServerThreadSupport | WrapperSimpleAppMain
2019-02-20 20:04:44,507 | INFO  | Connector amqp started | org.apache.activemq.broker.TransportConnector | WrapperSimpleAppMain
2019-02-20 20:04:44,524 | INFO  | Listening for connections at: stomp://DESKTOP-S8SP8AP:61613?maximumConnections=1000&wireFormat.maxFrameSize=104857600 | org.apache.activemq.transport.TransportServerThreadSupport | WrapperSimpleAppMain
2019-02-20 20:04:44,525 | INFO  | Connector stomp started | org.apache.activemq.broker.TransportConnector | WrapperSimpleAppMain
2019-02-20 20:04:44,542 | INFO  | Listening for connections at: mqtt://DESKTOP-S8SP8AP:1883?maximumConnections=1000&wireFormat.maxFrameSize=104857600 | org.apache.activemq.transport.TransportServerThreadSupport | WrapperSimpleAppMain
2019-02-20 20:04:44,545 | INFO  | Connector mqtt started | org.apache.activemq.broker.TransportConnector | WrapperSimpleAppMain
2019-02-20 20:04:44,565 | INFO  | Starting Jetty server | org.apache.activemq.transport.WebTransportServerSupport | WrapperSimpleAppMain
2019-02-20 20:04:44,640 | INFO  | Creating Jetty connector | org.apache.activemq.transport.WebTransportServerSupport | WrapperSimpleAppMain
2019-02-20 20:04:44,759 | WARN  | ServletContext@o.e.j.s.ServletContextHandler@6d0570e6{/,null,STARTING} has uncovered http methods for path: / | org.eclipse.jetty.security.SecurityHandler | WrapperSimpleAppMain
2019-02-20 20:04:44,882 | INFO  | Listening for connections at ws://DESKTOP-S8SP8AP:61614?maximumConnections=1000&wireFormat.maxFrameSize=104857600 | org.apache.activemq.transport.ws.WSTransportServer | WrapperSimpleAppMain
2019-02-20 20:04:44,883 | INFO  | Connector ws started | org.apache.activemq.broker.TransportConnector | WrapperSimpleAppMain
2019-02-20 20:04:44,884 | INFO  | Apache ActiveMQ 5.15.8 (localhost, ID:DESKTOP-S8SP8AP-62040-1550664283985-0:1) started | org.apache.activemq.broker.BrokerService | WrapperSimpleAppMain
2019-02-20 20:04:44,889 | INFO  | For help or more information please see: http://activemq.apache.org | org.apache.activemq.broker.BrokerService | WrapperSimpleAppMain
2019-02-20 20:04:44,894 | WARN  | Store limit is 102400 mb (current store usage is 1 mb). The data directory: C:\Users\jjj\Desktop\activemq\apache-activemq-5.15.8\bin\win64\..\..\data\kahadb only has 17035 mb of usable space. - resetting to maximum available disk space: 17035 mb | org.apache.activemq.broker.BrokerService | WrapperSimpleAppMain
2019-02-20 20:04:44,897 | WARN  | Temporary Store limit is 51200 mb (current store usage is 0 mb). The data directory: C:\Users\jjj\Desktop\activemq\apache-activemq-5.15.8\bin\win64\..\..\data only has 17034 mb of usable space. - resetting to maximum available disk space: 17034 mb | org.apache.activemq.broker.BrokerService | WrapperSimpleAppMain
2019-02-20 20:04:46,496 | INFO  | No Spring WebApplicationInitializer types detected on classpath | /admin | WrapperSimpleAppMain
2019-02-20 20:04:48,251 | INFO  | ActiveMQ WebConsole available at http://0.0.0.0:8161/ | org.apache.activemq.web.WebConsoleStarter | WrapperSimpleAppMain
2019-02-20 20:04:48,252 | INFO  | ActiveMQ Jolokia REST API available at http://0.0.0.0:8161/api/jolokia/ | org.apache.activemq.web.WebConsoleStarter | WrapperSimpleAppMain
2019-02-20 20:04:48,501 | INFO  | Initializing Spring FrameworkServlet 'dispatcher' | /admin | WrapperSimpleAppMain
2019-02-20 20:04:49,207 | INFO  | No Spring WebApplicationInitializer types detected on classpath | /api | WrapperSimpleAppMain
2019-02-20 20:04:49,414 | INFO  | jolokia-agent: Using policy access restrictor classpath:/jolokia-access.xml | /api | WrapperSimpleAppMain
2019-02-21 08:45:09,927 | INFO  | Refreshing org.apache.activemq.xbean.XBeanBrokerFactory$1@c0a24c7: startup date [Thu Feb 21 08:45:09 CST 2019]; root of context hierarchy | org.apache.activemq.xbean.XBeanBrokerFactory$1 | WrapperSimpleAppMain
2019-02-21 08:45:12,911 | INFO  | Using Persistence Adapter: KahaDBPersistenceAdapter[C:\Users\jjj\Desktop\activemq\apache-activemq-5.15.8\bin\win64\..\..\data\kahadb] | org.apache.activemq.broker.BrokerService | WrapperSimpleAppMain
2019-02-21 08:45:13,739 | INFO  | KahaDB is version 6 | org.apache.activemq.store.kahadb.MessageDatabase | WrapperSimpleAppMain
2019-02-21 08:45:13,755 | INFO  | Page File: ..\..\data\kahadb\db.data. Recovering pageFile free list due to prior unclean shutdown.. | org.apache.activemq.store.kahadb.disk.page.PageFile | KahaDB Index Free Page Recovery
2019-02-21 08:45:13,786 | INFO  | Page File: ..\..\data\kahadb\db.data. Recovered pageFile free list of size: 0 | org.apache.activemq.store.kahadb.disk.page.PageFile | KahaDB Index Free Page Recovery
2019-02-21 08:45:13,927 | INFO  | PListStore:[C:\Users\jjj\Desktop\activemq\apache-activemq-5.15.8\bin\win64\..\..\data\localhost\tmp_storage] started | org.apache.activemq.store.kahadb.plist.PListStoreImpl | WrapperSimpleAppMain
2019-02-21 08:45:14,146 | INFO  | Apache ActiveMQ 5.15.8 (localhost, ID:DESKTOP-S8SP8AP-65119-1550709913989-0:1) is starting | org.apache.activemq.broker.BrokerService | WrapperSimpleAppMain
2019-02-21 08:45:14,302 | INFO  | Listening for connections at: tcp://DESKTOP-S8SP8AP:61616?maximumConnections=1000&wireFormat.maxFrameSize=104857600 | org.apache.activemq.transport.TransportServerThreadSupport | WrapperSimpleAppMain
2019-02-21 08:45:14,302 | INFO  | Connector openwire started | org.apache.activemq.broker.TransportConnector | WrapperSimpleAppMain
2019-02-21 08:45:14,317 | INFO  | Listening for connections at: amqp://DESKTOP-S8SP8AP:5672?maximumConnections=1000&wireFormat.maxFrameSize=104857600 | org.apache.activemq.transport.TransportServerThreadSupport | WrapperSimpleAppMain
2019-02-21 08:45:14,317 | INFO  | Connector amqp started | org.apache.activemq.broker.TransportConnector | WrapperSimpleAppMain
2019-02-21 08:45:14,317 | INFO  | Listening for connections at: stomp://DESKTOP-S8SP8AP:61613?maximumConnections=1000&wireFormat.maxFrameSize=104857600 | org.apache.activemq.transport.TransportServerThreadSupport | WrapperSimpleAppMain
2019-02-21 08:45:14,333 | INFO  | Connector stomp started | org.apache.activemq.broker.TransportConnector | WrapperSimpleAppMain
2019-02-21 08:45:14,380 | INFO  | Listening for connections at: mqtt://DESKTOP-S8SP8AP:1883?maximumConnections=1000&wireFormat.maxFrameSize=104857600 | org.apache.activemq.transport.TransportServerThreadSupport | WrapperSimpleAppMain
2019-02-21 08:45:14,380 | INFO  | Connector mqtt started | org.apache.activemq.broker.TransportConnector | WrapperSimpleAppMain
2019-02-21 08:45:14,380 | INFO  | Starting Jetty server | org.apache.activemq.transport.WebTransportServerSupport | WrapperSimpleAppMain
2019-02-21 08:45:14,474 | INFO  | Creating Jetty connector | org.apache.activemq.transport.WebTransportServerSupport | WrapperSimpleAppMain
2019-02-21 08:45:15,208 | WARN  | ServletContext@o.e.j.s.ServletContextHandler@df80a7d{/,null,STARTING} has uncovered http methods for path: / | org.eclipse.jetty.security.SecurityHandler | WrapperSimpleAppMain
2019-02-21 08:45:15,333 | INFO  | Listening for connections at ws://DESKTOP-S8SP8AP:61614?maximumConnections=1000&wireFormat.maxFrameSize=104857600 | org.apache.activemq.transport.ws.WSTransportServer | WrapperSimpleAppMain
2019-02-21 08:45:15,333 | INFO  | Connector ws started | org.apache.activemq.broker.TransportConnector | WrapperSimpleAppMain
2019-02-21 08:45:15,333 | INFO  | Apache ActiveMQ 5.15.8 (localhost, ID:DESKTOP-S8SP8AP-65119-1550709913989-0:1) started | org.apache.activemq.broker.BrokerService | WrapperSimpleAppMain
2019-02-21 08:45:15,333 | INFO  | For help or more information please see: http://activemq.apache.org | org.apache.activemq.broker.BrokerService | WrapperSimpleAppMain
2019-02-21 08:45:15,333 | WARN  | Store limit is 102400 mb (current store usage is 1 mb). The data directory: C:\Users\jjj\Desktop\activemq\apache-activemq-5.15.8\bin\win64\..\..\data\kahadb only has 16491 mb of usable space. - resetting to maximum available disk space: 16491 mb | org.apache.activemq.broker.BrokerService | WrapperSimpleAppMain
2019-02-21 08:45:15,333 | WARN  | Temporary Store limit is 51200 mb (current store usage is 0 mb). The data directory: C:\Users\jjj\Desktop\activemq\apache-activemq-5.15.8\bin\win64\..\..\data only has 16489 mb of usable space. - resetting to maximum available disk space: 16489 mb | org.apache.activemq.broker.BrokerService | WrapperSimpleAppMain
2019-02-21 08:45:16,599 | INFO  | No Spring WebApplicationInitializer types detected on classpath | /admin | WrapperSimpleAppMain
2019-02-21 08:45:17,880 | INFO  | ActiveMQ WebConsole available at http://0.0.0.0:8161/ | org.apache.activemq.web.WebConsoleStarter | WrapperSimpleAppMain
2019-02-21 08:45:17,880 | INFO  | ActiveMQ Jolokia REST API available at http://0.0.0.0:8161/api/jolokia/ | org.apache.activemq.web.WebConsoleStarter | WrapperSimpleAppMain
2019-02-21 08:45:17,989 | INFO  | Initializing Spring FrameworkServlet 'dispatcher' | /admin | WrapperSimpleAppMain
2019-02-21 08:45:18,349 | INFO  | No Spring WebApplicationInitializer types detected on classpath | /api | WrapperSimpleAppMain
2019-02-21 08:45:18,505 | INFO  | jolokia-agent: Using policy access restrictor classpath:/jolokia-access.xml | /api | WrapperSimpleAppMain
2019-02-21 09:09:14,035 | WARN  | Transport Connection to: tcp://127.0.0.1:49902 failed: java.net.SocketException: Software caused connection abort: recv failed | org.apache.activemq.broker.TransportConnection.Transport | ActiveMQ Transport: tcp:///127.0.0.1:49902@61616
2019-02-21 09:09:14,035 | WARN  | Transport Connection to: tcp://127.0.0.1:49960 failed: java.net.SocketException: Software caused connection abort: recv failed | org.apache.activemq.broker.TransportConnection.Transport | ActiveMQ Transport: tcp:///127.0.0.1:49960@61616
2019-02-21 09:09:14,035 | WARN  | Transport Connection to: tcp://127.0.0.1:49888 failed: java.net.SocketException: Software caused connection abort: recv failed | org.apache.activemq.broker.TransportConnection.Transport | ActiveMQ Transport: tcp:///127.0.0.1:49888@61616
2019-02-21 09:09:14,035 | WARN  | Transport Connection to: tcp://127.0.0.1:49864 failed: java.net.SocketException: Software caused connection abort: recv failed | org.apache.activemq.broker.TransportConnection.Transport | ActiveMQ Transport: tcp:///127.0.0.1:49864@61616
2019-02-21 09:09:14,035 | WARN  | Transport Connection to: tcp://127.0.0.1:49932 failed: java.net.SocketException: Software caused connection abort: recv failed | org.apache.activemq.broker.TransportConnection.Transport | ActiveMQ Transport: tcp:///127.0.0.1:49932@61616
2019-02-21 09:09:14,035 | WARN  | Transport Connection to: tcp://127.0.0.1:49976 failed: java.net.SocketException: Software caused connection abort: recv failed | org.apache.activemq.broker.TransportConnection.Transport | ActiveMQ Transport: tcp:///127.0.0.1:49976@61616
2019-02-21 09:09:14,035 | WARN  | Transport Connection to: tcp://127.0.0.1:49964 failed: java.net.SocketException: Software caused connection abort: recv failed | org.apache.activemq.broker.TransportConnection.Transport | ActiveMQ Transport: tcp:///127.0.0.1:49964@61616
2019-02-21 09:09:14,035 | WARN  | Transport Connection to: tcp://127.0.0.1:49933 failed: java.net.SocketException: Software caused connection abort: recv failed | org.apache.activemq.broker.TransportConnection.Transport | ActiveMQ Transport: tcp:///127.0.0.1:49933@61616
2019-02-21 09:09:14,035 | WARN  | Transport Connection to: tcp://127.0.0.1:49865 failed: java.net.SocketException: Software caused connection abort: recv failed | org.apache.activemq.broker.TransportConnection.Transport | ActiveMQ Transport: tcp:///127.0.0.1:49865@61616
2019-02-21 09:09:14,035 | WARN  | Transport Connection to: tcp://127.0.0.1:49925 failed: java.net.SocketException: Software caused connection abort: recv failed | org.apache.activemq.broker.TransportConnection.Transport | ActiveMQ Transport: tcp:///127.0.0.1:49925@61616
2019-02-21 09:09:14,035 | WARN  | Transport Connection to: tcp://127.0.0.1:49975 failed: java.net.SocketException: Software caused connection abort: recv failed | org.apache.activemq.broker.TransportConnection.Transport | ActiveMQ Transport: tcp:///127.0.0.1:49975@61616
2019-02-21 09:09:14,035 | WARN  | Transport Connection to: tcp://127.0.0.1:49974 failed: java.net.SocketException: Software caused connection abort: recv failed | org.apache.activemq.broker.TransportConnection.Transport | ActiveMQ Transport: tcp:///127.0.0.1:49974@61616
2019-02-21 09:09:14,035 | WARN  | Transport Connection to: tcp://127.0.0.1:49926 failed: java.net.SocketException: Software caused connection abort: recv failed | org.apache.activemq.broker.TransportConnection.Transport | ActiveMQ Transport: tcp:///127.0.0.1:49926@61616
2019-02-21 09:09:14,035 | WARN  | Transport Connection to: tcp://127.0.0.1:49965 failed: java.net.SocketException: Software caused connection abort: recv failed | org.apache.activemq.broker.TransportConnection.Transport | ActiveMQ Transport: tcp:///127.0.0.1:49965@61616
2019-02-21 09:09:14,035 | WARN  | Transport Connection to: tcp://127.0.0.1:49977 failed: java.net.SocketException: Software caused connection abort: recv failed | org.apache.activemq.broker.TransportConnection.Transport | ActiveMQ Transport: tcp:///127.0.0.1:49977@61616
2019-02-21 09:09:14,035 | WARN  | Transport Connection to: tcp://127.0.0.1:49889 failed: java.net.SocketException: Software caused connection abort: recv failed | org.apache.activemq.broker.TransportConnection.Transport | ActiveMQ Transport: tcp:///127.0.0.1:49889@61616
2019-02-21 09:09:14,035 | WARN  | Transport Connection to: tcp://127.0.0.1:49935 failed: java.net.SocketException: Software caused connection abort: recv failed | org.apache.activemq.broker.TransportConnection.Transport | ActiveMQ Transport: tcp:///127.0.0.1:49935@61616
2019-02-21 09:09:14,035 | WARN  | Transport Connection to: tcp://127.0.0.1:49903 failed: java.net.SocketException: Software caused connection abort: recv failed | org.apache.activemq.broker.TransportConnection.Transport | ActiveMQ Transport: tcp:///127.0.0.1:49903@61616
2019-02-21 09:09:14,035 | WARN  | Transport Connection to: tcp://127.0.0.1:49936 failed: java.net.SocketException: Software caused connection abort: recv failed | org.apache.activemq.broker.TransportConnection.Transport | ActiveMQ Transport: tcp:///127.0.0.1:49936@61616
2019-02-21 09:09:14,035 | WARN  | Transport Connection to: tcp://127.0.0.1:49934 failed: java.net.SocketException: Software caused connection abort: recv failed | org.apache.activemq.broker.TransportConnection.Transport | ActiveMQ Transport: tcp:///127.0.0.1:49934@61616
2019-02-21 09:09:14,202 | WARN  | Transport Connection to: tcp://127.0.0.1:49931 failed: java.net.SocketException: Software caused connection abort: recv failed | org.apache.activemq.broker.TransportConnection.Transport | ActiveMQ Transport: tcp:///127.0.0.1:49931@61616
2019-02-21 09:09:14,202 | WARN  | Transport Connection to: tcp://127.0.0.1:49961 failed: java.net.SocketException: Software caused connection abort: recv failed | org.apache.activemq.broker.TransportConnection.Transport | ActiveMQ Transport: tcp:///127.0.0.1:49961@61616
2019-02-21 11:01:30,166 | WARN  | Transport Connection to: tcp://127.0.0.1:55317 failed: java.net.SocketException: Connection reset | org.apache.activemq.broker.TransportConnection.Transport | ActiveMQ Transport: tcp:///127.0.0.1:55317@61616
2019-02-21 11:01:30,235 | WARN  | Transport Connection to: tcp://127.0.0.1:54670 failed: java.net.SocketException: Connection reset | org.apache.activemq.broker.TransportConnection.Transport | ActiveMQ Transport: tcp:///127.0.0.1:54670@61616
2019-02-21 11:01:30,167 | WARN  | Transport Connection to: tcp://127.0.0.1:54609 failed: java.net.SocketException: Connection reset | org.apache.activemq.broker.TransportConnection.Transport | ActiveMQ Transport: tcp:///127.0.0.1:54609@61616
2019-02-21 11:01:30,167 | WARN  | Transport Connection to: tcp://127.0.0.1:54611 failed: java.net.SocketException: Connection reset | org.apache.activemq.broker.TransportConnection.Transport | ActiveMQ Transport: tcp:///127.0.0.1:54611@61616
2019-02-21 11:01:30,167 | WARN  | Transport Connection to: tcp://127.0.0.1:54615 failed: java.net.SocketException: Connection reset | org.apache.activemq.broker.TransportConnection.Transport | ActiveMQ Transport: tcp:///127.0.0.1:54615@61616
2019-02-21 11:01:30,166 | WARN  | Transport Connection to: tcp://127.0.0.1:54612 failed: java.net.SocketException: Connection reset | org.apache.activemq.broker.TransportConnection.Transport | ActiveMQ Transport: tcp:///127.0.0.1:54612@61616
2019-02-21 11:01:30,166 | WARN  | Transport Connection to: tcp://127.0.0.1:55198 failed: java.net.SocketException: Connection reset | org.apache.activemq.broker.TransportConnection.Transport | ActiveMQ Transport: tcp:///127.0.0.1:55198@61616
2019-02-21 11:01:30,166 | WARN  | Transport Connection to: tcp://127.0.0.1:54616 failed: java.net.SocketException: Connection reset | org.apache.activemq.broker.TransportConnection.Transport | ActiveMQ Transport: tcp:///127.0.0.1:54616@61616
2019-02-21 11:01:30,166 | WARN  | Transport Connection to: tcp://127.0.0.1:54669 failed: java.net.SocketException: Connection reset | org.apache.activemq.broker.TransportConnection.Transport | ActiveMQ Transport: tcp:///127.0.0.1:54669@61616
2019-02-21 11:01:30,166 | WARN  | Transport Connection to: tcp://127.0.0.1:54663 failed: java.net.SocketException: Connection reset | org.apache.activemq.broker.TransportConnection.Transport | ActiveMQ Transport: tcp:///127.0.0.1:54663@61616
2019-02-21 11:01:30,166 | WARN  | Transport Connection to: tcp://127.0.0.1:54662 failed: java.net.SocketException: Connection reset | org.apache.activemq.broker.TransportConnection.Transport | ActiveMQ Transport: tcp:///127.0.0.1:54662@61616
2019-02-21 11:01:30,166 | WARN  | Transport Connection to: tcp://127.0.0.1:55195 failed: java.net.SocketException: Connection reset | org.apache.activemq.broker.TransportConnection.Transport | ActiveMQ Transport: tcp:///127.0.0.1:55195@61616
2019-02-21 11:01:30,166 | WARN  | Transport Connection to: tcp://127.0.0.1:55315 failed: java.net.SocketException: Connection reset | org.apache.activemq.broker.TransportConnection.Transport | ActiveMQ Transport: tcp:///127.0.0.1:55315@61616
