STATUS | wrapper  | 2019/02/18 10:33:40 | --> Wrapper Started as Console
STATUS | wrapper  | 2019/02/18 10:33:40 | Launching a JVM...
INFO   | jvm 1    | 2019/02/18 10:33:47 | Wrapper (Version 3.2.3) http://wrapper.tanukisoftware.org
INFO   | jvm 1    | 2019/02/18 10:33:47 |   Copyright 1999-2006 Tanuki Software, Inc.  All Rights Reserved.
INFO   | jvm 1    | 2019/02/18 10:33:47 | 
INFO   | jvm 1    | 2019/02/18 10:33:47 | Java Runtime: Oracle Corporation 1.8.0_201 C:\Program Files\Java\jre1.8.0_201
INFO   | jvm 1    | 2019/02/18 10:33:47 |   Heap sizes: current=58880k  free=49910k  max=932352k
INFO   | jvm 1    | 2019/02/18 10:33:47 |     JVM args: -Dactivemq.home=../.. -Dactivemq.base=../.. -Djavax.net.ssl.keyStorePassword=password -Djavax.net.ssl.trustStorePassword=password -Djavax.net.ssl.keyStore=../../conf/broker.ks -Djavax.net.ssl.trustStore=../../conf/broker.ts -Dcom.sun.management.jmxremote -Dorg.apache.activemq.UseDedicatedTaskRunner=true -Djava.util.logging.config.file=logging.properties -Dactivemq.conf=../../conf -Dactivemq.data=../../data -Djava.security.auth.login.config=../../conf/login.config -Xmx1024m -Djava.library.path=../../bin/win64 -Dwrapper.key=AC7aEL8pTxiEJnEV -Dwrapper.port=32000 -Dwrapper.jvm.port.min=31000 -Dwrapper.jvm.port.max=31999 -Dwrapper.pid=3544 -Dwrapper.version=3.2.3 -Dwrapper.native_library=wrapper -Dwrapper.cpu.timeout=10 -Dwrapper.jvmid=1
INFO   | jvm 1    | 2019/02/18 10:33:47 | Extensions classpath:
INFO   | jvm 1    | 2019/02/18 10:33:47 |   [..\..\lib,..\..\lib\camel,..\..\lib\optional,..\..\lib\web,..\..\lib\extra]
INFO   | jvm 1    | 2019/02/18 10:33:47 | ACTIVEMQ_HOME: ..\..
INFO   | jvm 1    | 2019/02/18 10:33:47 | ACTIVEMQ_BASE: ..\..
INFO   | jvm 1    | 2019/02/18 10:33:47 | ACTIVEMQ_CONF: ..\..\conf
INFO   | jvm 1    | 2019/02/18 10:33:47 | ACTIVEMQ_DATA: ..\..\data
INFO   | jvm 1    | 2019/02/18 10:33:48 | Loading message broker from: xbean:activemq.xml
INFO   | jvm 1    | 2019/02/18 10:33:48 |  INFO | Refreshing org.apache.activemq.xbean.XBeanBrokerFactory$1@71994f6d: startup date [Mon Feb 18 10:33:48 CST 2019]; root of context hierarchy
INFO   | jvm 1    | 2019/02/18 10:33:53 |  INFO | Using Persistence Adapter: KahaDBPersistenceAdapter[C:\Users\jjj\Desktop\activemq\apache-activemq-5.15.8\bin\win64\..\..\data\kahadb]
INFO   | jvm 1    | 2019/02/18 10:33:54 |  INFO | PListStore:[C:\Users\jjj\Desktop\activemq\apache-activemq-5.15.8\bin\win64\..\..\data\localhost\tmp_storage] started
INFO   | jvm 1    | 2019/02/18 10:33:54 |  INFO | Apache ActiveMQ 5.15.8 (localhost, ID:DESKTOP-S8SP8AP-57000-1550457234407-0:1) is starting
INFO   | jvm 1    | 2019/02/18 10:33:54 |  INFO | Listening for connections at: tcp://DESKTOP-S8SP8AP:61616?maximumConnections=1000&wireFormat.maxFrameSize=104857600
INFO   | jvm 1    | 2019/02/18 10:33:54 |  INFO | Connector openwire started
INFO   | jvm 1    | 2019/02/18 10:33:54 |  INFO | Listening for connections at: amqp://DESKTOP-S8SP8AP:5672?maximumConnections=1000&wireFormat.maxFrameSize=104857600
INFO   | jvm 1    | 2019/02/18 10:33:54 |  INFO | Connector amqp started
INFO   | jvm 1    | 2019/02/18 10:33:54 |  INFO | Listening for connections at: stomp://DESKTOP-S8SP8AP:61613?maximumConnections=1000&wireFormat.maxFrameSize=104857600
INFO   | jvm 1    | 2019/02/18 10:33:54 |  INFO | Connector stomp started
INFO   | jvm 1    | 2019/02/18 10:33:54 |  INFO | Listening for connections at: mqtt://DESKTOP-S8SP8AP:1883?maximumConnections=1000&wireFormat.maxFrameSize=104857600
INFO   | jvm 1    | 2019/02/18 10:33:54 |  INFO | Connector mqtt started
INFO   | jvm 1    | 2019/02/18 10:33:54 |  INFO | Starting Jetty server
INFO   | jvm 1    | 2019/02/18 10:33:54 |  INFO | Creating Jetty connector
INFO   | jvm 1    | 2019/02/18 10:33:54 |  WARN | ServletContext@o.e.j.s.ServletContextHandler@4f3d0c51{/,null,STARTING} has uncovered http methods for path: /
INFO   | jvm 1    | 2019/02/18 10:33:54 |  INFO | Listening for connections at ws://DESKTOP-S8SP8AP:61614?maximumConnections=1000&wireFormat.maxFrameSize=104857600
INFO   | jvm 1    | 2019/02/18 10:33:55 |  INFO | Connector ws started
INFO   | jvm 1    | 2019/02/18 10:33:55 |  INFO | Apache ActiveMQ 5.15.8 (localhost, ID:DESKTOP-S8SP8AP-57000-1550457234407-0:1) started
INFO   | jvm 1    | 2019/02/18 10:33:55 |  INFO | For help or more information please see: http://activemq.apache.org
INFO   | jvm 1    | 2019/02/18 10:33:55 |  WARN | Store limit is 102400 mb (current store usage is 0 mb). The data directory: C:\Users\jjj\Desktop\activemq\apache-activemq-5.15.8\bin\win64\..\..\data\kahadb only has 11628 mb of usable space. - resetting to maximum available disk space: 11628 mb
INFO   | jvm 1    | 2019/02/18 10:33:55 |  WARN | Temporary Store limit is 51200 mb (current store usage is 0 mb). The data directory: C:\Users\jjj\Desktop\activemq\apache-activemq-5.15.8\bin\win64\..\..\data only has 11628 mb of usable space. - resetting to maximum available disk space: 11628 mb
INFO   | jvm 1    | 2019/02/18 10:33:56 |  INFO | No Spring WebApplicationInitializer types detected on classpath
INFO   | jvm 1    | 2019/02/18 10:33:58 |  INFO | ActiveMQ WebConsole available at http://0.0.0.0:8161/
INFO   | jvm 1    | 2019/02/18 10:33:58 |  INFO | ActiveMQ Jolokia REST API available at http://0.0.0.0:8161/api/jolokia/
INFO   | jvm 1    | 2019/02/18 10:33:58 |  INFO | Initializing Spring FrameworkServlet 'dispatcher'
INFO   | jvm 1    | 2019/02/18 10:33:59 |  INFO | No Spring WebApplicationInitializer types detected on classpath
INFO   | jvm 1    | 2019/02/18 10:33:59 |  INFO | jolokia-agent: Using policy access restrictor classpath:/jolokia-access.xml
STATUS | wrapper  | 2019/02/18 14:08:17 | --> Wrapper Started as Console
STATUS | wrapper  | 2019/02/18 14:08:18 | Launching a JVM...
INFO   | jvm 1    | 2019/02/18 14:08:21 | Wrapper (Version 3.2.3) http://wrapper.tanukisoftware.org
INFO   | jvm 1    | 2019/02/18 14:08:21 |   Copyright 1999-2006 Tanuki Software, Inc.  All Rights Reserved.
INFO   | jvm 1    | 2019/02/18 14:08:21 | 
INFO   | jvm 1    | 2019/02/18 14:08:21 | Java Runtime: Oracle Corporation 1.8.0_201 C:\Program Files\Java\jre1.8.0_201
INFO   | jvm 1    | 2019/02/18 14:08:21 |   Heap sizes: current=58880k  free=48731k  max=932352k
INFO   | jvm 1    | 2019/02/18 14:08:21 |     JVM args: -Dactivemq.home=../.. -Dactivemq.base=../.. -Djavax.net.ssl.keyStorePassword=password -Djavax.net.ssl.trustStorePassword=password -Djavax.net.ssl.keyStore=../../conf/broker.ks -Djavax.net.ssl.trustStore=../../conf/broker.ts -Dcom.sun.management.jmxremote -Dorg.apache.activemq.UseDedicatedTaskRunner=true -Djava.util.logging.config.file=logging.properties -Dactivemq.conf=../../conf -Dactivemq.data=../../data -Djava.security.auth.login.config=../../conf/login.config -Xmx1024m -Djava.library.path=../../bin/win64 -Dwrapper.key=cPBv_R3bWHGG0P2M -Dwrapper.port=32000 -Dwrapper.jvm.port.min=31000 -Dwrapper.jvm.port.max=31999 -Dwrapper.pid=3292 -Dwrapper.version=3.2.3 -Dwrapper.native_library=wrapper -Dwrapper.cpu.timeout=10 -Dwrapper.jvmid=1
INFO   | jvm 1    | 2019/02/18 14:08:21 | Extensions classpath:
INFO   | jvm 1    | 2019/02/18 14:08:21 |   [..\..\lib,..\..\lib\camel,..\..\lib\optional,..\..\lib\web,..\..\lib\extra]
INFO   | jvm 1    | 2019/02/18 14:08:21 | ACTIVEMQ_HOME: ..\..
INFO   | jvm 1    | 2019/02/18 14:08:21 | ACTIVEMQ_BASE: ..\..
INFO   | jvm 1    | 2019/02/18 14:08:21 | ACTIVEMQ_CONF: ..\..\conf
INFO   | jvm 1    | 2019/02/18 14:08:21 | ACTIVEMQ_DATA: ..\..\data
INFO   | jvm 1    | 2019/02/18 14:08:31 | Loading message broker from: xbean:activemq.xml
INFO   | jvm 1    | 2019/02/18 14:08:31 |  INFO | Refreshing org.apache.activemq.xbean.XBeanBrokerFactory$1@4f11d339: startup date [Mon Feb 18 14:08:31 CST 2019]; root of context hierarchy
INFO   | jvm 1    | 2019/02/18 14:08:35 |  INFO | Using Persistence Adapter: KahaDBPersistenceAdapter[C:\Users\jjj\Desktop\activemq\apache-activemq-5.15.8\bin\win64\..\..\data\kahadb]
INFO   | jvm 1    | 2019/02/18 14:08:36 |  INFO | KahaDB is version 6
INFO   | jvm 1    | 2019/02/18 14:08:36 |  INFO | PListStore:[C:\Users\jjj\Desktop\activemq\apache-activemq-5.15.8\bin\win64\..\..\data\localhost\tmp_storage] started
INFO   | jvm 1    | 2019/02/18 14:08:36 |  INFO | Apache ActiveMQ 5.15.8 (localhost, ID:DESKTOP-S8SP8AP-50490-1550470116487-0:1) is starting
INFO   | jvm 1    | 2019/02/18 14:08:37 | ERROR | Failed to start Apache ActiveMQ (localhost, ID:DESKTOP-S8SP8AP-50490-1550470116487-0:1)
INFO   | jvm 1    | 2019/02/18 14:08:37 | java.io.IOException: Transport Connector could not be registered in JMX: java.io.IOException: Failed to bind to server socket: tcp://0.0.0.0:61616?maximumConnections=1000&wireFormat.maxFrameSize=104857600 due to: java.net.BindException: Address already in use: JVM_Bind
INFO   | jvm 1    | 2019/02/18 14:08:37 | 	at org.apache.activemq.util.IOExceptionSupport.create(IOExceptionSupport.java:28)[activemq-client-5.15.8.jar:5.15.8]
INFO   | jvm 1    | 2019/02/18 14:08:37 | 	at org.apache.activemq.broker.BrokerService.registerConnectorMBean(BrokerService.java:2264)[activemq-broker-5.15.8.jar:5.15.8]
INFO   | jvm 1    | 2019/02/18 14:08:37 | 	at org.apache.activemq.broker.BrokerService.startTransportConnector(BrokerService.java:2744)[activemq-broker-5.15.8.jar:5.15.8]
INFO   | jvm 1    | 2019/02/18 14:08:37 | 	at org.apache.activemq.broker.BrokerService.startAllConnectors(BrokerService.java:2640)[activemq-broker-5.15.8.jar:5.15.8]
INFO   | jvm 1    | 2019/02/18 14:08:37 | 	at org.apache.activemq.broker.BrokerService.doStartBroker(BrokerService.java:771)[activemq-broker-5.15.8.jar:5.15.8]
INFO   | jvm 1    | 2019/02/18 14:08:37 | 	at org.apache.activemq.broker.BrokerService.startBroker(BrokerService.java:733)[activemq-broker-5.15.8.jar:5.15.8]
INFO   | jvm 1    | 2019/02/18 14:08:37 | 	at org.apache.activemq.broker.BrokerService.start(BrokerService.java:636)[activemq-broker-5.15.8.jar:5.15.8]
INFO   | jvm 1    | 2019/02/18 14:08:37 | 	at org.apache.activemq.xbean.XBeanBrokerService.afterPropertiesSet(XBeanBrokerService.java:73)[activemq-spring-5.15.8.jar:5.15.8]
INFO   | jvm 1    | 2019/02/18 14:08:37 | 	at sun.reflect.NativeMethodAccessorImpl.invoke0(Native Method)[:1.8.0_201]
INFO   | jvm 1    | 2019/02/18 14:08:37 | 	at sun.reflect.NativeMethodAccessorImpl.invoke(Unknown Source)[:1.8.0_201]
INFO   | jvm 1    | 2019/02/18 14:08:37 | 	at sun.reflect.DelegatingMethodAccessorImpl.invoke(Unknown Source)[:1.8.0_201]
INFO   | jvm 1    | 2019/02/18 14:08:37 | 	at java.lang.reflect.Method.invoke(Unknown Source)[:1.8.0_201]
INFO   | jvm 1    | 2019/02/18 14:08:37 | 	at org.springframework.beans.factory.support.AbstractAutowireCapableBeanFactory.invokeCustomInitMethod(AbstractAutowireCapableBeanFactory.java:1763)[spring-beans-4.3.18.RELEASE.jar:4.3.18.RELEASE]
INFO   | jvm 1    | 2019/02/18 14:08:37 | 	at org.springframework.beans.factory.support.AbstractAutowireCapableBeanFactory.invokeInitMethods(AbstractAutowireCapableBeanFactory.java:1700)[spring-beans-4.3.18.RELEASE.jar:4.3.18.RELEASE]
INFO   | jvm 1    | 2019/02/18 14:08:37 | 	at org.springframework.beans.factory.support.AbstractAutowireCapableBeanFactory.initializeBean(AbstractAutowireCapableBeanFactory.java:1630)[spring-beans-4.3.18.RELEASE.jar:4.3.18.RELEASE]
INFO   | jvm 1    | 2019/02/18 14:08:37 | 	at org.springframework.beans.factory.support.AbstractAutowireCapableBeanFactory.doCreateBean(AbstractAutowireCapableBeanFactory.java:555)[spring-beans-4.3.18.RELEASE.jar:4.3.18.RELEASE]
INFO   | jvm 1    | 2019/02/18 14:08:37 | 	at org.springframework.beans.factory.support.AbstractAutowireCapableBeanFactory.createBean(AbstractAutowireCapableBeanFactory.java:483)[spring-beans-4.3.18.RELEASE.jar:4.3.18.RELEASE]
INFO   | jvm 1    | 2019/02/18 14:08:37 | 	at org.springframework.beans.factory.support.AbstractBeanFactory$1.getObject(AbstractBeanFactory.java:312)[spring-beans-4.3.18.RELEASE.jar:4.3.18.RELEASE]
INFO   | jvm 1    | 2019/02/18 14:08:37 | 	at org.springframework.beans.factory.support.DefaultSingletonBeanRegistry.getSingleton(DefaultSingletonBeanRegistry.java:230)[spring-beans-4.3.18.RELEASE.jar:4.3.18.RELEASE]
INFO   | jvm 1    | 2019/02/18 14:08:37 | 	at org.springframework.beans.factory.support.AbstractBeanFactory.doGetBean(AbstractBeanFactory.java:308)[spring-beans-4.3.18.RELEASE.jar:4.3.18.RELEASE]
INFO   | jvm 1    | 2019/02/18 14:08:37 | 	at org.springframework.beans.factory.support.AbstractBeanFactory.getBean(AbstractBeanFactory.java:197)[spring-beans-4.3.18.RELEASE.jar:4.3.18.RELEASE]
INFO   | jvm 1    | 2019/02/18 14:08:37 | 	at org.springframework.beans.factory.support.DefaultListableBeanFactory.preInstantiateSingletons(DefaultListableBeanFactory.java:761)[spring-beans-4.3.18.RELEASE.jar:4.3.18.RELEASE]
INFO   | jvm 1    | 2019/02/18 14:08:37 | 	at org.springframework.context.support.AbstractApplicationContext.finishBeanFactoryInitialization(AbstractApplicationContext.java:867)[spring-context-4.3.18.RELEASE.jar:4.3.18.RELEASE]
INFO   | jvm 1    | 2019/02/18 14:08:37 | 	at org.springframework.context.support.AbstractApplicationContext.refresh(AbstractApplicationContext.java:543)[spring-context-4.3.18.RELEASE.jar:4.3.18.RELEASE]
INFO   | jvm 1    | 2019/02/18 14:08:37 | 	at org.apache.xbean.spring.context.ResourceXmlApplicationContext.<init>(ResourceXmlApplicationContext.java:64)[xbean-spring-4.2.jar:4.2]
INFO   | jvm 1    | 2019/02/18 14:08:37 | 	at org.apache.xbean.spring.context.ResourceXmlApplicationContext.<init>(ResourceXmlApplicationContext.java:52)[xbean-spring-4.2.jar:4.2]
INFO   | jvm 1    | 2019/02/18 14:08:37 | 	at org.apache.activemq.xbean.XBeanBrokerFactory$1.<init>(XBeanBrokerFactory.java:104)[activemq-spring-5.15.8.jar:5.15.8]
INFO   | jvm 1    | 2019/02/18 14:08:37 | 	at org.apache.activemq.xbean.XBeanBrokerFactory.createApplicationContext(XBeanBrokerFactory.java:104)[activemq-spring-5.15.8.jar:5.15.8]
INFO   | jvm 1    | 2019/02/18 14:08:37 | 	at org.apache.activemq.xbean.XBeanBrokerFactory.createBroker(XBeanBrokerFactory.java:67)[activemq-spring-5.15.8.jar:5.15.8]
INFO   | jvm 1    | 2019/02/18 14:08:37 | 	at org.apache.activemq.broker.BrokerFactory.createBroker(BrokerFactory.java:71)[activemq-broker-5.15.8.jar:5.15.8]
INFO   | jvm 1    | 2019/02/18 14:08:37 | 	at org.apache.activemq.broker.BrokerFactory.createBroker(BrokerFactory.java:54)[activemq-broker-5.15.8.jar:5.15.8]
INFO   | jvm 1    | 2019/02/18 14:08:37 | 	at org.apache.activemq.console.command.StartCommand.runTask(StartCommand.java:87)[activemq-console-5.15.8.jar:5.15.8]
INFO   | jvm 1    | 2019/02/18 14:08:37 | 	at org.apache.activemq.console.command.AbstractCommand.execute(AbstractCommand.java:63)[activemq-console-5.15.8.jar:5.15.8]
INFO   | jvm 1    | 2019/02/18 14:08:37 | 	at org.apache.activemq.console.command.ShellCommand.runTask(ShellCommand.java:154)[activemq-console-5.15.8.jar:5.15.8]
INFO   | jvm 1    | 2019/02/18 14:08:37 | 	at org.apache.activemq.console.command.AbstractCommand.execute(AbstractCommand.java:63)[activemq-console-5.15.8.jar:5.15.8]
INFO   | jvm 1    | 2019/02/18 14:08:37 | 	at org.apache.activemq.console.command.ShellCommand.main(ShellCommand.java:104)[activemq-console-5.15.8.jar:5.15.8]
INFO   | jvm 1    | 2019/02/18 14:08:37 | 	at sun.reflect.NativeMethodAccessorImpl.invoke0(Native Method)[:1.8.0_201]
INFO   | jvm 1    | 2019/02/18 14:08:37 | 	at sun.reflect.NativeMethodAccessorImpl.invoke(Unknown Source)[:1.8.0_201]
INFO   | jvm 1    | 2019/02/18 14:08:37 | 	at sun.reflect.DelegatingMethodAccessorImpl.invoke(Unknown Source)[:1.8.0_201]
INFO   | jvm 1    | 2019/02/18 14:08:37 | 	at java.lang.reflect.Method.invoke(Unknown Source)[:1.8.0_201]
INFO   | jvm 1    | 2019/02/18 14:08:37 | 	at org.apache.activemq.console.Main.runTaskClass(Main.java:262)[activemq.jar:5.15.8]
INFO   | jvm 1    | 2019/02/18 14:08:37 | 	at org.apache.activemq.console.Main.main(Main.java:115)[activemq.jar:5.15.8]
INFO   | jvm 1    | 2019/02/18 14:08:37 | 	at sun.reflect.NativeMethodAccessorImpl.invoke0(Native Method)[:1.8.0_201]
INFO   | jvm 1    | 2019/02/18 14:08:37 | 	at sun.reflect.NativeMethodAccessorImpl.invoke(Unknown Source)[:1.8.0_201]
INFO   | jvm 1    | 2019/02/18 14:08:37 | 	at sun.reflect.DelegatingMethodAccessorImpl.invoke(Unknown Source)[:1.8.0_201]
INFO   | jvm 1    | 2019/02/18 14:08:37 | 	at java.lang.reflect.Method.invoke(Unknown Source)[:1.8.0_201]
INFO   | jvm 1    | 2019/02/18 14:08:37 | 	at org.tanukisoftware.wrapper.WrapperSimpleApp.run(WrapperSimpleApp.java:240)[wrapper.jar:3.2.3]
INFO   | jvm 1    | 2019/02/18 14:08:37 | 	at java.lang.Thread.run(Unknown Source)[:1.8.0_201]
INFO   | jvm 1    | 2019/02/18 14:08:37 |  INFO | Apache ActiveMQ 5.15.8 (localhost, ID:DESKTOP-S8SP8AP-50490-1550470116487-0:1) is shutting down
INFO   | jvm 1    | 2019/02/18 14:08:37 |  INFO | Connector openwire stopped
INFO   | jvm 1    | 2019/02/18 14:08:37 |  INFO | Connector amqp stopped
INFO   | jvm 1    | 2019/02/18 14:08:37 |  INFO | Connector stomp stopped
INFO   | jvm 1    | 2019/02/18 14:08:37 |  INFO | Connector mqtt stopped
INFO   | jvm 1    | 2019/02/18 14:08:37 |  INFO | Connector ws stopped
INFO   | jvm 1    | 2019/02/18 14:08:37 |  INFO | PListStore:[C:\Users\jjj\Desktop\activemq\apache-activemq-5.15.8\bin\win64\..\..\data\localhost\tmp_storage] stopped
INFO   | jvm 1    | 2019/02/18 14:08:37 |  INFO | Stopping async queue tasks
INFO   | jvm 1    | 2019/02/18 14:08:37 |  INFO | Stopping async topic tasks
INFO   | jvm 1    | 2019/02/18 14:08:37 |  INFO | Stopped KahaDB
INFO   | jvm 1    | 2019/02/18 14:08:37 |  INFO | Apache ActiveMQ 5.15.8 (localhost, ID:DESKTOP-S8SP8AP-50490-1550470116487-0:1) uptime 2.015 seconds
INFO   | jvm 1    | 2019/02/18 14:08:37 |  INFO | Apache ActiveMQ 5.15.8 (localhost, ID:DESKTOP-S8SP8AP-50490-1550470116487-0:1) is shutdown
INFO   | jvm 1    | 2019/02/18 14:08:37 |  INFO | Closing org.apache.activemq.xbean.XBeanBrokerFactory$1@4f11d339: startup date [Mon Feb 18 14:08:31 CST 2019]; root of context hierarchy
INFO   | jvm 1    | 2019/02/18 14:08:37 |  WARN | Exception encountered during context initialization - cancelling refresh attempt: org.springframework.beans.factory.BeanCreationException: Error creating bean with name 'org.apache.activemq.xbean.XBeanBrokerService#0' defined in class path resource [activemq.xml]: Invocation of init method failed; nested exception is java.io.IOException: Transport Connector could not be registered in JMX: java.io.IOException: Failed to bind to server socket: tcp://0.0.0.0:61616?maximumConnections=1000&wireFormat.maxFrameSize=104857600 due to: java.net.BindException: Address already in use: JVM_Bind
INFO   | jvm 1    | 2019/02/18 14:08:37 | ERROR: java.lang.RuntimeException: Failed to execute start task. Reason: java.lang.IllegalStateException: BeanFactory not initialized or already closed - call 'refresh' before accessing beans via the ApplicationContext
INFO   | jvm 1    | 2019/02/18 14:08:37 | java.lang.RuntimeException: Failed to execute start task. Reason: java.lang.IllegalStateException: BeanFactory not initialized or already closed - call 'refresh' before accessing beans via the ApplicationContext
INFO   | jvm 1    | 2019/02/18 14:08:37 | 	at org.apache.activemq.console.command.StartCommand.runTask(StartCommand.java:91)
INFO   | jvm 1    | 2019/02/18 14:08:37 | 	at org.apache.activemq.console.command.AbstractCommand.execute(AbstractCommand.java:63)
INFO   | jvm 1    | 2019/02/18 14:08:37 | 	at org.apache.activemq.console.command.ShellCommand.runTask(ShellCommand.java:154)
INFO   | jvm 1    | 2019/02/18 14:08:37 | 	at org.apache.activemq.console.command.AbstractCommand.execute(AbstractCommand.java:63)
INFO   | jvm 1    | 2019/02/18 14:08:37 | 	at org.apache.activemq.console.command.ShellCommand.main(ShellCommand.java:104)
INFO   | jvm 1    | 2019/02/18 14:08:37 | 	at sun.reflect.NativeMethodAccessorImpl.invoke0(Native Method)
INFO   | jvm 1    | 2019/02/18 14:08:37 | 	at sun.reflect.NativeMethodAccessorImpl.invoke(Unknown Source)
INFO   | jvm 1    | 2019/02/18 14:08:37 | 	at sun.reflect.DelegatingMethodAccessorImpl.invoke(Unknown Source)
INFO   | jvm 1    | 2019/02/18 14:08:37 | 	at java.lang.reflect.Method.invoke(Unknown Source)
INFO   | jvm 1    | 2019/02/18 14:08:37 | 	at org.apache.activemq.console.Main.runTaskClass(Main.java:262)
INFO   | jvm 1    | 2019/02/18 14:08:37 | 	at org.apache.activemq.console.Main.main(Main.java:115)
INFO   | jvm 1    | 2019/02/18 14:08:37 | 	at sun.reflect.NativeMethodAccessorImpl.invoke0(Native Method)
INFO   | jvm 1    | 2019/02/18 14:08:37 | 	at sun.reflect.NativeMethodAccessorImpl.invoke(Unknown Source)
INFO   | jvm 1    | 2019/02/18 14:08:37 | 	at sun.reflect.DelegatingMethodAccessorImpl.invoke(Unknown Source)
INFO   | jvm 1    | 2019/02/18 14:08:37 | 	at java.lang.reflect.Method.invoke(Unknown Source)
INFO   | jvm 1    | 2019/02/18 14:08:37 | 	at org.tanukisoftware.wrapper.WrapperSimpleApp.run(WrapperSimpleApp.java:240)
INFO   | jvm 1    | 2019/02/18 14:08:37 | 	at java.lang.Thread.run(Unknown Source)
INFO   | jvm 1    | 2019/02/18 14:08:37 | Caused by: java.lang.IllegalStateException: BeanFactory not initialized or already closed - call 'refresh' before accessing beans via the ApplicationContext
INFO   | jvm 1    | 2019/02/18 14:08:37 | 	at org.springframework.context.support.AbstractRefreshableApplicationContext.getBeanFactory(AbstractRefreshableApplicationContext.java:170)
INFO   | jvm 1    | 2019/02/18 14:08:37 | 	at org.springframework.context.support.AbstractApplicationContext.destroyBeans(AbstractApplicationContext.java:1032)
INFO   | jvm 1    | 2019/02/18 14:08:37 | 	at org.springframework.context.support.AbstractApplicationContext.refresh(AbstractApplicationContext.java:556)
INFO   | jvm 1    | 2019/02/18 14:08:37 | 	at org.apache.xbean.spring.context.ResourceXmlApplicationContext.<init>(ResourceXmlApplicationContext.java:64)
INFO   | jvm 1    | 2019/02/18 14:08:37 | 	at org.apache.xbean.spring.context.ResourceXmlApplicationContext.<init>(ResourceXmlApplicationContext.java:52)
INFO   | jvm 1    | 2019/02/18 14:08:37 | 	at org.apache.activemq.xbean.XBeanBrokerFactory$1.<init>(XBeanBrokerFactory.java:104)
INFO   | jvm 1    | 2019/02/18 14:08:37 | 	at org.apache.activemq.xbean.XBeanBrokerFactory.createApplicationContext(XBeanBrokerFactory.java:104)
INFO   | jvm 1    | 2019/02/18 14:08:37 | 	at org.apache.activemq.xbean.XBeanBrokerFactory.createBroker(XBeanBrokerFactory.java:67)
INFO   | jvm 1    | 2019/02/18 14:08:37 | 	at org.apache.activemq.broker.BrokerFactory.createBroker(BrokerFactory.java:71)
INFO   | jvm 1    | 2019/02/18 14:08:37 | 	at org.apache.activemq.broker.BrokerFactory.createBroker(BrokerFactory.java:54)
INFO   | jvm 1    | 2019/02/18 14:08:37 | 	at org.apache.activemq.console.command.StartCommand.runTask(StartCommand.java:87)
INFO   | jvm 1    | 2019/02/18 14:08:37 | 	... 16 more
INFO   | jvm 1    | 2019/02/18 14:08:37 | ERROR: java.lang.IllegalStateException: BeanFactory not initialized or already closed - call 'refresh' before accessing beans via the ApplicationContext
INFO   | jvm 1    | 2019/02/18 14:08:37 | java.lang.IllegalStateException: BeanFactory not initialized or already closed - call 'refresh' before accessing beans via the ApplicationContext
INFO   | jvm 1    | 2019/02/18 14:08:37 | 	at org.springframework.context.support.AbstractRefreshableApplicationContext.getBeanFactory(AbstractRefreshableApplicationContext.java:170)
INFO   | jvm 1    | 2019/02/18 14:08:37 | 	at org.springframework.context.support.AbstractApplicationContext.destroyBeans(AbstractApplicationContext.java:1032)
INFO   | jvm 1    | 2019/02/18 14:08:37 | 	at org.springframework.context.support.AbstractApplicationContext.refresh(AbstractApplicationContext.java:556)
INFO   | jvm 1    | 2019/02/18 14:08:37 | 	at org.apache.xbean.spring.context.ResourceXmlApplicationContext.<init>(ResourceXmlApplicationContext.java:64)
INFO   | jvm 1    | 2019/02/18 14:08:37 | 	at org.apache.xbean.spring.context.ResourceXmlApplicationContext.<init>(ResourceXmlApplicationContext.java:52)
INFO   | jvm 1    | 2019/02/18 14:08:37 | 	at org.apache.activemq.xbean.XBeanBrokerFactory$1.<init>(XBeanBrokerFactory.java:104)
INFO   | jvm 1    | 2019/02/18 14:08:37 | 	at org.apache.activemq.xbean.XBeanBrokerFactory.createApplicationContext(XBeanBrokerFactory.java:104)
INFO   | jvm 1    | 2019/02/18 14:08:37 | 	at org.apache.activemq.xbean.XBeanBrokerFactory.createBroker(XBeanBrokerFactory.java:67)
INFO   | jvm 1    | 2019/02/18 14:08:37 | 	at org.apache.activemq.broker.BrokerFactory.createBroker(BrokerFactory.java:71)
INFO   | jvm 1    | 2019/02/18 14:08:37 | 	at org.apache.activemq.broker.BrokerFactory.createBroker(BrokerFactory.java:54)
INFO   | jvm 1    | 2019/02/18 14:08:37 | 	at org.apache.activemq.console.command.StartCommand.runTask(StartCommand.java:87)
INFO   | jvm 1    | 2019/02/18 14:08:37 | 	at org.apache.activemq.console.command.AbstractCommand.execute(AbstractCommand.java:63)
INFO   | jvm 1    | 2019/02/18 14:08:37 | 	at org.apache.activemq.console.command.ShellCommand.runTask(ShellCommand.java:154)
INFO   | jvm 1    | 2019/02/18 14:08:37 | 	at org.apache.activemq.console.command.AbstractCommand.execute(AbstractCommand.java:63)
INFO   | jvm 1    | 2019/02/18 14:08:37 | 	at org.apache.activemq.console.command.ShellCommand.main(ShellCommand.java:104)
INFO   | jvm 1    | 2019/02/18 14:08:37 | 	at sun.reflect.NativeMethodAccessorImpl.invoke0(Native Method)
INFO   | jvm 1    | 2019/02/18 14:08:37 | 	at sun.reflect.NativeMethodAccessorImpl.invoke(Unknown Source)
INFO   | jvm 1    | 2019/02/18 14:08:37 | 	at sun.reflect.DelegatingMethodAccessorImpl.invoke(Unknown Source)
INFO   | jvm 1    | 2019/02/18 14:08:37 | 	at java.lang.reflect.Method.invoke(Unknown Source)
INFO   | jvm 1    | 2019/02/18 14:08:37 | 	at org.apache.activemq.console.Main.runTaskClass(Main.java:262)
INFO   | jvm 1    | 2019/02/18 14:08:37 | 	at org.apache.activemq.console.Main.main(Main.java:115)
INFO   | jvm 1    | 2019/02/18 14:08:37 | 	at sun.reflect.NativeMethodAccessorImpl.invoke0(Native Method)
INFO   | jvm 1    | 2019/02/18 14:08:37 | 	at sun.reflect.NativeMethodAccessorImpl.invoke(Unknown Source)
INFO   | jvm 1    | 2019/02/18 14:08:37 | 	at sun.reflect.DelegatingMethodAccessorImpl.invoke(Unknown Source)
INFO   | jvm 1    | 2019/02/18 14:08:37 | 	at java.lang.reflect.Method.invoke(Unknown Source)
INFO   | jvm 1    | 2019/02/18 14:08:37 | 	at org.tanukisoftware.wrapper.WrapperSimpleApp.run(WrapperSimpleApp.java:240)
INFO   | jvm 1    | 2019/02/18 14:08:37 | 	at java.lang.Thread.run(Unknown Source)
STATUS | wrapper  | 2019/02/18 14:08:39 | <-- Wrapper Stopped
STATUS | wrapper  | 2019/02/18 14:09:51 | --> Wrapper Started as Console
STATUS | wrapper  | 2019/02/18 14:09:51 | Launching a JVM...
INFO   | jvm 1    | 2019/02/18 14:09:52 | Wrapper (Version 3.2.3) http://wrapper.tanukisoftware.org
INFO   | jvm 1    | 2019/02/18 14:09:52 |   Copyright 1999-2006 Tanuki Software, Inc.  All Rights Reserved.
INFO   | jvm 1    | 2019/02/18 14:09:52 | 
INFO   | jvm 1    | 2019/02/18 14:09:52 | Java Runtime: Oracle Corporation 1.8.0_201 C:\Program Files\Java\jre1.8.0_201
INFO   | jvm 1    | 2019/02/18 14:09:52 |   Heap sizes: current=58880k  free=50276k  max=932352k
INFO   | jvm 1    | 2019/02/18 14:09:52 |     JVM args: -Dactivemq.home=../.. -Dactivemq.base=../.. -Djavax.net.ssl.keyStorePassword=password -Djavax.net.ssl.trustStorePassword=password -Djavax.net.ssl.keyStore=../../conf/broker.ks -Djavax.net.ssl.trustStore=../../conf/broker.ts -Dcom.sun.management.jmxremote -Dorg.apache.activemq.UseDedicatedTaskRunner=true -Djava.util.logging.config.file=logging.properties -Dactivemq.conf=../../conf -Dactivemq.data=../../data -Djava.security.auth.login.config=../../conf/login.config -Xmx1024m -Djava.library.path=../../bin/win64 -Dwrapper.key=j7OgoNF5n49rnGyL -Dwrapper.port=32000 -Dwrapper.jvm.port.min=31000 -Dwrapper.jvm.port.max=31999 -Dwrapper.pid=5100 -Dwrapper.version=3.2.3 -Dwrapper.native_library=wrapper -Dwrapper.cpu.timeout=10 -Dwrapper.jvmid=1
INFO   | jvm 1    | 2019/02/18 14:09:52 | Extensions classpath:
INFO   | jvm 1    | 2019/02/18 14:09:52 |   [..\..\lib,..\..\lib\camel,..\..\lib\optional,..\..\lib\web,..\..\lib\extra]
INFO   | jvm 1    | 2019/02/18 14:09:52 | ACTIVEMQ_HOME: ..\..
INFO   | jvm 1    | 2019/02/18 14:09:52 | ACTIVEMQ_BASE: ..\..
INFO   | jvm 1    | 2019/02/18 14:09:52 | ACTIVEMQ_CONF: ..\..\conf
INFO   | jvm 1    | 2019/02/18 14:09:52 | ACTIVEMQ_DATA: ..\..\data
INFO   | jvm 1    | 2019/02/18 14:09:52 | Loading message broker from: xbean:activemq.xml
INFO   | jvm 1    | 2019/02/18 14:09:53 |  INFO | Refreshing org.apache.activemq.xbean.XBeanBrokerFactory$1@c0a24c7: startup date [Mon Feb 18 14:09:52 CST 2019]; root of context hierarchy
INFO   | jvm 1    | 2019/02/18 14:09:54 |  INFO | Using Persistence Adapter: KahaDBPersistenceAdapter[C:\Users\jjj\Desktop\activemq\apache-activemq-5.15.8\bin\win64\..\..\data\kahadb]
INFO   | jvm 1    | 2019/02/18 14:09:54 |  INFO | KahaDB is version 6
INFO   | jvm 1    | 2019/02/18 14:09:54 |  INFO | PListStore:[C:\Users\jjj\Desktop\activemq\apache-activemq-5.15.8\bin\win64\..\..\data\localhost\tmp_storage] started
INFO   | jvm 1    | 2019/02/18 14:09:54 |  INFO | Apache ActiveMQ 5.15.8 (localhost, ID:DESKTOP-S8SP8AP-50583-1550470194536-0:1) is starting
INFO   | jvm 1    | 2019/02/18 14:09:54 | ERROR | Failed to start Apache ActiveMQ (localhost, ID:DESKTOP-S8SP8AP-50583-1550470194536-0:1)
INFO   | jvm 1    | 2019/02/18 14:09:54 | java.io.IOException: Transport Connector could not be registered in JMX: java.io.IOException: Failed to bind to server socket: tcp://0.0.0.0:61616?maximumConnections=1000&wireFormat.maxFrameSize=104857600 due to: java.net.BindException: Address already in use: JVM_Bind
INFO   | jvm 1    | 2019/02/18 14:09:54 | 	at org.apache.activemq.util.IOExceptionSupport.create(IOExceptionSupport.java:28)[activemq-client-5.15.8.jar:5.15.8]
INFO   | jvm 1    | 2019/02/18 14:09:54 | 	at org.apache.activemq.broker.BrokerService.registerConnectorMBean(BrokerService.java:2264)[activemq-broker-5.15.8.jar:5.15.8]
INFO   | jvm 1    | 2019/02/18 14:09:54 | 	at org.apache.activemq.broker.BrokerService.startTransportConnector(BrokerService.java:2744)[activemq-broker-5.15.8.jar:5.15.8]
INFO   | jvm 1    | 2019/02/18 14:09:54 | 	at org.apache.activemq.broker.BrokerService.startAllConnectors(BrokerService.java:2640)[activemq-broker-5.15.8.jar:5.15.8]
INFO   | jvm 1    | 2019/02/18 14:09:54 | 	at org.apache.activemq.broker.BrokerService.doStartBroker(BrokerService.java:771)[activemq-broker-5.15.8.jar:5.15.8]
INFO   | jvm 1    | 2019/02/18 14:09:54 | 	at org.apache.activemq.broker.BrokerService.startBroker(BrokerService.java:733)[activemq-broker-5.15.8.jar:5.15.8]
INFO   | jvm 1    | 2019/02/18 14:09:54 | 	at org.apache.activemq.broker.BrokerService.start(BrokerService.java:636)[activemq-broker-5.15.8.jar:5.15.8]
INFO   | jvm 1    | 2019/02/18 14:09:54 | 	at org.apache.activemq.xbean.XBeanBrokerService.afterPropertiesSet(XBeanBrokerService.java:73)[activemq-spring-5.15.8.jar:5.15.8]
INFO   | jvm 1    | 2019/02/18 14:09:54 | 	at sun.reflect.NativeMethodAccessorImpl.invoke0(Native Method)[:1.8.0_201]
INFO   | jvm 1    | 2019/02/18 14:09:54 | 	at sun.reflect.NativeMethodAccessorImpl.invoke(Unknown Source)[:1.8.0_201]
INFO   | jvm 1    | 2019/02/18 14:09:54 | 	at sun.reflect.DelegatingMethodAccessorImpl.invoke(Unknown Source)[:1.8.0_201]
INFO   | jvm 1    | 2019/02/18 14:09:54 | 	at java.lang.reflect.Method.invoke(Unknown Source)[:1.8.0_201]
INFO   | jvm 1    | 2019/02/18 14:09:54 | 	at org.springframework.beans.factory.support.AbstractAutowireCapableBeanFactory.invokeCustomInitMethod(AbstractAutowireCapableBeanFactory.java:1763)[spring-beans-4.3.18.RELEASE.jar:4.3.18.RELEASE]
INFO   | jvm 1    | 2019/02/18 14:09:54 | 	at org.springframework.beans.factory.support.AbstractAutowireCapableBeanFactory.invokeInitMethods(AbstractAutowireCapableBeanFactory.java:1700)[spring-beans-4.3.18.RELEASE.jar:4.3.18.RELEASE]
INFO   | jvm 1    | 2019/02/18 14:09:54 | 	at org.springframework.beans.factory.support.AbstractAutowireCapableBeanFactory.initializeBean(AbstractAutowireCapableBeanFactory.java:1630)[spring-beans-4.3.18.RELEASE.jar:4.3.18.RELEASE]
INFO   | jvm 1    | 2019/02/18 14:09:54 | 	at org.springframework.beans.factory.support.AbstractAutowireCapableBeanFactory.doCreateBean(AbstractAutowireCapableBeanFactory.java:555)[spring-beans-4.3.18.RELEASE.jar:4.3.18.RELEASE]
INFO   | jvm 1    | 2019/02/18 14:09:54 | 	at org.springframework.beans.factory.support.AbstractAutowireCapableBeanFactory.createBean(AbstractAutowireCapableBeanFactory.java:483)[spring-beans-4.3.18.RELEASE.jar:4.3.18.RELEASE]
INFO   | jvm 1    | 2019/02/18 14:09:54 | 	at org.springframework.beans.factory.support.AbstractBeanFactory$1.getObject(AbstractBeanFactory.java:312)[spring-beans-4.3.18.RELEASE.jar:4.3.18.RELEASE]
INFO   | jvm 1    | 2019/02/18 14:09:54 | 	at org.springframework.beans.factory.support.DefaultSingletonBeanRegistry.getSingleton(DefaultSingletonBeanRegistry.java:230)[spring-beans-4.3.18.RELEASE.jar:4.3.18.RELEASE]
INFO   | jvm 1    | 2019/02/18 14:09:54 | 	at org.springframework.beans.factory.support.AbstractBeanFactory.doGetBean(AbstractBeanFactory.java:308)[spring-beans-4.3.18.RELEASE.jar:4.3.18.RELEASE]
INFO   | jvm 1    | 2019/02/18 14:09:54 | 	at org.springframework.beans.factory.support.AbstractBeanFactory.getBean(AbstractBeanFactory.java:197)[spring-beans-4.3.18.RELEASE.jar:4.3.18.RELEASE]
INFO   | jvm 1    | 2019/02/18 14:09:54 | 	at org.springframework.beans.factory.support.DefaultListableBeanFactory.preInstantiateSingletons(DefaultListableBeanFactory.java:761)[spring-beans-4.3.18.RELEASE.jar:4.3.18.RELEASE]
INFO   | jvm 1    | 2019/02/18 14:09:54 | 	at org.springframework.context.support.AbstractApplicationContext.finishBeanFactoryInitialization(AbstractApplicationContext.java:867)[spring-context-4.3.18.RELEASE.jar:4.3.18.RELEASE]
INFO   | jvm 1    | 2019/02/18 14:09:54 | 	at org.springframework.context.support.AbstractApplicationContext.refresh(AbstractApplicationContext.java:543)[spring-context-4.3.18.RELEASE.jar:4.3.18.RELEASE]
INFO   | jvm 1    | 2019/02/18 14:09:54 | 	at org.apache.xbean.spring.context.ResourceXmlApplicationContext.<init>(ResourceXmlApplicationContext.java:64)[xbean-spring-4.2.jar:4.2]
INFO   | jvm 1    | 2019/02/18 14:09:54 | 	at org.apache.xbean.spring.context.ResourceXmlApplicationContext.<init>(ResourceXmlApplicationContext.java:52)[xbean-spring-4.2.jar:4.2]
INFO   | jvm 1    | 2019/02/18 14:09:54 | 	at org.apache.activemq.xbean.XBeanBrokerFactory$1.<init>(XBeanBrokerFactory.java:104)[activemq-spring-5.15.8.jar:5.15.8]
INFO   | jvm 1    | 2019/02/18 14:09:54 | 	at org.apache.activemq.xbean.XBeanBrokerFactory.createApplicationContext(XBeanBrokerFactory.java:104)[activemq-spring-5.15.8.jar:5.15.8]
INFO   | jvm 1    | 2019/02/18 14:09:54 | 	at org.apache.activemq.xbean.XBeanBrokerFactory.createBroker(XBeanBrokerFactory.java:67)[activemq-spring-5.15.8.jar:5.15.8]
INFO   | jvm 1    | 2019/02/18 14:09:54 | 	at org.apache.activemq.broker.BrokerFactory.createBroker(BrokerFactory.java:71)[activemq-broker-5.15.8.jar:5.15.8]
INFO   | jvm 1    | 2019/02/18 14:09:54 | 	at org.apache.activemq.broker.BrokerFactory.createBroker(BrokerFactory.java:54)[activemq-broker-5.15.8.jar:5.15.8]
INFO   | jvm 1    | 2019/02/18 14:09:54 | 	at org.apache.activemq.console.command.StartCommand.runTask(StartCommand.java:87)[activemq-console-5.15.8.jar:5.15.8]
INFO   | jvm 1    | 2019/02/18 14:09:54 | 	at org.apache.activemq.console.command.AbstractCommand.execute(AbstractCommand.java:63)[activemq-console-5.15.8.jar:5.15.8]
INFO   | jvm 1    | 2019/02/18 14:09:54 | 	at org.apache.activemq.console.command.ShellCommand.runTask(ShellCommand.java:154)[activemq-console-5.15.8.jar:5.15.8]
INFO   | jvm 1    | 2019/02/18 14:09:54 | 	at org.apache.activemq.console.command.AbstractCommand.execute(AbstractCommand.java:63)[activemq-console-5.15.8.jar:5.15.8]
INFO   | jvm 1    | 2019/02/18 14:09:54 | 	at org.apache.activemq.console.command.ShellCommand.main(ShellCommand.java:104)[activemq-console-5.15.8.jar:5.15.8]
INFO   | jvm 1    | 2019/02/18 14:09:54 | 	at sun.reflect.NativeMethodAccessorImpl.invoke0(Native Method)[:1.8.0_201]
INFO   | jvm 1    | 2019/02/18 14:09:54 | 	at sun.reflect.NativeMethodAccessorImpl.invoke(Unknown Source)[:1.8.0_201]
INFO   | jvm 1    | 2019/02/18 14:09:54 | 	at sun.reflect.DelegatingMethodAccessorImpl.invoke(Unknown Source)[:1.8.0_201]
INFO   | jvm 1    | 2019/02/18 14:09:54 | 	at java.lang.reflect.Method.invoke(Unknown Source)[:1.8.0_201]
INFO   | jvm 1    | 2019/02/18 14:09:54 | 	at org.apache.activemq.console.Main.runTaskClass(Main.java:262)[activemq.jar:5.15.8]
INFO   | jvm 1    | 2019/02/18 14:09:54 | 	at org.apache.activemq.console.Main.main(Main.java:115)[activemq.jar:5.15.8]
INFO   | jvm 1    | 2019/02/18 14:09:54 | 	at sun.reflect.NativeMethodAccessorImpl.invoke0(Native Method)[:1.8.0_201]
INFO   | jvm 1    | 2019/02/18 14:09:54 | 	at sun.reflect.NativeMethodAccessorImpl.invoke(Unknown Source)[:1.8.0_201]
INFO   | jvm 1    | 2019/02/18 14:09:54 | 	at sun.reflect.DelegatingMethodAccessorImpl.invoke(Unknown Source)[:1.8.0_201]
INFO   | jvm 1    | 2019/02/18 14:09:54 | 	at java.lang.reflect.Method.invoke(Unknown Source)[:1.8.0_201]
INFO   | jvm 1    | 2019/02/18 14:09:54 | 	at org.tanukisoftware.wrapper.WrapperSimpleApp.run(WrapperSimpleApp.java:240)[wrapper.jar:3.2.3]
INFO   | jvm 1    | 2019/02/18 14:09:54 | 	at java.lang.Thread.run(Unknown Source)[:1.8.0_201]
INFO   | jvm 1    | 2019/02/18 14:09:54 |  INFO | Apache ActiveMQ 5.15.8 (localhost, ID:DESKTOP-S8SP8AP-50583-1550470194536-0:1) is shutting down
INFO   | jvm 1    | 2019/02/18 14:09:54 |  INFO | Connector openwire stopped
INFO   | jvm 1    | 2019/02/18 14:09:54 |  INFO | Connector amqp stopped
INFO   | jvm 1    | 2019/02/18 14:09:54 |  INFO | Connector stomp stopped
INFO   | jvm 1    | 2019/02/18 14:09:54 |  INFO | Connector mqtt stopped
INFO   | jvm 1    | 2019/02/18 14:09:54 |  INFO | Connector ws stopped
INFO   | jvm 1    | 2019/02/18 14:09:54 |  INFO | PListStore:[C:\Users\jjj\Desktop\activemq\apache-activemq-5.15.8\bin\win64\..\..\data\localhost\tmp_storage] stopped
INFO   | jvm 1    | 2019/02/18 14:09:54 |  INFO | Stopping async queue tasks
INFO   | jvm 1    | 2019/02/18 14:09:54 |  INFO | Stopping async topic tasks
INFO   | jvm 1    | 2019/02/18 14:09:54 |  INFO | Stopped KahaDB
INFO   | jvm 1    | 2019/02/18 14:09:55 |  INFO | Apache ActiveMQ 5.15.8 (localhost, ID:DESKTOP-S8SP8AP-50583-1550470194536-0:1) uptime 1.037 seconds
INFO   | jvm 1    | 2019/02/18 14:09:55 |  INFO | Apache ActiveMQ 5.15.8 (localhost, ID:DESKTOP-S8SP8AP-50583-1550470194536-0:1) is shutdown
INFO   | jvm 1    | 2019/02/18 14:09:55 |  INFO | Closing org.apache.activemq.xbean.XBeanBrokerFactory$1@c0a24c7: startup date [Mon Feb 18 14:09:52 CST 2019]; root of context hierarchy
INFO   | jvm 1    | 2019/02/18 14:09:55 |  WARN | Exception encountered during context initialization - cancelling refresh attempt: org.springframework.beans.factory.BeanCreationException: Error creating bean with name 'org.apache.activemq.xbean.XBeanBrokerService#0' defined in class path resource [activemq.xml]: Invocation of init method failed; nested exception is java.io.IOException: Transport Connector could not be registered in JMX: java.io.IOException: Failed to bind to server socket: tcp://0.0.0.0:61616?maximumConnections=1000&wireFormat.maxFrameSize=104857600 due to: java.net.BindException: Address already in use: JVM_Bind
INFO   | jvm 1    | 2019/02/18 14:09:55 | ERROR: java.lang.RuntimeException: Failed to execute start task. Reason: java.lang.IllegalStateException: BeanFactory not initialized or already closed - call 'refresh' before accessing beans via the ApplicationContext
INFO   | jvm 1    | 2019/02/18 14:09:55 | java.lang.RuntimeException: Failed to execute start task. Reason: java.lang.IllegalStateException: BeanFactory not initialized or already closed - call 'refresh' before accessing beans via the ApplicationContext
INFO   | jvm 1    | 2019/02/18 14:09:55 | 	at org.apache.activemq.console.command.StartCommand.runTask(StartCommand.java:91)
INFO   | jvm 1    | 2019/02/18 14:09:55 | 	at org.apache.activemq.console.command.AbstractCommand.execute(AbstractCommand.java:63)
INFO   | jvm 1    | 2019/02/18 14:09:55 | 	at org.apache.activemq.console.command.ShellCommand.runTask(ShellCommand.java:154)
INFO   | jvm 1    | 2019/02/18 14:09:55 | 	at org.apache.activemq.console.command.AbstractCommand.execute(AbstractCommand.java:63)
INFO   | jvm 1    | 2019/02/18 14:09:55 | 	at org.apache.activemq.console.command.ShellCommand.main(ShellCommand.java:104)
INFO   | jvm 1    | 2019/02/18 14:09:55 | 	at sun.reflect.NativeMethodAccessorImpl.invoke0(Native Method)
INFO   | jvm 1    | 2019/02/18 14:09:55 | 	at sun.reflect.NativeMethodAccessorImpl.invoke(Unknown Source)
INFO   | jvm 1    | 2019/02/18 14:09:55 | 	at sun.reflect.DelegatingMethodAccessorImpl.invoke(Unknown Source)
INFO   | jvm 1    | 2019/02/18 14:09:55 | 	at java.lang.reflect.Method.invoke(Unknown Source)
INFO   | jvm 1    | 2019/02/18 14:09:55 | 	at org.apache.activemq.console.Main.runTaskClass(Main.java:262)
INFO   | jvm 1    | 2019/02/18 14:09:55 | 	at org.apache.activemq.console.Main.main(Main.java:115)
INFO   | jvm 1    | 2019/02/18 14:09:55 | 	at sun.reflect.NativeMethodAccessorImpl.invoke0(Native Method)
INFO   | jvm 1    | 2019/02/18 14:09:55 | 	at sun.reflect.NativeMethodAccessorImpl.invoke(Unknown Source)
INFO   | jvm 1    | 2019/02/18 14:09:55 | 	at sun.reflect.DelegatingMethodAccessorImpl.invoke(Unknown Source)
INFO   | jvm 1    | 2019/02/18 14:09:55 | 	at java.lang.reflect.Method.invoke(Unknown Source)
INFO   | jvm 1    | 2019/02/18 14:09:55 | 	at org.tanukisoftware.wrapper.WrapperSimpleApp.run(WrapperSimpleApp.java:240)
INFO   | jvm 1    | 2019/02/18 14:09:55 | 	at java.lang.Thread.run(Unknown Source)
INFO   | jvm 1    | 2019/02/18 14:09:55 | Caused by: java.lang.IllegalStateException: BeanFactory not initialized or already closed - call 'refresh' before accessing beans via the ApplicationContext
INFO   | jvm 1    | 2019/02/18 14:09:55 | 	at org.springframework.context.support.AbstractRefreshableApplicationContext.getBeanFactory(AbstractRefreshableApplicationContext.java:170)
INFO   | jvm 1    | 2019/02/18 14:09:55 | 	at org.springframework.context.support.AbstractApplicationContext.destroyBeans(AbstractApplicationContext.java:1032)
INFO   | jvm 1    | 2019/02/18 14:09:55 | 	at org.springframework.context.support.AbstractApplicationContext.refresh(AbstractApplicationContext.java:556)
INFO   | jvm 1    | 2019/02/18 14:09:55 | 	at org.apache.xbean.spring.context.ResourceXmlApplicationContext.<init>(ResourceXmlApplicationContext.java:64)
INFO   | jvm 1    | 2019/02/18 14:09:55 | 	at org.apache.xbean.spring.context.ResourceXmlApplicationContext.<init>(ResourceXmlApplicationContext.java:52)
INFO   | jvm 1    | 2019/02/18 14:09:55 | 	at org.apache.activemq.xbean.XBeanBrokerFactory$1.<init>(XBeanBrokerFactory.java:104)
INFO   | jvm 1    | 2019/02/18 14:09:55 | 	at org.apache.activemq.xbean.XBeanBrokerFactory.createApplicationContext(XBeanBrokerFactory.java:104)
INFO   | jvm 1    | 2019/02/18 14:09:55 | 	at org.apache.activemq.xbean.XBeanBrokerFactory.createBroker(XBeanBrokerFactory.java:67)
INFO   | jvm 1    | 2019/02/18 14:09:55 | 	at org.apache.activemq.broker.BrokerFactory.createBroker(BrokerFactory.java:71)
INFO   | jvm 1    | 2019/02/18 14:09:55 | 	at org.apache.activemq.broker.BrokerFactory.createBroker(BrokerFactory.java:54)
INFO   | jvm 1    | 2019/02/18 14:09:55 | 	at org.apache.activemq.console.command.StartCommand.runTask(StartCommand.java:87)
INFO   | jvm 1    | 2019/02/18 14:09:55 | 	... 16 more
INFO   | jvm 1    | 2019/02/18 14:09:55 | ERROR: java.lang.IllegalStateException: BeanFactory not initialized or already closed - call 'refresh' before accessing beans via the ApplicationContext
INFO   | jvm 1    | 2019/02/18 14:09:55 | java.lang.IllegalStateException: BeanFactory not initialized or already closed - call 'refresh' before accessing beans via the ApplicationContext
INFO   | jvm 1    | 2019/02/18 14:09:55 | 	at org.springframework.context.support.AbstractRefreshableApplicationContext.getBeanFactory(AbstractRefreshableApplicationContext.java:170)
INFO   | jvm 1    | 2019/02/18 14:09:55 | 	at org.springframework.context.support.AbstractApplicationContext.destroyBeans(AbstractApplicationContext.java:1032)
INFO   | jvm 1    | 2019/02/18 14:09:55 | 	at org.springframework.context.support.AbstractApplicationContext.refresh(AbstractApplicationContext.java:556)
INFO   | jvm 1    | 2019/02/18 14:09:55 | 	at org.apache.xbean.spring.context.ResourceXmlApplicationContext.<init>(ResourceXmlApplicationContext.java:64)
INFO   | jvm 1    | 2019/02/18 14:09:55 | 	at org.apache.xbean.spring.context.ResourceXmlApplicationContext.<init>(ResourceXmlApplicationContext.java:52)
INFO   | jvm 1    | 2019/02/18 14:09:55 | 	at org.apache.activemq.xbean.XBeanBrokerFactory$1.<init>(XBeanBrokerFactory.java:104)
INFO   | jvm 1    | 2019/02/18 14:09:55 | 	at org.apache.activemq.xbean.XBeanBrokerFactory.createApplicationContext(XBeanBrokerFactory.java:104)
INFO   | jvm 1    | 2019/02/18 14:09:55 | 	at org.apache.activemq.xbean.XBeanBrokerFactory.createBroker(XBeanBrokerFactory.java:67)
INFO   | jvm 1    | 2019/02/18 14:09:55 | 	at org.apache.activemq.broker.BrokerFactory.createBroker(BrokerFactory.java:71)
INFO   | jvm 1    | 2019/02/18 14:09:55 | 	at org.apache.activemq.broker.BrokerFactory.createBroker(BrokerFactory.java:54)
INFO   | jvm 1    | 2019/02/18 14:09:55 | 	at org.apache.activemq.console.command.StartCommand.runTask(StartCommand.java:87)
INFO   | jvm 1    | 2019/02/18 14:09:55 | 	at org.apache.activemq.console.command.AbstractCommand.execute(AbstractCommand.java:63)
INFO   | jvm 1    | 2019/02/18 14:09:55 | 	at org.apache.activemq.console.command.ShellCommand.runTask(ShellCommand.java:154)
INFO   | jvm 1    | 2019/02/18 14:09:55 | 	at org.apache.activemq.console.command.AbstractCommand.execute(AbstractCommand.java:63)
INFO   | jvm 1    | 2019/02/18 14:09:55 | 	at org.apache.activemq.console.command.ShellCommand.main(ShellCommand.java:104)
INFO   | jvm 1    | 2019/02/18 14:09:55 | 	at sun.reflect.NativeMethodAccessorImpl.invoke0(Native Method)
INFO   | jvm 1    | 2019/02/18 14:09:55 | 	at sun.reflect.NativeMethodAccessorImpl.invoke(Unknown Source)
INFO   | jvm 1    | 2019/02/18 14:09:55 | 	at sun.reflect.DelegatingMethodAccessorImpl.invoke(Unknown Source)
INFO   | jvm 1    | 2019/02/18 14:09:55 | 	at java.lang.reflect.Method.invoke(Unknown Source)
INFO   | jvm 1    | 2019/02/18 14:09:55 | 	at org.apache.activemq.console.Main.runTaskClass(Main.java:262)
INFO   | jvm 1    | 2019/02/18 14:09:55 | 	at org.apache.activemq.console.Main.main(Main.java:115)
INFO   | jvm 1    | 2019/02/18 14:09:55 | 	at sun.reflect.NativeMethodAccessorImpl.invoke0(Native Method)
INFO   | jvm 1    | 2019/02/18 14:09:55 | 	at sun.reflect.NativeMethodAccessorImpl.invoke(Unknown Source)
INFO   | jvm 1    | 2019/02/18 14:09:55 | 	at sun.reflect.DelegatingMethodAccessorImpl.invoke(Unknown Source)
INFO   | jvm 1    | 2019/02/18 14:09:55 | 	at java.lang.reflect.Method.invoke(Unknown Source)
INFO   | jvm 1    | 2019/02/18 14:09:55 | 	at org.tanukisoftware.wrapper.WrapperSimpleApp.run(WrapperSimpleApp.java:240)
INFO   | jvm 1    | 2019/02/18 14:09:55 | 	at java.lang.Thread.run(Unknown Source)
STATUS | wrapper  | 2019/02/18 14:09:57 | <-- Wrapper Stopped
FATAL  | wrapper  | 2019/02/18 14:10:37 | OpenSCManager failed - ¾Ü¾ø·ÃÎÊ¡£ (0x5)
FATAL  | wrapper  | 2019/02/18 14:10:40 | OpenSCManager failed - ¾Ü¾ø·ÃÎÊ¡£ (0x5)
STATUS | wrapper  | 2019/02/18 14:10:44 | --> Wrapper Started as Console
STATUS | wrapper  | 2019/02/18 14:10:44 | Launching a JVM...
INFO   | jvm 1    | 2019/02/18 14:10:45 | Wrapper (Version 3.2.3) http://wrapper.tanukisoftware.org
INFO   | jvm 1    | 2019/02/18 14:10:45 |   Copyright 1999-2006 Tanuki Software, Inc.  All Rights Reserved.
INFO   | jvm 1    | 2019/02/18 14:10:45 | 
INFO   | jvm 1    | 2019/02/18 14:10:45 | Java Runtime: Oracle Corporation 1.8.0_201 C:\Program Files\Java\jre1.8.0_201
INFO   | jvm 1    | 2019/02/18 14:10:45 |   Heap sizes: current=58880k  free=50263k  max=932352k
INFO   | jvm 1    | 2019/02/18 14:10:45 |     JVM args: -Dactivemq.home=../.. -Dactivemq.base=../.. -Djavax.net.ssl.keyStorePassword=password -Djavax.net.ssl.trustStorePassword=password -Djavax.net.ssl.keyStore=../../conf/broker.ks -Djavax.net.ssl.trustStore=../../conf/broker.ts -Dcom.sun.management.jmxremote -Dorg.apache.activemq.UseDedicatedTaskRunner=true -Djava.util.logging.config.file=logging.properties -Dactivemq.conf=../../conf -Dactivemq.data=../../data -Djava.security.auth.login.config=../../conf/login.config -Xmx1024m -Djava.library.path=../../bin/win64 -Dwrapper.key=HVLjRPXr_YC5xEpX -Dwrapper.port=32000 -Dwrapper.jvm.port.min=31000 -Dwrapper.jvm.port.max=31999 -Dwrapper.pid=10188 -Dwrapper.version=3.2.3 -Dwrapper.native_library=wrapper -Dwrapper.cpu.timeout=10 -Dwrapper.jvmid=1
INFO   | jvm 1    | 2019/02/18 14:10:45 | Extensions classpath:
INFO   | jvm 1    | 2019/02/18 14:10:45 |   [..\..\lib,..\..\lib\camel,..\..\lib\optional,..\..\lib\web,..\..\lib\extra]
INFO   | jvm 1    | 2019/02/18 14:10:45 | ACTIVEMQ_HOME: ..\..
INFO   | jvm 1    | 2019/02/18 14:10:45 | ACTIVEMQ_BASE: ..\..
INFO   | jvm 1    | 2019/02/18 14:10:45 | ACTIVEMQ_CONF: ..\..\conf
INFO   | jvm 1    | 2019/02/18 14:10:45 | ACTIVEMQ_DATA: ..\..\data
INFO   | jvm 1    | 2019/02/18 14:10:45 | Loading message broker from: xbean:activemq.xml
INFO   | jvm 1    | 2019/02/18 14:10:45 |  INFO | Refreshing org.apache.activemq.xbean.XBeanBrokerFactory$1@555738b2: startup date [Mon Feb 18 14:10:45 CST 2019]; root of context hierarchy
INFO   | jvm 1    | 2019/02/18 14:10:46 |  INFO | Using Persistence Adapter: KahaDBPersistenceAdapter[C:\Users\jjj\Desktop\activemq\apache-activemq-5.15.8\bin\win64\..\..\data\kahadb]
INFO   | jvm 1    | 2019/02/18 14:10:46 |  INFO | KahaDB is version 6
INFO   | jvm 1    | 2019/02/18 14:10:46 |  INFO | PListStore:[C:\Users\jjj\Desktop\activemq\apache-activemq-5.15.8\bin\win64\..\..\data\localhost\tmp_storage] started
INFO   | jvm 1    | 2019/02/18 14:10:47 |  INFO | Apache ActiveMQ 5.15.8 (localhost, ID:DESKTOP-S8SP8AP-50616-1550470246989-0:1) is starting
INFO   | jvm 1    | 2019/02/18 14:10:47 | ERROR | Failed to start Apache ActiveMQ (localhost, ID:DESKTOP-S8SP8AP-50616-1550470246989-0:1)
INFO   | jvm 1    | 2019/02/18 14:10:47 | java.io.IOException: Transport Connector could not be registered in JMX: java.io.IOException: Failed to bind to server socket: tcp://0.0.0.0:61616?maximumConnections=1000&wireFormat.maxFrameSize=104857600 due to: java.net.BindException: Address already in use: JVM_Bind
INFO   | jvm 1    | 2019/02/18 14:10:47 | 	at org.apache.activemq.util.IOExceptionSupport.create(IOExceptionSupport.java:28)[activemq-client-5.15.8.jar:5.15.8]
INFO   | jvm 1    | 2019/02/18 14:10:47 | 	at org.apache.activemq.broker.BrokerService.registerConnectorMBean(BrokerService.java:2264)[activemq-broker-5.15.8.jar:5.15.8]
INFO   | jvm 1    | 2019/02/18 14:10:47 | 	at org.apache.activemq.broker.BrokerService.startTransportConnector(BrokerService.java:2744)[activemq-broker-5.15.8.jar:5.15.8]
INFO   | jvm 1    | 2019/02/18 14:10:47 | 	at org.apache.activemq.broker.BrokerService.startAllConnectors(BrokerService.java:2640)[activemq-broker-5.15.8.jar:5.15.8]
INFO   | jvm 1    | 2019/02/18 14:10:47 | 	at org.apache.activemq.broker.BrokerService.doStartBroker(BrokerService.java:771)[activemq-broker-5.15.8.jar:5.15.8]
INFO   | jvm 1    | 2019/02/18 14:10:47 | 	at org.apache.activemq.broker.BrokerService.startBroker(BrokerService.java:733)[activemq-broker-5.15.8.jar:5.15.8]
INFO   | jvm 1    | 2019/02/18 14:10:47 | 	at org.apache.activemq.broker.BrokerService.start(BrokerService.java:636)[activemq-broker-5.15.8.jar:5.15.8]
INFO   | jvm 1    | 2019/02/18 14:10:47 | 	at org.apache.activemq.xbean.XBeanBrokerService.afterPropertiesSet(XBeanBrokerService.java:73)[activemq-spring-5.15.8.jar:5.15.8]
INFO   | jvm 1    | 2019/02/18 14:10:47 | 	at sun.reflect.NativeMethodAccessorImpl.invoke0(Native Method)[:1.8.0_201]
INFO   | jvm 1    | 2019/02/18 14:10:47 | 	at sun.reflect.NativeMethodAccessorImpl.invoke(Unknown Source)[:1.8.0_201]
INFO   | jvm 1    | 2019/02/18 14:10:47 | 	at sun.reflect.DelegatingMethodAccessorImpl.invoke(Unknown Source)[:1.8.0_201]
INFO   | jvm 1    | 2019/02/18 14:10:47 | 	at java.lang.reflect.Method.invoke(Unknown Source)[:1.8.0_201]
INFO   | jvm 1    | 2019/02/18 14:10:47 | 	at org.springframework.beans.factory.support.AbstractAutowireCapableBeanFactory.invokeCustomInitMethod(AbstractAutowireCapableBeanFactory.java:1763)[spring-beans-4.3.18.RELEASE.jar:4.3.18.RELEASE]
INFO   | jvm 1    | 2019/02/18 14:10:47 | 	at org.springframework.beans.factory.support.AbstractAutowireCapableBeanFactory.invokeInitMethods(AbstractAutowireCapableBeanFactory.java:1700)[spring-beans-4.3.18.RELEASE.jar:4.3.18.RELEASE]
INFO   | jvm 1    | 2019/02/18 14:10:47 | 	at org.springframework.beans.factory.support.AbstractAutowireCapableBeanFactory.initializeBean(AbstractAutowireCapableBeanFactory.java:1630)[spring-beans-4.3.18.RELEASE.jar:4.3.18.RELEASE]
INFO   | jvm 1    | 2019/02/18 14:10:47 | 	at org.springframework.beans.factory.support.AbstractAutowireCapableBeanFactory.doCreateBean(AbstractAutowireCapableBeanFactory.java:555)[spring-beans-4.3.18.RELEASE.jar:4.3.18.RELEASE]
INFO   | jvm 1    | 2019/02/18 14:10:47 | 	at org.springframework.beans.factory.support.AbstractAutowireCapableBeanFactory.createBean(AbstractAutowireCapableBeanFactory.java:483)[spring-beans-4.3.18.RELEASE.jar:4.3.18.RELEASE]
INFO   | jvm 1    | 2019/02/18 14:10:47 | 	at org.springframework.beans.factory.support.AbstractBeanFactory$1.getObject(AbstractBeanFactory.java:312)[spring-beans-4.3.18.RELEASE.jar:4.3.18.RELEASE]
INFO   | jvm 1    | 2019/02/18 14:10:47 | 	at org.springframework.beans.factory.support.DefaultSingletonBeanRegistry.getSingleton(DefaultSingletonBeanRegistry.java:230)[spring-beans-4.3.18.RELEASE.jar:4.3.18.RELEASE]
INFO   | jvm 1    | 2019/02/18 14:10:47 | 	at org.springframework.beans.factory.support.AbstractBeanFactory.doGetBean(AbstractBeanFactory.java:308)[spring-beans-4.3.18.RELEASE.jar:4.3.18.RELEASE]
INFO   | jvm 1    | 2019/02/18 14:10:47 | 	at org.springframework.beans.factory.support.AbstractBeanFactory.getBean(AbstractBeanFactory.java:197)[spring-beans-4.3.18.RELEASE.jar:4.3.18.RELEASE]
INFO   | jvm 1    | 2019/02/18 14:10:47 | 	at org.springframework.beans.factory.support.DefaultListableBeanFactory.preInstantiateSingletons(DefaultListableBeanFactory.java:761)[spring-beans-4.3.18.RELEASE.jar:4.3.18.RELEASE]
INFO   | jvm 1    | 2019/02/18 14:10:47 | 	at org.springframework.context.support.AbstractApplicationContext.finishBeanFactoryInitialization(AbstractApplicationContext.java:867)[spring-context-4.3.18.RELEASE.jar:4.3.18.RELEASE]
INFO   | jvm 1    | 2019/02/18 14:10:47 | 	at org.springframework.context.support.AbstractApplicationContext.refresh(AbstractApplicationContext.java:543)[spring-context-4.3.18.RELEASE.jar:4.3.18.RELEASE]
INFO   | jvm 1    | 2019/02/18 14:10:47 | 	at org.apache.xbean.spring.context.ResourceXmlApplicationContext.<init>(ResourceXmlApplicationContext.java:64)[xbean-spring-4.2.jar:4.2]
INFO   | jvm 1    | 2019/02/18 14:10:47 | 	at org.apache.xbean.spring.context.ResourceXmlApplicationContext.<init>(ResourceXmlApplicationContext.java:52)[xbean-spring-4.2.jar:4.2]
INFO   | jvm 1    | 2019/02/18 14:10:47 | 	at org.apache.activemq.xbean.XBeanBrokerFactory$1.<init>(XBeanBrokerFactory.java:104)[activemq-spring-5.15.8.jar:5.15.8]
INFO   | jvm 1    | 2019/02/18 14:10:47 | 	at org.apache.activemq.xbean.XBeanBrokerFactory.createApplicationContext(XBeanBrokerFactory.java:104)[activemq-spring-5.15.8.jar:5.15.8]
INFO   | jvm 1    | 2019/02/18 14:10:47 | 	at org.apache.activemq.xbean.XBeanBrokerFactory.createBroker(XBeanBrokerFactory.java:67)[activemq-spring-5.15.8.jar:5.15.8]
INFO   | jvm 1    | 2019/02/18 14:10:47 | 	at org.apache.activemq.broker.BrokerFactory.createBroker(BrokerFactory.java:71)[activemq-broker-5.15.8.jar:5.15.8]
INFO   | jvm 1    | 2019/02/18 14:10:47 | 	at org.apache.activemq.broker.BrokerFactory.createBroker(BrokerFactory.java:54)[activemq-broker-5.15.8.jar:5.15.8]
INFO   | jvm 1    | 2019/02/18 14:10:47 | 	at org.apache.activemq.console.command.StartCommand.runTask(StartCommand.java:87)[activemq-console-5.15.8.jar:5.15.8]
INFO   | jvm 1    | 2019/02/18 14:10:47 | 	at org.apache.activemq.console.command.AbstractCommand.execute(AbstractCommand.java:63)[activemq-console-5.15.8.jar:5.15.8]
INFO   | jvm 1    | 2019/02/18 14:10:47 | 	at org.apache.activemq.console.command.ShellCommand.runTask(ShellCommand.java:154)[activemq-console-5.15.8.jar:5.15.8]
INFO   | jvm 1    | 2019/02/18 14:10:47 | 	at org.apache.activemq.console.command.AbstractCommand.execute(AbstractCommand.java:63)[activemq-console-5.15.8.jar:5.15.8]
INFO   | jvm 1    | 2019/02/18 14:10:47 | 	at org.apache.activemq.console.command.ShellCommand.main(ShellCommand.java:104)[activemq-console-5.15.8.jar:5.15.8]
INFO   | jvm 1    | 2019/02/18 14:10:47 | 	at sun.reflect.NativeMethodAccessorImpl.invoke0(Native Method)[:1.8.0_201]
INFO   | jvm 1    | 2019/02/18 14:10:47 | 	at sun.reflect.NativeMethodAccessorImpl.invoke(Unknown Source)[:1.8.0_201]
INFO   | jvm 1    | 2019/02/18 14:10:47 | 	at sun.reflect.DelegatingMethodAccessorImpl.invoke(Unknown Source)[:1.8.0_201]
INFO   | jvm 1    | 2019/02/18 14:10:47 | 	at java.lang.reflect.Method.invoke(Unknown Source)[:1.8.0_201]
INFO   | jvm 1    | 2019/02/18 14:10:47 | 	at org.apache.activemq.console.Main.runTaskClass(Main.java:262)[activemq.jar:5.15.8]
INFO   | jvm 1    | 2019/02/18 14:10:47 | 	at org.apache.activemq.console.Main.main(Main.java:115)[activemq.jar:5.15.8]
INFO   | jvm 1    | 2019/02/18 14:10:47 | 	at sun.reflect.NativeMethodAccessorImpl.invoke0(Native Method)[:1.8.0_201]
INFO   | jvm 1    | 2019/02/18 14:10:47 | 	at sun.reflect.NativeMethodAccessorImpl.invoke(Unknown Source)[:1.8.0_201]
INFO   | jvm 1    | 2019/02/18 14:10:47 | 	at sun.reflect.DelegatingMethodAccessorImpl.invoke(Unknown Source)[:1.8.0_201]
INFO   | jvm 1    | 2019/02/18 14:10:47 | 	at java.lang.reflect.Method.invoke(Unknown Source)[:1.8.0_201]
INFO   | jvm 1    | 2019/02/18 14:10:47 | 	at org.tanukisoftware.wrapper.WrapperSimpleApp.run(WrapperSimpleApp.java:240)[wrapper.jar:3.2.3]
INFO   | jvm 1    | 2019/02/18 14:10:47 | 	at java.lang.Thread.run(Unknown Source)[:1.8.0_201]
INFO   | jvm 1    | 2019/02/18 14:10:47 |  INFO | Apache ActiveMQ 5.15.8 (localhost, ID:DESKTOP-S8SP8AP-50616-1550470246989-0:1) is shutting down
INFO   | jvm 1    | 2019/02/18 14:10:47 |  INFO | Connector openwire stopped
INFO   | jvm 1    | 2019/02/18 14:10:47 |  INFO | Connector amqp stopped
INFO   | jvm 1    | 2019/02/18 14:10:47 |  INFO | Connector stomp stopped
INFO   | jvm 1    | 2019/02/18 14:10:47 |  INFO | Connector mqtt stopped
INFO   | jvm 1    | 2019/02/18 14:10:47 |  INFO | Connector ws stopped
INFO   | jvm 1    | 2019/02/18 14:10:47 |  INFO | PListStore:[C:\Users\jjj\Desktop\activemq\apache-activemq-5.15.8\bin\win64\..\..\data\localhost\tmp_storage] stopped
INFO   | jvm 1    | 2019/02/18 14:10:47 |  INFO | Stopping async queue tasks
INFO   | jvm 1    | 2019/02/18 14:10:47 |  INFO | Stopping async topic tasks
INFO   | jvm 1    | 2019/02/18 14:10:47 |  INFO | Stopped KahaDB
INFO   | jvm 1    | 2019/02/18 14:10:47 |  INFO | Apache ActiveMQ 5.15.8 (localhost, ID:DESKTOP-S8SP8AP-50616-1550470246989-0:1) uptime 0.941 seconds
INFO   | jvm 1    | 2019/02/18 14:10:47 |  INFO | Apache ActiveMQ 5.15.8 (localhost, ID:DESKTOP-S8SP8AP-50616-1550470246989-0:1) is shutdown
INFO   | jvm 1    | 2019/02/18 14:10:47 |  INFO | Closing org.apache.activemq.xbean.XBeanBrokerFactory$1@555738b2: startup date [Mon Feb 18 14:10:45 CST 2019]; root of context hierarchy
INFO   | jvm 1    | 2019/02/18 14:10:47 |  WARN | Exception encountered during context initialization - cancelling refresh attempt: org.springframework.beans.factory.BeanCreationException: Error creating bean with name 'org.apache.activemq.xbean.XBeanBrokerService#0' defined in class path resource [activemq.xml]: Invocation of init method failed; nested exception is java.io.IOException: Transport Connector could not be registered in JMX: java.io.IOException: Failed to bind to server socket: tcp://0.0.0.0:61616?maximumConnections=1000&wireFormat.maxFrameSize=104857600 due to: java.net.BindException: Address already in use: JVM_Bind
INFO   | jvm 1    | 2019/02/18 14:10:47 | ERROR: java.lang.RuntimeException: Failed to execute start task. Reason: java.lang.IllegalStateException: BeanFactory not initialized or already closed - call 'refresh' before accessing beans via the ApplicationContext
INFO   | jvm 1    | 2019/02/18 14:10:47 | java.lang.RuntimeException: Failed to execute start task. Reason: java.lang.IllegalStateException: BeanFactory not initialized or already closed - call 'refresh' before accessing beans via the ApplicationContext
INFO   | jvm 1    | 2019/02/18 14:10:47 | 	at org.apache.activemq.console.command.StartCommand.runTask(StartCommand.java:91)
INFO   | jvm 1    | 2019/02/18 14:10:47 | 	at org.apache.activemq.console.command.AbstractCommand.execute(AbstractCommand.java:63)
INFO   | jvm 1    | 2019/02/18 14:10:47 | 	at org.apache.activemq.console.command.ShellCommand.runTask(ShellCommand.java:154)
INFO   | jvm 1    | 2019/02/18 14:10:47 | 	at org.apache.activemq.console.command.AbstractCommand.execute(AbstractCommand.java:63)
INFO   | jvm 1    | 2019/02/18 14:10:47 | 	at org.apache.activemq.console.command.ShellCommand.main(ShellCommand.java:104)
INFO   | jvm 1    | 2019/02/18 14:10:47 | 	at sun.reflect.NativeMethodAccessorImpl.invoke0(Native Method)
INFO   | jvm 1    | 2019/02/18 14:10:47 | 	at sun.reflect.NativeMethodAccessorImpl.invoke(Unknown Source)
INFO   | jvm 1    | 2019/02/18 14:10:47 | 	at sun.reflect.DelegatingMethodAccessorImpl.invoke(Unknown Source)
INFO   | jvm 1    | 2019/02/18 14:10:47 | 	at java.lang.reflect.Method.invoke(Unknown Source)
INFO   | jvm 1    | 2019/02/18 14:10:47 | 	at org.apache.activemq.console.Main.runTaskClass(Main.java:262)
INFO   | jvm 1    | 2019/02/18 14:10:47 | 	at org.apache.activemq.console.Main.main(Main.java:115)
INFO   | jvm 1    | 2019/02/18 14:10:47 | 	at sun.reflect.NativeMethodAccessorImpl.invoke0(Native Method)
INFO   | jvm 1    | 2019/02/18 14:10:47 | 	at sun.reflect.NativeMethodAccessorImpl.invoke(Unknown Source)
INFO   | jvm 1    | 2019/02/18 14:10:47 | 	at sun.reflect.DelegatingMethodAccessorImpl.invoke(Unknown Source)
INFO   | jvm 1    | 2019/02/18 14:10:47 | 	at java.lang.reflect.Method.invoke(Unknown Source)
INFO   | jvm 1    | 2019/02/18 14:10:47 | 	at org.tanukisoftware.wrapper.WrapperSimpleApp.run(WrapperSimpleApp.java:240)
INFO   | jvm 1    | 2019/02/18 14:10:47 | 	at java.lang.Thread.run(Unknown Source)
INFO   | jvm 1    | 2019/02/18 14:10:47 | Caused by: java.lang.IllegalStateException: BeanFactory not initialized or already closed - call 'refresh' before accessing beans via the ApplicationContext
INFO   | jvm 1    | 2019/02/18 14:10:47 | 	at org.springframework.context.support.AbstractRefreshableApplicationContext.getBeanFactory(AbstractRefreshableApplicationContext.java:170)
INFO   | jvm 1    | 2019/02/18 14:10:47 | 	at org.springframework.context.support.AbstractApplicationContext.destroyBeans(AbstractApplicationContext.java:1032)
INFO   | jvm 1    | 2019/02/18 14:10:47 | 	at org.springframework.context.support.AbstractApplicationContext.refresh(AbstractApplicationContext.java:556)
INFO   | jvm 1    | 2019/02/18 14:10:47 | 	at org.apache.xbean.spring.context.ResourceXmlApplicationContext.<init>(ResourceXmlApplicationContext.java:64)
INFO   | jvm 1    | 2019/02/18 14:10:47 | 	at org.apache.xbean.spring.context.ResourceXmlApplicationContext.<init>(ResourceXmlApplicationContext.java:52)
INFO   | jvm 1    | 2019/02/18 14:10:47 | 	at org.apache.activemq.xbean.XBeanBrokerFactory$1.<init>(XBeanBrokerFactory.java:104)
INFO   | jvm 1    | 2019/02/18 14:10:47 | 	at org.apache.activemq.xbean.XBeanBrokerFactory.createApplicationContext(XBeanBrokerFactory.java:104)
INFO   | jvm 1    | 2019/02/18 14:10:47 | 	at org.apache.activemq.xbean.XBeanBrokerFactory.createBroker(XBeanBrokerFactory.java:67)
INFO   | jvm 1    | 2019/02/18 14:10:47 | 	at org.apache.activemq.broker.BrokerFactory.createBroker(BrokerFactory.java:71)
INFO   | jvm 1    | 2019/02/18 14:10:47 | 	at org.apache.activemq.broker.BrokerFactory.createBroker(BrokerFactory.java:54)
INFO   | jvm 1    | 2019/02/18 14:10:47 | 	at org.apache.activemq.console.command.StartCommand.runTask(StartCommand.java:87)
INFO   | jvm 1    | 2019/02/18 14:10:47 | 	... 16 more
INFO   | jvm 1    | 2019/02/18 14:10:47 | ERROR: java.lang.IllegalStateException: BeanFactory not initialized or already closed - call 'refresh' before accessing beans via the ApplicationContext
INFO   | jvm 1    | 2019/02/18 14:10:47 | java.lang.IllegalStateException: BeanFactory not initialized or already closed - call 'refresh' before accessing beans via the ApplicationContext
INFO   | jvm 1    | 2019/02/18 14:10:47 | 	at org.springframework.context.support.AbstractRefreshableApplicationContext.getBeanFactory(AbstractRefreshableApplicationContext.java:170)
INFO   | jvm 1    | 2019/02/18 14:10:47 | 	at org.springframework.context.support.AbstractApplicationContext.destroyBeans(AbstractApplicationContext.java:1032)
INFO   | jvm 1    | 2019/02/18 14:10:47 | 	at org.springframework.context.support.AbstractApplicationContext.refresh(AbstractApplicationContext.java:556)
INFO   | jvm 1    | 2019/02/18 14:10:47 | 	at org.apache.xbean.spring.context.ResourceXmlApplicationContext.<init>(ResourceXmlApplicationContext.java:64)
INFO   | jvm 1    | 2019/02/18 14:10:47 | 	at org.apache.xbean.spring.context.ResourceXmlApplicationContext.<init>(ResourceXmlApplicationContext.java:52)
INFO   | jvm 1    | 2019/02/18 14:10:47 | 	at org.apache.activemq.xbean.XBeanBrokerFactory$1.<init>(XBeanBrokerFactory.java:104)
INFO   | jvm 1    | 2019/02/18 14:10:47 | 	at org.apache.activemq.xbean.XBeanBrokerFactory.createApplicationContext(XBeanBrokerFactory.java:104)
INFO   | jvm 1    | 2019/02/18 14:10:47 | 	at org.apache.activemq.xbean.XBeanBrokerFactory.createBroker(XBeanBrokerFactory.java:67)
INFO   | jvm 1    | 2019/02/18 14:10:47 | 	at org.apache.activemq.broker.BrokerFactory.createBroker(BrokerFactory.java:71)
INFO   | jvm 1    | 2019/02/18 14:10:47 | 	at org.apache.activemq.broker.BrokerFactory.createBroker(BrokerFactory.java:54)
INFO   | jvm 1    | 2019/02/18 14:10:47 | 	at org.apache.activemq.console.command.StartCommand.runTask(StartCommand.java:87)
INFO   | jvm 1    | 2019/02/18 14:10:47 | 	at org.apache.activemq.console.command.AbstractCommand.execute(AbstractCommand.java:63)
INFO   | jvm 1    | 2019/02/18 14:10:47 | 	at org.apache.activemq.console.command.ShellCommand.runTask(ShellCommand.java:154)
INFO   | jvm 1    | 2019/02/18 14:10:47 | 	at org.apache.activemq.console.command.AbstractCommand.execute(AbstractCommand.java:63)
INFO   | jvm 1    | 2019/02/18 14:10:47 | 	at org.apache.activemq.console.command.ShellCommand.main(ShellCommand.java:104)
INFO   | jvm 1    | 2019/02/18 14:10:47 | 	at sun.reflect.NativeMethodAccessorImpl.invoke0(Native Method)
INFO   | jvm 1    | 2019/02/18 14:10:47 | 	at sun.reflect.NativeMethodAccessorImpl.invoke(Unknown Source)
INFO   | jvm 1    | 2019/02/18 14:10:47 | 	at sun.reflect.DelegatingMethodAccessorImpl.invoke(Unknown Source)
INFO   | jvm 1    | 2019/02/18 14:10:47 | 	at java.lang.reflect.Method.invoke(Unknown Source)
INFO   | jvm 1    | 2019/02/18 14:10:47 | 	at org.apache.activemq.console.Main.runTaskClass(Main.java:262)
INFO   | jvm 1    | 2019/02/18 14:10:47 | 	at org.apache.activemq.console.Main.main(Main.java:115)
INFO   | jvm 1    | 2019/02/18 14:10:47 | 	at sun.reflect.NativeMethodAccessorImpl.invoke0(Native Method)
INFO   | jvm 1    | 2019/02/18 14:10:47 | 	at sun.reflect.NativeMethodAccessorImpl.invoke(Unknown Source)
INFO   | jvm 1    | 2019/02/18 14:10:47 | 	at sun.reflect.DelegatingMethodAccessorImpl.invoke(Unknown Source)
INFO   | jvm 1    | 2019/02/18 14:10:47 | 	at java.lang.reflect.Method.invoke(Unknown Source)
INFO   | jvm 1    | 2019/02/18 14:10:47 | 	at org.tanukisoftware.wrapper.WrapperSimpleApp.run(WrapperSimpleApp.java:240)
INFO   | jvm 1    | 2019/02/18 14:10:47 | 	at java.lang.Thread.run(Unknown Source)
STATUS | wrapper  | 2019/02/18 14:10:50 | <-- Wrapper Stopped
STATUS | wrapper  | 2019/02/18 14:28:14 | --> Wrapper Started as Console
STATUS | wrapper  | 2019/02/18 14:28:14 | Launching a JVM...
INFO   | jvm 1    | 2019/02/18 14:28:19 | Wrapper (Version 3.2.3) http://wrapper.tanukisoftware.org
INFO   | jvm 1    | 2019/02/18 14:28:19 |   Copyright 1999-2006 Tanuki Software, Inc.  All Rights Reserved.
INFO   | jvm 1    | 2019/02/18 14:28:19 | 
INFO   | jvm 1    | 2019/02/18 14:28:19 | Java Runtime: Oracle Corporation 1.8.0_201 C:\Program Files\Java\jre1.8.0_201
INFO   | jvm 1    | 2019/02/18 14:28:19 |   Heap sizes: current=58880k  free=50274k  max=932352k
INFO   | jvm 1    | 2019/02/18 14:28:19 |     JVM args: -Dactivemq.home=../.. -Dactivemq.base=../.. -Djavax.net.ssl.keyStorePassword=password -Djavax.net.ssl.trustStorePassword=password -Djavax.net.ssl.keyStore=../../conf/broker.ks -Djavax.net.ssl.trustStore=../../conf/broker.ts -Dcom.sun.management.jmxremote -Dorg.apache.activemq.UseDedicatedTaskRunner=true -Djava.util.logging.config.file=logging.properties -Dactivemq.conf=../../conf -Dactivemq.data=../../data -Djava.security.auth.login.config=../../conf/login.config -Xmx1024m -Djava.library.path=../../bin/win64 -Dwrapper.key=1kq7ET4dWkq1KRzf -Dwrapper.port=32000 -Dwrapper.jvm.port.min=31000 -Dwrapper.jvm.port.max=31999 -Dwrapper.pid=776 -Dwrapper.version=3.2.3 -Dwrapper.native_library=wrapper -Dwrapper.cpu.timeout=10 -Dwrapper.jvmid=1
INFO   | jvm 1    | 2019/02/18 14:28:19 | Extensions classpath:
INFO   | jvm 1    | 2019/02/18 14:28:19 |   [..\..\lib,..\..\lib\camel,..\..\lib\optional,..\..\lib\web,..\..\lib\extra]
INFO   | jvm 1    | 2019/02/18 14:28:19 | ACTIVEMQ_HOME: ..\..
INFO   | jvm 1    | 2019/02/18 14:28:19 | ACTIVEMQ_BASE: ..\..
INFO   | jvm 1    | 2019/02/18 14:28:19 | ACTIVEMQ_CONF: ..\..\conf
INFO   | jvm 1    | 2019/02/18 14:28:19 | ACTIVEMQ_DATA: ..\..\data
INFO   | jvm 1    | 2019/02/18 14:28:24 | Loading message broker from: xbean:activemq.xml
INFO   | jvm 1    | 2019/02/18 14:28:24 |  INFO | Refreshing org.apache.activemq.xbean.XBeanBrokerFactory$1@c0a24c7: startup date [Mon Feb 18 14:28:24 CST 2019]; root of context hierarchy
INFO   | jvm 1    | 2019/02/18 14:28:25 |  INFO | Using Persistence Adapter: KahaDBPersistenceAdapter[C:\Users\jjj\Desktop\activemq\apache-activemq-5.15.8\bin\win64\..\..\data\kahadb]
INFO   | jvm 1    | 2019/02/18 14:28:25 |  INFO | KahaDB is version 6
INFO   | jvm 1    | 2019/02/18 14:28:25 |  INFO | PListStore:[C:\Users\jjj\Desktop\activemq\apache-activemq-5.15.8\bin\win64\..\..\data\localhost\tmp_storage] started
INFO   | jvm 1    | 2019/02/18 14:28:25 |  INFO | Apache ActiveMQ 5.15.8 (localhost, ID:DESKTOP-S8SP8AP-49940-1550471305723-0:1) is starting
INFO   | jvm 1    | 2019/02/18 14:28:26 |  INFO | Listening for connections at: tcp://DESKTOP-S8SP8AP:61616?maximumConnections=1000&wireFormat.maxFrameSize=104857600
INFO   | jvm 1    | 2019/02/18 14:28:26 |  INFO | Connector openwire started
INFO   | jvm 1    | 2019/02/18 14:28:26 |  INFO | Listening for connections at: amqp://DESKTOP-S8SP8AP:5672?maximumConnections=1000&wireFormat.maxFrameSize=104857600
INFO   | jvm 1    | 2019/02/18 14:28:26 |  INFO | Connector amqp started
INFO   | jvm 1    | 2019/02/18 14:28:26 |  INFO | Listening for connections at: stomp://DESKTOP-S8SP8AP:61613?maximumConnections=1000&wireFormat.maxFrameSize=104857600
INFO   | jvm 1    | 2019/02/18 14:28:26 |  INFO | Connector stomp started
INFO   | jvm 1    | 2019/02/18 14:28:26 |  INFO | Listening for connections at: mqtt://DESKTOP-S8SP8AP:1883?maximumConnections=1000&wireFormat.maxFrameSize=104857600
INFO   | jvm 1    | 2019/02/18 14:28:26 |  INFO | Connector mqtt started
INFO   | jvm 1    | 2019/02/18 14:28:26 |  INFO | Starting Jetty server
INFO   | jvm 1    | 2019/02/18 14:28:26 |  INFO | Creating Jetty connector
INFO   | jvm 1    | 2019/02/18 14:28:26 |  WARN | ServletContext@o.e.j.s.ServletContextHandler@7e887200{/,null,STARTING} has uncovered http methods for path: /
INFO   | jvm 1    | 2019/02/18 14:28:26 |  INFO | Listening for connections at ws://DESKTOP-S8SP8AP:61614?maximumConnections=1000&wireFormat.maxFrameSize=104857600
INFO   | jvm 1    | 2019/02/18 14:28:26 |  INFO | Connector ws started
INFO   | jvm 1    | 2019/02/18 14:28:26 |  INFO | Apache ActiveMQ 5.15.8 (localhost, ID:DESKTOP-S8SP8AP-49940-1550471305723-0:1) started
INFO   | jvm 1    | 2019/02/18 14:28:26 |  INFO | For help or more information please see: http://activemq.apache.org
INFO   | jvm 1    | 2019/02/18 14:28:26 |  WARN | Store limit is 102400 mb (current store usage is 0 mb). The data directory: C:\Users\jjj\Desktop\activemq\apache-activemq-5.15.8\bin\win64\..\..\data\kahadb only has 17126 mb of usable space. - resetting to maximum available disk space: 17126 mb
INFO   | jvm 1    | 2019/02/18 14:28:26 |  WARN | Temporary Store limit is 51200 mb (current store usage is 0 mb). The data directory: C:\Users\jjj\Desktop\activemq\apache-activemq-5.15.8\bin\win64\..\..\data only has 17126 mb of usable space. - resetting to maximum available disk space: 17126 mb
INFO   | jvm 1    | 2019/02/18 14:28:28 |  INFO | No Spring WebApplicationInitializer types detected on classpath
INFO   | jvm 1    | 2019/02/18 14:28:30 |  INFO | ActiveMQ WebConsole available at http://0.0.0.0:8161/
INFO   | jvm 1    | 2019/02/18 14:28:30 |  INFO | ActiveMQ Jolokia REST API available at http://0.0.0.0:8161/api/jolokia/
INFO   | jvm 1    | 2019/02/18 14:28:30 |  INFO | Initializing Spring FrameworkServlet 'dispatcher'
INFO   | jvm 1    | 2019/02/18 14:28:30 |  INFO | No Spring WebApplicationInitializer types detected on classpath
INFO   | jvm 1    | 2019/02/18 14:28:30 |  INFO | jolokia-agent: Using policy access restrictor classpath:/jolokia-access.xml
STATUS | wrapper  | 2019/02/18 15:20:05 | --> Wrapper Started as Console
STATUS | wrapper  | 2019/02/18 15:20:06 | Launching a JVM...
INFO   | jvm 1    | 2019/02/18 15:20:10 | Wrapper (Version 3.2.3) http://wrapper.tanukisoftware.org
INFO   | jvm 1    | 2019/02/18 15:20:10 |   Copyright 1999-2006 Tanuki Software, Inc.  All Rights Reserved.
INFO   | jvm 1    | 2019/02/18 15:20:10 | 
INFO   | jvm 1    | 2019/02/18 15:20:10 | Java Runtime: Oracle Corporation 1.8.0_201 C:\Program Files\Java\jre1.8.0_201
INFO   | jvm 1    | 2019/02/18 15:20:10 |   Heap sizes: current=58880k  free=50274k  max=932352k
INFO   | jvm 1    | 2019/02/18 15:20:10 |     JVM args: -Dactivemq.home=../.. -Dactivemq.base=../.. -Djavax.net.ssl.keyStorePassword=password -Djavax.net.ssl.trustStorePassword=password -Djavax.net.ssl.keyStore=../../conf/broker.ks -Djavax.net.ssl.trustStore=../../conf/broker.ts -Dcom.sun.management.jmxremote -Dorg.apache.activemq.UseDedicatedTaskRunner=true -Djava.util.logging.config.file=logging.properties -Dactivemq.conf=../../conf -Dactivemq.data=../../data -Djava.security.auth.login.config=../../conf/login.config -Xmx1024m -Djava.library.path=../../bin/win64 -Dwrapper.key=XbhhN72oMA6JMQzC -Dwrapper.port=32000 -Dwrapper.jvm.port.min=31000 -Dwrapper.jvm.port.max=31999 -Dwrapper.pid=7924 -Dwrapper.version=3.2.3 -Dwrapper.native_library=wrapper -Dwrapper.cpu.timeout=10 -Dwrapper.jvmid=1
INFO   | jvm 1    | 2019/02/18 15:20:10 | Extensions classpath:
INFO   | jvm 1    | 2019/02/18 15:20:10 |   [..\..\lib,..\..\lib\camel,..\..\lib\optional,..\..\lib\web,..\..\lib\extra]
INFO   | jvm 1    | 2019/02/18 15:20:10 | ACTIVEMQ_HOME: ..\..
INFO   | jvm 1    | 2019/02/18 15:20:10 | ACTIVEMQ_BASE: ..\..
INFO   | jvm 1    | 2019/02/18 15:20:10 | ACTIVEMQ_CONF: ..\..\conf
INFO   | jvm 1    | 2019/02/18 15:20:10 | ACTIVEMQ_DATA: ..\..\data
INFO   | jvm 1    | 2019/02/18 15:20:29 | Loading message broker from: xbean:activemq.xml
INFO   | wrapper  | 2019/02/18 15:20:56 | Wrapper Process has not received any CPU time for 26 seconds.  Extending timeouts.
INFO   | jvm 1    | 2019/02/18 15:20:56 |  INFO | Refreshing org.apache.activemq.xbean.XBeanBrokerFactory$1@3b82ea76: startup date [Mon Feb 18 15:20:29 CST 2019]; root of context hierarchy
INFO   | jvm 1    | 2019/02/18 15:20:56 |  INFO | Using Persistence Adapter: KahaDBPersistenceAdapter[C:\Users\jjj\Desktop\activemq\apache-activemq-5.15.8\bin\win64\..\..\data\kahadb]
INFO   | jvm 1    | 2019/02/18 15:20:56 |  INFO | Page File: ..\..\data\kahadb\db.data. Recovering pageFile free list due to prior unclean shutdown..
INFO   | jvm 1    | 2019/02/18 15:20:56 |  INFO | KahaDB is version 6
INFO   | jvm 1    | 2019/02/18 15:20:56 |  INFO | Page File: ..\..\data\kahadb\db.data. Recovered pageFile free list of size: 0
INFO   | jvm 1    | 2019/02/18 15:20:56 |  INFO | PListStore:[C:\Users\jjj\Desktop\activemq\apache-activemq-5.15.8\bin\win64\..\..\data\localhost\tmp_storage] started
INFO   | jvm 1    | 2019/02/18 15:20:56 |  INFO | Apache ActiveMQ 5.15.8 (localhost, ID:DESKTOP-S8SP8AP-51181-1550474433657-0:1) is starting
INFO   | jvm 1    | 2019/02/18 15:20:56 |  INFO | Listening for connections at: tcp://DESKTOP-S8SP8AP:61616?maximumConnections=1000&wireFormat.maxFrameSize=104857600
INFO   | jvm 1    | 2019/02/18 15:20:56 |  INFO | Connector openwire started
INFO   | jvm 1    | 2019/02/18 15:20:56 |  INFO | Listening for connections at: amqp://DESKTOP-S8SP8AP:5672?maximumConnections=1000&wireFormat.maxFrameSize=104857600
INFO   | jvm 1    | 2019/02/18 15:20:56 |  INFO | Connector amqp started
INFO   | jvm 1    | 2019/02/18 15:20:56 |  INFO | Listening for connections at: stomp://DESKTOP-S8SP8AP:61613?maximumConnections=1000&wireFormat.maxFrameSize=104857600
INFO   | jvm 1    | 2019/02/18 15:20:56 |  INFO | Connector stomp started
INFO   | jvm 1    | 2019/02/18 15:20:56 |  INFO | Listening for connections at: mqtt://DESKTOP-S8SP8AP:1883?maximumConnections=1000&wireFormat.maxFrameSize=104857600
INFO   | jvm 1    | 2019/02/18 15:20:56 |  INFO | Connector mqtt started
INFO   | jvm 1    | 2019/02/18 15:20:56 |  INFO | Starting Jetty server
INFO   | jvm 1    | 2019/02/18 15:20:56 |  INFO | Creating Jetty connector
INFO   | jvm 1    | 2019/02/18 15:20:56 |  WARN | ServletContext@o.e.j.s.ServletContextHandler@49442384{/,null,STARTING} has uncovered http methods for path: /
INFO   | jvm 1    | 2019/02/18 15:20:56 |  INFO | Listening for connections at ws://DESKTOP-S8SP8AP:61614?maximumConnections=1000&wireFormat.maxFrameSize=104857600
INFO   | jvm 1    | 2019/02/18 15:20:56 |  INFO | Connector ws started
INFO   | jvm 1    | 2019/02/18 15:20:56 |  INFO | Apache ActiveMQ 5.15.8 (localhost, ID:DESKTOP-S8SP8AP-51181-1550474433657-0:1) started
INFO   | jvm 1    | 2019/02/18 15:20:56 |  INFO | For help or more information please see: http://activemq.apache.org
INFO   | jvm 1    | 2019/02/18 15:20:56 |  WARN | Store limit is 102400 mb (current store usage is 0 mb). The data directory: C:\Users\jjj\Desktop\activemq\apache-activemq-5.15.8\bin\win64\..\..\data\kahadb only has 12835 mb of usable space. - resetting to maximum available disk space: 12835 mb
INFO   | jvm 1    | 2019/02/18 15:20:56 |  WARN | Temporary Store limit is 51200 mb (current store usage is 0 mb). The data directory: C:\Users\jjj\Desktop\activemq\apache-activemq-5.15.8\bin\win64\..\..\data only has 12835 mb of usable space. - resetting to maximum available disk space: 12835 mb
INFO   | jvm 1    | 2019/02/18 15:20:56 |  INFO | No Spring WebApplicationInitializer types detected on classpath
INFO   | jvm 1    | 2019/02/18 15:20:56 |  INFO | ActiveMQ WebConsole available at http://0.0.0.0:8161/
INFO   | jvm 1    | 2019/02/18 15:20:56 |  INFO | ActiveMQ Jolokia REST API available at http://0.0.0.0:8161/api/jolokia/
INFO   | jvm 1    | 2019/02/18 15:20:56 |  INFO | Initializing Spring FrameworkServlet 'dispatcher'
INFO   | jvm 1    | 2019/02/18 15:20:56 |  INFO | No Spring WebApplicationInitializer types detected on classpath
INFO   | jvm 1    | 2019/02/18 15:20:56 |  INFO | jolokia-agent: Using policy access restrictor classpath:/jolokia-access.xml
INFO   | jvm 1    | 2019/02/18 15:49:11 |  WARN | Transport Connection to: tcp://127.0.0.1:51304 failed: java.net.SocketException: Connection reset
INFO   | jvm 1    | 2019/02/18 15:49:14 |  WARN | Transport Connection to: tcp://127.0.0.1:51305 failed: java.net.SocketException: Connection reset
INFO   | jvm 1    | 2019/02/18 15:53:36 |  WARN | Transport Connection to: tcp://127.0.0.1:52675 failed: java.io.EOFException
STATUS | wrapper  | 2019/02/20 20:04:00 | --> Wrapper Started as Console
STATUS | wrapper  | 2019/02/20 20:04:01 | Launching a JVM...
INFO   | jvm 1    | 2019/02/20 20:04:16 | Wrapper (Version 3.2.3) http://wrapper.tanukisoftware.org
INFO   | jvm 1    | 2019/02/20 20:04:16 |   Copyright 1999-2006 Tanuki Software, Inc.  All Rights Reserved.
INFO   | jvm 1    | 2019/02/20 20:04:16 | 
INFO   | jvm 1    | 2019/02/20 20:04:16 | Java Runtime: Oracle Corporation 1.8.0_201 C:\Program Files\Java\jre1.8.0_201
INFO   | jvm 1    | 2019/02/20 20:04:16 |   Heap sizes: current=58880k  free=50275k  max=932352k
INFO   | jvm 1    | 2019/02/20 20:04:16 |     JVM args: -Dactivemq.home=../.. -Dactivemq.base=../.. -Djavax.net.ssl.keyStorePassword=password -Djavax.net.ssl.trustStorePassword=password -Djavax.net.ssl.keyStore=../../conf/broker.ks -Djavax.net.ssl.trustStore=../../conf/broker.ts -Dcom.sun.management.jmxremote -Dorg.apache.activemq.UseDedicatedTaskRunner=true -Djava.util.logging.config.file=logging.properties -Dactivemq.conf=../../conf -Dactivemq.data=../../data -Djava.security.auth.login.config=../../conf/login.config -Xmx1024m -Djava.library.path=../../bin/win64 -Dwrapper.key=L7cRhVw5ft0o3JYc -Dwrapper.port=32000 -Dwrapper.jvm.port.min=31000 -Dwrapper.jvm.port.max=31999 -Dwrapper.pid=11532 -Dwrapper.version=3.2.3 -Dwrapper.native_library=wrapper -Dwrapper.cpu.timeout=10 -Dwrapper.jvmid=1
INFO   | jvm 1    | 2019/02/20 20:04:16 | Extensions classpath:
INFO   | jvm 1    | 2019/02/20 20:04:16 |   [..\..\lib,..\..\lib\camel,..\..\lib\optional,..\..\lib\web,..\..\lib\extra]
INFO   | jvm 1    | 2019/02/20 20:04:16 | ACTIVEMQ_HOME: ..\..
INFO   | jvm 1    | 2019/02/20 20:04:16 | ACTIVEMQ_BASE: ..\..
INFO   | jvm 1    | 2019/02/20 20:04:16 | ACTIVEMQ_CONF: ..\..\conf
INFO   | jvm 1    | 2019/02/20 20:04:16 | ACTIVEMQ_DATA: ..\..\data
INFO   | jvm 1    | 2019/02/20 20:04:40 | Loading message broker from: xbean:activemq.xml
INFO   | jvm 1    | 2019/02/20 20:04:40 |  INFO | Refreshing org.apache.activemq.xbean.XBeanBrokerFactory$1@45aa161d: startup date [Wed Feb 20 20:04:40 CST 2019]; root of context hierarchy
INFO   | jvm 1    | 2019/02/20 20:04:43 |  INFO | Using Persistence Adapter: KahaDBPersistenceAdapter[C:\Users\jjj\Desktop\activemq\apache-activemq-5.15.8\bin\win64\..\..\data\kahadb]
INFO   | jvm 1    | 2019/02/20 20:04:43 |  INFO | Page File: ..\..\data\kahadb\db.data. Recovering pageFile free list due to prior unclean shutdown..
INFO   | jvm 1    | 2019/02/20 20:04:43 |  INFO | KahaDB is version 6
INFO   | jvm 1    | 2019/02/20 20:04:43 |  INFO | Page File: ..\..\data\kahadb\db.data. Recovered pageFile free list of size: 0
INFO   | jvm 1    | 2019/02/20 20:04:43 |  INFO | PListStore:[C:\Users\jjj\Desktop\activemq\apache-activemq-5.15.8\bin\win64\..\..\data\localhost\tmp_storage] started
INFO   | jvm 1    | 2019/02/20 20:04:44 |  INFO | Apache ActiveMQ 5.15.8 (localhost, ID:DESKTOP-S8SP8AP-62040-1550664283985-0:1) is starting
INFO   | jvm 1    | 2019/02/20 20:04:44 |  INFO | Listening for connections at: tcp://DESKTOP-S8SP8AP:61616?maximumConnections=1000&wireFormat.maxFrameSize=104857600
INFO   | jvm 1    | 2019/02/20 20:04:44 |  INFO | Connector openwire started
INFO   | jvm 1    | 2019/02/20 20:04:44 |  INFO | Listening for connections at: amqp://DESKTOP-S8SP8AP:5672?maximumConnections=1000&wireFormat.maxFrameSize=104857600
INFO   | jvm 1    | 2019/02/20 20:04:44 |  INFO | Connector amqp started
INFO   | jvm 1    | 2019/02/20 20:04:44 |  INFO | Listening for connections at: stomp://DESKTOP-S8SP8AP:61613?maximumConnections=1000&wireFormat.maxFrameSize=104857600
INFO   | jvm 1    | 2019/02/20 20:04:44 |  INFO | Connector stomp started
INFO   | jvm 1    | 2019/02/20 20:04:44 |  INFO | Listening for connections at: mqtt://DESKTOP-S8SP8AP:1883?maximumConnections=1000&wireFormat.maxFrameSize=104857600
INFO   | jvm 1    | 2019/02/20 20:04:44 |  INFO | Connector mqtt started
INFO   | jvm 1    | 2019/02/20 20:04:44 |  INFO | Starting Jetty server
INFO   | jvm 1    | 2019/02/20 20:04:44 |  INFO | Creating Jetty connector
INFO   | jvm 1    | 2019/02/20 20:04:44 |  WARN | ServletContext@o.e.j.s.ServletContextHandler@6d0570e6{/,null,STARTING} has uncovered http methods for path: /
INFO   | jvm 1    | 2019/02/20 20:04:44 |  INFO | Listening for connections at ws://DESKTOP-S8SP8AP:61614?maximumConnections=1000&wireFormat.maxFrameSize=104857600
INFO   | jvm 1    | 2019/02/20 20:04:44 |  INFO | Connector ws started
INFO   | jvm 1    | 2019/02/20 20:04:44 |  INFO | Apache ActiveMQ 5.15.8 (localhost, ID:DESKTOP-S8SP8AP-62040-1550664283985-0:1) started
INFO   | jvm 1    | 2019/02/20 20:04:44 |  INFO | For help or more information please see: http://activemq.apache.org
INFO   | jvm 1    | 2019/02/20 20:04:44 |  WARN | Store limit is 102400 mb (current store usage is 1 mb). The data directory: C:\Users\jjj\Desktop\activemq\apache-activemq-5.15.8\bin\win64\..\..\data\kahadb only has 17035 mb of usable space. - resetting to maximum available disk space: 17035 mb
INFO   | jvm 1    | 2019/02/20 20:04:44 |  WARN | Temporary Store limit is 51200 mb (current store usage is 0 mb). The data directory: C:\Users\jjj\Desktop\activemq\apache-activemq-5.15.8\bin\win64\..\..\data only has 17034 mb of usable space. - resetting to maximum available disk space: 17034 mb
INFO   | jvm 1    | 2019/02/20 20:04:46 |  INFO | No Spring WebApplicationInitializer types detected on classpath
INFO   | jvm 1    | 2019/02/20 20:04:48 |  INFO | ActiveMQ WebConsole available at http://0.0.0.0:8161/
INFO   | jvm 1    | 2019/02/20 20:04:48 |  INFO | ActiveMQ Jolokia REST API available at http://0.0.0.0:8161/api/jolokia/
INFO   | jvm 1    | 2019/02/20 20:04:48 |  INFO | Initializing Spring FrameworkServlet 'dispatcher'
INFO   | jvm 1    | 2019/02/20 20:04:49 |  INFO | No Spring WebApplicationInitializer types detected on classpath
INFO   | jvm 1    | 2019/02/20 20:04:49 |  INFO | jolokia-agent: Using policy access restrictor classpath:/jolokia-access.xml
STATUS | wrapper  | 2019/02/21 08:44:41 | --> Wrapper Started as Console
STATUS | wrapper  | 2019/02/21 08:44:42 | Launching a JVM...
INFO   | jvm 1    | 2019/02/21 08:44:45 | Wrapper (Version 3.2.3) http://wrapper.tanukisoftware.org
INFO   | jvm 1    | 2019/02/21 08:44:45 |   Copyright 1999-2006 Tanuki Software, Inc.  All Rights Reserved.
INFO   | jvm 1    | 2019/02/21 08:44:45 | 
INFO   | jvm 1    | 2019/02/21 08:44:45 | Java Runtime: Oracle Corporation 1.8.0_201 C:\Program Files\Java\jre1.8.0_201
INFO   | jvm 1    | 2019/02/21 08:44:45 |   Heap sizes: current=58880k  free=50501k  max=932352k
INFO   | jvm 1    | 2019/02/21 08:44:45 |     JVM args: -Dactivemq.home=../.. -Dactivemq.base=../.. -Djavax.net.ssl.keyStorePassword=password -Djavax.net.ssl.trustStorePassword=password -Djavax.net.ssl.keyStore=../../conf/broker.ks -Djavax.net.ssl.trustStore=../../conf/broker.ts -Dcom.sun.management.jmxremote -Dorg.apache.activemq.UseDedicatedTaskRunner=true -Djava.util.logging.config.file=logging.properties -Dactivemq.conf=../../conf -Dactivemq.data=../../data -Djava.security.auth.login.config=../../conf/login.config -Xmx1024m -Djava.library.path=../../bin/win64 -Dwrapper.key=gK7gpAYo2JGBM7QA -Dwrapper.port=32000 -Dwrapper.jvm.port.min=31000 -Dwrapper.jvm.port.max=31999 -Dwrapper.pid=4224 -Dwrapper.version=3.2.3 -Dwrapper.native_library=wrapper -Dwrapper.cpu.timeout=10 -Dwrapper.jvmid=1
INFO   | jvm 1    | 2019/02/21 08:44:45 | Extensions classpath:
INFO   | jvm 1    | 2019/02/21 08:44:45 |   [..\..\lib,..\..\lib\camel,..\..\lib\optional,..\..\lib\web,..\..\lib\extra]
INFO   | jvm 1    | 2019/02/21 08:44:45 | ACTIVEMQ_HOME: ..\..
INFO   | jvm 1    | 2019/02/21 08:44:45 | ACTIVEMQ_BASE: ..\..
INFO   | jvm 1    | 2019/02/21 08:44:45 | ACTIVEMQ_CONF: ..\..\conf
INFO   | jvm 1    | 2019/02/21 08:44:45 | ACTIVEMQ_DATA: ..\..\data
INFO   | jvm 1    | 2019/02/21 08:45:09 | Loading message broker from: xbean:activemq.xml
INFO   | jvm 1    | 2019/02/21 08:45:09 |  INFO | Refreshing org.apache.activemq.xbean.XBeanBrokerFactory$1@c0a24c7: startup date [Thu Feb 21 08:45:09 CST 2019]; root of context hierarchy
INFO   | jvm 1    | 2019/02/21 08:45:13 |  INFO | Using Persistence Adapter: KahaDBPersistenceAdapter[C:\Users\jjj\Desktop\activemq\apache-activemq-5.15.8\bin\win64\..\..\data\kahadb]
INFO   | jvm 1    | 2019/02/21 08:45:13 |  INFO | KahaDB is version 6
INFO   | jvm 1    | 2019/02/21 08:45:13 |  INFO | Page File: ..\..\data\kahadb\db.data. Recovering pageFile free list due to prior unclean shutdown..
INFO   | jvm 1    | 2019/02/21 08:45:13 |  INFO | Page File: ..\..\data\kahadb\db.data. Recovered pageFile free list of size: 0
INFO   | jvm 1    | 2019/02/21 08:45:14 |  INFO | PListStore:[C:\Users\jjj\Desktop\activemq\apache-activemq-5.15.8\bin\win64\..\..\data\localhost\tmp_storage] started
INFO   | jvm 1    | 2019/02/21 08:45:14 |  INFO | Apache ActiveMQ 5.15.8 (localhost, ID:DESKTOP-S8SP8AP-65119-1550709913989-0:1) is starting
INFO   | jvm 1    | 2019/02/21 08:45:14 |  INFO | Listening for connections at: tcp://DESKTOP-S8SP8AP:61616?maximumConnections=1000&wireFormat.maxFrameSize=104857600
INFO   | jvm 1    | 2019/02/21 08:45:14 |  INFO | Connector openwire started
INFO   | jvm 1    | 2019/02/21 08:45:14 |  INFO | Listening for connections at: amqp://DESKTOP-S8SP8AP:5672?maximumConnections=1000&wireFormat.maxFrameSize=104857600
INFO   | jvm 1    | 2019/02/21 08:45:14 |  INFO | Connector amqp started
INFO   | jvm 1    | 2019/02/21 08:45:14 |  INFO | Listening for connections at: stomp://DESKTOP-S8SP8AP:61613?maximumConnections=1000&wireFormat.maxFrameSize=104857600
INFO   | jvm 1    | 2019/02/21 08:45:14 |  INFO | Connector stomp started
INFO   | jvm 1    | 2019/02/21 08:45:14 |  INFO | Listening for connections at: mqtt://DESKTOP-S8SP8AP:1883?maximumConnections=1000&wireFormat.maxFrameSize=104857600
INFO   | jvm 1    | 2019/02/21 08:45:14 |  INFO | Connector mqtt started
INFO   | jvm 1    | 2019/02/21 08:45:14 |  INFO | Starting Jetty server
INFO   | jvm 1    | 2019/02/21 08:45:14 |  INFO | Creating Jetty connector
INFO   | jvm 1    | 2019/02/21 08:45:15 |  WARN | ServletContext@o.e.j.s.ServletContextHandler@df80a7d{/,null,STARTING} has uncovered http methods for path: /
INFO   | jvm 1    | 2019/02/21 08:45:15 |  INFO | Listening for connections at ws://DESKTOP-S8SP8AP:61614?maximumConnections=1000&wireFormat.maxFrameSize=104857600
INFO   | jvm 1    | 2019/02/21 08:45:15 |  INFO | Connector ws started
INFO   | jvm 1    | 2019/02/21 08:45:15 |  INFO | Apache ActiveMQ 5.15.8 (localhost, ID:DESKTOP-S8SP8AP-65119-1550709913989-0:1) started
INFO   | jvm 1    | 2019/02/21 08:45:15 |  INFO | For help or more information please see: http://activemq.apache.org
INFO   | jvm 1    | 2019/02/21 08:45:15 |  WARN | Store limit is 102400 mb (current store usage is 1 mb). The data directory: C:\Users\jjj\Desktop\activemq\apache-activemq-5.15.8\bin\win64\..\..\data\kahadb only has 16491 mb of usable space. - resetting to maximum available disk space: 16491 mb
INFO   | jvm 1    | 2019/02/21 08:45:15 |  WARN | Temporary Store limit is 51200 mb (current store usage is 0 mb). The data directory: C:\Users\jjj\Desktop\activemq\apache-activemq-5.15.8\bin\win64\..\..\data only has 16489 mb of usable space. - resetting to maximum available disk space: 16489 mb
INFO   | jvm 1    | 2019/02/21 08:45:16 |  INFO | No Spring WebApplicationInitializer types detected on classpath
INFO   | jvm 1    | 2019/02/21 08:45:17 |  INFO | ActiveMQ WebConsole available at http://0.0.0.0:8161/
INFO   | jvm 1    | 2019/02/21 08:45:17 |  INFO | ActiveMQ Jolokia REST API available at http://0.0.0.0:8161/api/jolokia/
INFO   | jvm 1    | 2019/02/21 08:45:18 |  INFO | Initializing Spring FrameworkServlet 'dispatcher'
INFO   | jvm 1    | 2019/02/21 08:45:18 |  INFO | No Spring WebApplicationInitializer types detected on classpath
INFO   | jvm 1    | 2019/02/21 08:45:18 |  INFO | jolokia-agent: Using policy access restrictor classpath:/jolokia-access.xml
INFO   | jvm 1    | 2019/02/21 09:09:15 |  WARN | Transport Connection to: tcp://127.0.0.1:49902 failed: java.net.SocketException: Software caused connection abort: recv failed
INFO   | jvm 1    | 2019/02/21 09:09:19 |  WARN | Transport Connection to: tcp://127.0.0.1:49960 failed: java.net.SocketException: Software caused connection abort: recv failed
INFO   | jvm 1    | 2019/02/21 09:09:19 |  WARN | Transport Connection to: tcp://127.0.0.1:49888 failed: java.net.SocketException: Software caused connection abort: recv failed
INFO   | jvm 1    | 2019/02/21 09:09:19 |  WARN | Transport Connection to: tcp://127.0.0.1:49864 failed: java.net.SocketException: Software caused connection abort: recv failed
INFO   | jvm 1    | 2019/02/21 09:09:19 |  WARN | Transport Connection to: tcp://127.0.0.1:49932 failed: java.net.SocketException: Software caused connection abort: recv failed
INFO   | jvm 1    | 2019/02/21 09:09:19 |  WARN | Transport Connection to: tcp://127.0.0.1:49976 failed: java.net.SocketException: Software caused connection abort: recv failed
INFO   | jvm 1    | 2019/02/21 09:09:19 |  WARN | Transport Connection to: tcp://127.0.0.1:49964 failed: java.net.SocketException: Software caused connection abort: recv failed
INFO   | jvm 1    | 2019/02/21 09:09:19 |  WARN | Transport Connection to: tcp://127.0.0.1:49933 failed: java.net.SocketException: Software caused connection abort: recv failed
INFO   | jvm 1    | 2019/02/21 09:09:19 |  WARN | Transport Connection to: tcp://127.0.0.1:49865 failed: java.net.SocketException: Software caused connection abort: recv failed
INFO   | jvm 1    | 2019/02/21 09:09:20 |  WARN | Transport Connection to: tcp://127.0.0.1:49925 failed: java.net.SocketException: Software caused connection abort: recv failed
INFO   | jvm 1    | 2019/02/21 09:09:21 |  WARN | Transport Connection to: tcp://127.0.0.1:49975 failed: java.net.SocketException: Software caused connection abort: recv failed
INFO   | jvm 1    | 2019/02/21 09:09:21 |  WARN | Transport Connection to: tcp://127.0.0.1:49974 failed: java.net.SocketException: Software caused connection abort: recv failed
INFO   | jvm 1    | 2019/02/21 09:09:22 |  WARN | Transport Connection to: tcp://127.0.0.1:49926 failed: java.net.SocketException: Software caused connection abort: recv failed
INFO   | jvm 1    | 2019/02/21 09:09:23 |  WARN | Transport Connection to: tcp://127.0.0.1:49965 failed: java.net.SocketException: Software caused connection abort: recv failed
INFO   | jvm 1    | 2019/02/21 09:09:23 |  WARN | Transport Connection to: tcp://127.0.0.1:49977 failed: java.net.SocketException: Software caused connection abort: recv failed
INFO   | jvm 1    | 2019/02/21 09:09:24 |  WARN | Transport Connection to: tcp://127.0.0.1:49889 failed: java.net.SocketException: Software caused connection abort: recv failed
INFO   | jvm 1    | 2019/02/21 09:09:24 |  WARN | Transport Connection to: tcp://127.0.0.1:49935 failed: java.net.SocketException: Software caused connection abort: recv failed
INFO   | jvm 1    | 2019/02/21 09:09:24 |  WARN | Transport Connection to: tcp://127.0.0.1:49903 failed: java.net.SocketException: Software caused connection abort: recv failed
INFO   | jvm 1    | 2019/02/21 09:09:24 |  WARN | Transport Connection to: tcp://127.0.0.1:49936 failed: java.net.SocketException: Software caused connection abort: recv failed
INFO   | jvm 1    | 2019/02/21 09:09:24 |  WARN | Transport Connection to: tcp://127.0.0.1:49934 failed: java.net.SocketException: Software caused connection abort: recv failed
INFO   | jvm 1    | 2019/02/21 09:09:25 |  WARN | Transport Connection to: tcp://127.0.0.1:49931 failed: java.net.SocketException: Software caused connection abort: recv failed
INFO   | jvm 1    | 2019/02/21 09:09:25 |  WARN | Transport Connection to: tcp://127.0.0.1:49961 failed: java.net.SocketException: Software caused connection abort: recv failed
INFO   | jvm 1    | 2019/02/21 11:01:30 |  WARN | Transport Connection to: tcp://127.0.0.1:55317 failed: java.net.SocketException: Connection reset
INFO   | jvm 1    | 2019/02/21 11:01:32 |  WARN | Transport Connection to: tcp://127.0.0.1:54670 failed: java.net.SocketException: Connection reset
INFO   | jvm 1    | 2019/02/21 11:01:32 |  WARN | Transport Connection to: tcp://127.0.0.1:54609 failed: java.net.SocketException: Connection reset
INFO   | jvm 1    | 2019/02/21 11:01:32 |  WARN | Transport Connection to: tcp://127.0.0.1:54611 failed: java.net.SocketException: Connection reset
INFO   | jvm 1    | 2019/02/21 11:01:32 |  WARN | Transport Connection to: tcp://127.0.0.1:54615 failed: java.net.SocketException: Connection reset
INFO   | jvm 1    | 2019/02/21 11:01:32 |  WARN | Transport Connection to: tcp://127.0.0.1:54612 failed: java.net.SocketException: Connection reset
INFO   | jvm 1    | 2019/02/21 11:01:32 |  WARN | Transport Connection to: tcp://127.0.0.1:55198 failed: java.net.SocketException: Connection reset
INFO   | jvm 1    | 2019/02/21 11:01:32 |  WARN | Transport Connection to: tcp://127.0.0.1:54616 failed: java.net.SocketException: Connection reset
INFO   | jvm 1    | 2019/02/21 11:01:32 |  WARN | Transport Connection to: tcp://127.0.0.1:54669 failed: java.net.SocketException: Connection reset
INFO   | jvm 1    | 2019/02/21 11:01:32 |  WARN | Transport Connection to: tcp://127.0.0.1:54663 failed: java.net.SocketException: Connection reset
INFO   | jvm 1    | 2019/02/21 11:01:32 |  WARN | Transport Connection to: tcp://127.0.0.1:54662 failed: java.net.SocketException: Connection reset
INFO   | jvm 1    | 2019/02/21 11:01:33 |  WARN | Transport Connection to: tcp://127.0.0.1:55195 failed: java.net.SocketException: Connection reset
INFO   | jvm 1    | 2019/02/21 11:01:33 |  WARN | Transport Connection to: tcp://127.0.0.1:55315 failed: java.net.SocketException: Connection reset
